{"meta": {"format": 3, "version": "7.10.1", "timestamp": "2025-11-28T00:10:00.713766", "branch_coverage": false, "show_contexts": false}, "files": {"src\\fastapi_easy\\__init__.py": {"executed_lines": [1, 8, 9, 10, 12, 13, 14, 15, 16, 18], "summary": {"covered_lines": 9, "num_statements": 9, "percent_covered": 100.0, "percent_covered_display": "100", "missing_lines": 0, "excluded_lines": 0}, "missing_lines": [], "excluded_lines": [], "functions": {"": {"executed_lines": [1, 8, 9, 10, 12, 13, 14, 15, 16, 18], "summary": {"covered_lines": 9, "num_statements": 9, "percent_covered": 100.0, "percent_covered_display": "100", "missing_lines": 0, "excluded_lines": 0}, "missing_lines": [], "excluded_lines": []}}, "classes": {"": {"executed_lines": [1, 8, 9, 10, 12, 13, 14, 15, 16, 18], "summary": {"covered_lines": 9, "num_statements": 9, "percent_covered": 100.0, "percent_covered_display": "100", "missing_lines": 0, "excluded_lines": 0}, "missing_lines": [], "excluded_lines": []}}}, "src\\fastapi_easy\\backends\\__init__.py": {"executed_lines": [1, 3, 4, 7, 10, 11, 13, 14, 17, 18, 19, 24, 25, 26, 30], "summary": {"covered_lines": 14, "num_statements": 19, "percent_covered": 73.6842105263158, "percent_covered_display": "74", "missing_lines": 5, "excluded_lines": 0}, "missing_lines": [12, 20, 21, 27, 28], "excluded_lines": [], "functions": {"": {"executed_lines": [1, 3, 4, 7, 10, 11, 13, 14, 17, 18, 19, 24, 25, 26, 30], "summary": {"covered_lines": 14, "num_statements": 19, "percent_covered": 73.6842105263158, "percent_covered_display": "74", "missing_lines": 5, "excluded_lines": 0}, "missing_lines": [12, 20, 21, 27, 28], "excluded_lines": []}}, "classes": {"": {"executed_lines": [1, 3, 4, 7, 10, 11, 13, 14, 17, 18, 19, 24, 25, 26, 30], "summary": {"covered_lines": 14, "num_statements": 19, "percent_covered": 73.6842105263158, "percent_covered_display": "74", "missing_lines": 5, "excluded_lines": 0}, "missing_lines": [12, 20, 21, 27, 28], "excluded_lines": []}}}, "src\\fastapi_easy\\backends\\base.py": {"executed_lines": [1, 3, 4, 7, 8, 13, 20, 21, 23, 30, 32, 34, 36, 38, 40, 42, 44, 46, 48, 50, 52, 54], "summary": {"covered_lines": 20, "num_statements": 20, "percent_covered": 100.0, "percent_covered_display": "100", "missing_lines": 0, "excluded_lines": 0}, "missing_lines": [], "excluded_lines": [], "functions": {"BaseORMAdapter.__init__": {"executed_lines": [20, 21], "summary": {"covered_lines": 2, "num_statements": 2, "percent_covered": 100.0, "percent_covered_display": "100", "missing_lines": 0, "excluded_lines": 0}, "missing_lines": [], "excluded_lines": []}, "BaseORMAdapter.get_all": {"executed_lines": [30], "summary": {"covered_lines": 1, "num_statements": 1, "percent_covered": 100.0, "percent_covered_display": "100", "missing_lines": 0, "excluded_lines": 0}, "missing_lines": [], "excluded_lines": []}, "BaseORMAdapter.get_one": {"executed_lines": [34], "summary": {"covered_lines": 1, "num_statements": 1, "percent_covered": 100.0, "percent_covered_display": "100", "missing_lines": 0, "excluded_lines": 0}, "missing_lines": [], "excluded_lines": []}, "BaseORMAdapter.create": {"executed_lines": [38], "summary": {"covered_lines": 1, "num_statements": 1, "percent_covered": 100.0, "percent_covered_display": "100", "missing_lines": 0, "excluded_lines": 0}, "missing_lines": [], "excluded_lines": []}, "BaseORMAdapter.update": {"executed_lines": [42], "summary": {"covered_lines": 1, "num_statements": 1, "percent_covered": 100.0, "percent_covered_display": "100", "missing_lines": 0, "excluded_lines": 0}, "missing_lines": [], "excluded_lines": []}, "BaseORMAdapter.delete_one": {"executed_lines": [46], "summary": {"covered_lines": 1, "num_statements": 1, "percent_covered": 100.0, "percent_covered_display": "100", "missing_lines": 0, "excluded_lines": 0}, "missing_lines": [], "excluded_lines": []}, "BaseORMAdapter.delete_all": {"executed_lines": [50], "summary": {"covered_lines": 1, "num_statements": 1, "percent_covered": 100.0, "percent_covered_display": "100", "missing_lines": 0, "excluded_lines": 0}, "missing_lines": [], "excluded_lines": []}, "BaseORMAdapter.count": {"executed_lines": [54], "summary": {"covered_lines": 1, "num_statements": 1, "percent_covered": 100.0, "percent_covered_display": "100", "missing_lines": 0, "excluded_lines": 0}, "missing_lines": [], "excluded_lines": []}, "": {"executed_lines": [1, 3, 4, 7, 8, 13, 23, 32, 36, 40, 44, 48, 52], "summary": {"covered_lines": 11, "num_statements": 11, "percent_covered": 100.0, "percent_covered_display": "100", "missing_lines": 0, "excluded_lines": 0}, "missing_lines": [], "excluded_lines": []}}, "classes": {"BaseORMAdapter": {"executed_lines": [20, 21, 30, 34, 38, 42, 46, 50, 54], "summary": {"covered_lines": 9, "num_statements": 9, "percent_covered": 100.0, "percent_covered_display": "100", "missing_lines": 0, "excluded_lines": 0}, "missing_lines": [], "excluded_lines": []}, "": {"executed_lines": [1, 3, 4, 7, 8, 13, 23, 32, 36, 40, 44, 48, 52], "summary": {"covered_lines": 11, "num_statements": 11, "percent_covered": 100.0, "percent_covered_display": "100", "missing_lines": 0, "excluded_lines": 0}, "missing_lines": [], "excluded_lines": []}}}, "src\\fastapi_easy\\backends\\mongo.py": {"executed_lines": [1, 3, 4, 5, 7, 8, 10, 11, 12, 13, 16, 17, 23, 25, 38, 39, 41, 43, 48, 49, 51, 60, 62, 63, 66, 67, 70, 71, 73, 74, 75, 77, 78, 79, 81, 83, 85, 86, 87, 88, 89, 93, 95, 102, 103, 105, 108, 109, 110, 111, 112, 113, 116, 117, 118, 120, 124, 133, 135, 138, 146, 148, 149, 151, 152, 162, 164, 166, 169, 174, 177, 187, 189, 190, 191, 194, 195, 203, 226, 228, 229, 230], "summary": {"covered_lines": 80, "num_statements": 115, "percent_covered": 69.56521739130434, "percent_covered_display": "70", "missing_lines": 35, "excluded_lines": 0}, "missing_lines": [9, 40, 64, 68, 76, 80, 82, 84, 90, 91, 126, 127, 139, 140, 153, 154, 155, 156, 167, 175, 178, 179, 180, 181, 192, 196, 197, 205, 215, 217, 218, 219, 220, 231, 232], "excluded_lines": [], "functions": {"MongoAdapter.__init__": {"executed_lines": [38, 39, 41, 43, 48, 49], "summary": {"covered_lines": 6, "num_statements": 7, "percent_covered": 85.71428571428571, "percent_covered_display": "86", "missing_lines": 1, "excluded_lines": 0}, "missing_lines": [40], "excluded_lines": []}, "MongoAdapter._apply_filters": {"executed_lines": [60, 62, 63, 66, 67, 70, 71, 73, 74, 75, 77, 78, 79, 81, 83, 85, 86, 87, 88, 89, 93], "summary": {"covered_lines": 21, "num_statements": 29, "percent_covered": 72.41379310344827, "percent_covered_display": "72", "missing_lines": 8, "excluded_lines": 0}, "missing_lines": [64, 68, 76, 80, 82, 84, 90, 91], "excluded_lines": []}, "MongoAdapter.get_all": {"executed_lines": [102, 103, 105, 108, 109, 110, 111, 112, 113, 116, 117, 118, 120, 124], "summary": {"covered_lines": 14, "num_statements": 16, "percent_covered": 87.5, "percent_covered_display": "88", "missing_lines": 2, "excluded_lines": 0}, "missing_lines": [126, 127], "excluded_lines": []}, "MongoAdapter.get_one": {"executed_lines": [135, 138], "summary": {"covered_lines": 2, "num_statements": 4, "percent_covered": 50.0, "percent_covered_display": "50", "missing_lines": 2, "excluded_lines": 0}, "missing_lines": [139, 140], "excluded_lines": []}, "MongoAdapter.create": {"executed_lines": [148, 149, 151, 152], "summary": {"covered_lines": 4, "num_statements": 8, "percent_covered": 50.0, "percent_covered_display": "50", "missing_lines": 4, "excluded_lines": 0}, "missing_lines": [153, 154, 155, 156], "excluded_lines": []}, "MongoAdapter.update": {"executed_lines": [164, 166, 169, 174, 177], "summary": {"covered_lines": 5, "num_statements": 11, "percent_covered": 45.45454545454545, "percent_covered_display": "45", "missing_lines": 6, "excluded_lines": 0}, "missing_lines": [167, 175, 178, 179, 180, 181], "excluded_lines": []}, "MongoAdapter.delete_one": {"executed_lines": [189, 190, 191, 194, 195], "summary": {"covered_lines": 5, "num_statements": 8, "percent_covered": 62.5, "percent_covered_display": "62", "missing_lines": 3, "excluded_lines": 0}, "missing_lines": [192, 196, 197], "excluded_lines": []}, "MongoAdapter.delete_all": {"executed_lines": [], "summary": {"covered_lines": 0, "num_statements": 6, "percent_covered": 0.0, "percent_covered_display": "0", "missing_lines": 6, "excluded_lines": 0}, "missing_lines": [205, 215, 217, 218, 219, 220], "excluded_lines": []}, "MongoAdapter.count": {"executed_lines": [228, 229, 230], "summary": {"covered_lines": 3, "num_statements": 5, "percent_covered": 60.0, "percent_covered_display": "60", "missing_lines": 2, "excluded_lines": 0}, "missing_lines": [231, 232], "excluded_lines": []}, "": {"executed_lines": [1, 3, 4, 5, 7, 8, 10, 11, 12, 13, 16, 17, 23, 25, 51, 95, 133, 146, 162, 187, 203, 226], "summary": {"covered_lines": 20, "num_statements": 21, "percent_covered": 95.23809523809524, "percent_covered_display": "95", "missing_lines": 1, "excluded_lines": 0}, "missing_lines": [9], "excluded_lines": []}}, "classes": {"MongoAdapter": {"executed_lines": [38, 39, 41, 43, 48, 49, 60, 62, 63, 66, 67, 70, 71, 73, 74, 75, 77, 78, 79, 81, 83, 85, 86, 87, 88, 89, 93, 102, 103, 105, 108, 109, 110, 111, 112, 113, 116, 117, 118, 120, 124, 135, 138, 148, 149, 151, 152, 164, 166, 169, 174, 177, 189, 190, 191, 194, 195, 228, 229, 230], "summary": {"covered_lines": 60, "num_statements": 94, "percent_covered": 63.829787234042556, "percent_covered_display": "64", "missing_lines": 34, "excluded_lines": 0}, "missing_lines": [40, 64, 68, 76, 80, 82, 84, 90, 91, 126, 127, 139, 140, 153, 154, 155, 156, 167, 175, 178, 179, 180, 181, 192, 196, 197, 205, 215, 217, 218, 219, 220, 231, 232], "excluded_lines": []}, "": {"executed_lines": [1, 3, 4, 5, 7, 8, 10, 11, 12, 13, 16, 17, 23, 25, 51, 95, 133, 146, 162, 187, 203, 226], "summary": {"covered_lines": 20, "num_statements": 21, "percent_covered": 95.23809523809524, "percent_covered_display": "95", "missing_lines": 1, "excluded_lines": 0}, "missing_lines": [9], "excluded_lines": []}}}, "src\\fastapi_easy\\backends\\sqlalchemy.py": {"executed_lines": [1, 3, 4, 5, 6, 7, 9, 10, 13, 14, 20, 22, 35, 36, 38, 51, 52, 56, 57, 60, 61, 64, 65, 69, 70, 74, 86, 87, 89, 91, 107, 108, 111, 114, 125, 126, 127, 129, 130, 132, 141, 142, 143, 144, 145, 146, 154, 167, 168, 169, 170, 171, 172, 173, 185, 199, 200, 201, 202, 203, 204, 206, 207, 209, 210, 212, 213, 214, 226, 238, 239, 240, 241, 242, 243, 245, 248, 249, 250, 259, 268, 269, 271, 272, 273, 276, 277, 278, 280, 289, 298, 299, 302, 304, 305], "summary": {"covered_lines": 93, "num_statements": 125, "percent_covered": 74.4, "percent_covered_display": "74", "missing_lines": 32, "excluded_lines": 0}, "missing_lines": [53, 58, 62, 66, 71, 115, 116, 117, 119, 120, 122, 147, 148, 174, 175, 176, 177, 178, 179, 215, 216, 217, 218, 219, 220, 246, 251, 252, 253, 281, 282, 283], "excluded_lines": [], "functions": {"SQLAlchemyAdapter.__init__": {"executed_lines": [35, 36], "summary": {"covered_lines": 2, "num_statements": 2, "percent_covered": 100.0, "percent_covered_display": "100", "missing_lines": 0, "excluded_lines": 0}, "missing_lines": [], "excluded_lines": []}, "SQLAlchemyAdapter._apply_filters": {"executed_lines": [51, 52, 56, 57, 60, 61, 64, 65, 69, 70, 74, 86, 87, 89], "summary": {"covered_lines": 14, "num_statements": 19, "percent_covered": 73.6842105263158, "percent_covered_display": "74", "missing_lines": 5, "excluded_lines": 0}, "missing_lines": [53, 58, 62, 66, 71], "excluded_lines": []}, "SQLAlchemyAdapter.get_all": {"executed_lines": [107, 108, 111, 114, 125, 126, 127, 129, 130], "summary": {"covered_lines": 9, "num_statements": 15, "percent_covered": 60.0, "percent_covered_display": "60", "missing_lines": 6, "excluded_lines": 0}, "missing_lines": [115, 116, 117, 119, 120, 122], "excluded_lines": []}, "SQLAlchemyAdapter.get_one": {"executed_lines": [141, 142, 143, 144, 145, 146], "summary": {"covered_lines": 6, "num_statements": 8, "percent_covered": 75.0, "percent_covered_display": "75", "missing_lines": 2, "excluded_lines": 0}, "missing_lines": [147, 148], "excluded_lines": []}, "SQLAlchemyAdapter.create": {"executed_lines": [167, 168, 169, 170, 171, 172, 173], "summary": {"covered_lines": 7, "num_statements": 13, "percent_covered": 53.84615384615385, "percent_covered_display": "54", "missing_lines": 6, "excluded_lines": 0}, "missing_lines": [174, 175, 176, 177, 178, 179], "excluded_lines": []}, "SQLAlchemyAdapter.update": {"executed_lines": [199, 200, 201, 202, 203, 204, 206, 207, 209, 210, 212, 213, 214], "summary": {"covered_lines": 13, "num_statements": 19, "percent_covered": 68.42105263157895, "percent_covered_display": "68", "missing_lines": 6, "excluded_lines": 0}, "missing_lines": [215, 216, 217, 218, 219, 220], "excluded_lines": []}, "SQLAlchemyAdapter.delete_one": {"executed_lines": [238, 239, 240, 241, 242, 243, 245, 248, 249, 250], "summary": {"covered_lines": 10, "num_statements": 14, "percent_covered": 71.42857142857143, "percent_covered_display": "71", "missing_lines": 4, "excluded_lines": 0}, "missing_lines": [246, 251, 252, 253], "excluded_lines": []}, "SQLAlchemyAdapter.delete_all": {"executed_lines": [268, 269, 271, 272, 273, 276, 277, 278, 280], "summary": {"covered_lines": 9, "num_statements": 12, "percent_covered": 75.0, "percent_covered_display": "75", "missing_lines": 3, "excluded_lines": 0}, "missing_lines": [281, 282, 283], "excluded_lines": []}, "SQLAlchemyAdapter.count": {"executed_lines": [298, 299, 302, 304, 305], "summary": {"covered_lines": 5, "num_statements": 5, "percent_covered": 100.0, "percent_covered_display": "100", "missing_lines": 0, "excluded_lines": 0}, "missing_lines": [], "excluded_lines": []}, "": {"executed_lines": [1, 3, 4, 5, 6, 7, 9, 10, 13, 14, 20, 22, 38, 91, 132, 154, 185, 226, 259, 289], "summary": {"covered_lines": 18, "num_statements": 18, "percent_covered": 100.0, "percent_covered_display": "100", "missing_lines": 0, "excluded_lines": 0}, "missing_lines": [], "excluded_lines": []}}, "classes": {"SQLAlchemyAdapter": {"executed_lines": [35, 36, 51, 52, 56, 57, 60, 61, 64, 65, 69, 70, 74, 86, 87, 89, 107, 108, 111, 114, 125, 126, 127, 129, 130, 141, 142, 143, 144, 145, 146, 167, 168, 169, 170, 171, 172, 173, 199, 200, 201, 202, 203, 204, 206, 207, 209, 210, 212, 213, 214, 238, 239, 240, 241, 242, 243, 245, 248, 249, 250, 268, 269, 271, 272, 273, 276, 277, 278, 280, 298, 299, 302, 304, 305], "summary": {"covered_lines": 75, "num_statements": 107, "percent_covered": 70.09345794392523, "percent_covered_display": "70", "missing_lines": 32, "excluded_lines": 0}, "missing_lines": [53, 58, 62, 66, 71, 115, 116, 117, 119, 120, 122, 147, 148, 174, 175, 176, 177, 178, 179, 215, 216, 217, 218, 219, 220, 246, 251, 252, 253, 281, 282, 283], "excluded_lines": []}, "": {"executed_lines": [1, 3, 4, 5, 6, 7, 9, 10, 13, 14, 20, 22, 38, 91, 132, 154, 185, 226, 259, 289], "summary": {"covered_lines": 18, "num_statements": 18, "percent_covered": 100.0, "percent_covered_display": "100", "missing_lines": 0, "excluded_lines": 0}, "missing_lines": [], "excluded_lines": []}}}, "src\\fastapi_easy\\backends\\sqlmodel.py": {"executed_lines": [1, 3, 4, 6, 7, 11, 12, 17, 30], "summary": {"covered_lines": 7, "num_statements": 9, "percent_covered": 77.77777777777777, "percent_covered_display": "78", "missing_lines": 2, "excluded_lines": 0}, "missing_lines": [8, 9], "excluded_lines": [], "functions": {"SQLModelAdapter.__init__": {"executed_lines": [30], "summary": {"covered_lines": 1, "num_statements": 1, "percent_covered": 100.0, "percent_covered_display": "100", "missing_lines": 0, "excluded_lines": 0}, "missing_lines": [], "excluded_lines": []}, "": {"executed_lines": [1, 3, 4, 6, 7, 11, 12, 17], "summary": {"covered_lines": 6, "num_statements": 8, "percent_covered": 75.0, "percent_covered_display": "75", "missing_lines": 2, "excluded_lines": 0}, "missing_lines": [8, 9], "excluded_lines": []}}, "classes": {"SQLModelAdapter": {"executed_lines": [30], "summary": {"covered_lines": 1, "num_statements": 1, "percent_covered": 100.0, "percent_covered_display": "100", "missing_lines": 0, "excluded_lines": 0}, "missing_lines": [], "excluded_lines": []}, "": {"executed_lines": [1, 3, 4, 6, 7, 11, 12, 17], "summary": {"covered_lines": 6, "num_statements": 8, "percent_covered": 75.0, "percent_covered_display": "75", "missing_lines": 2, "excluded_lines": 0}, "missing_lines": [8, 9], "excluded_lines": []}}}, "src\\fastapi_easy\\backends\\tortoise.py": {"executed_lines": [1, 3, 4], "summary": {"covered_lines": 2, "num_statements": 114, "percent_covered": 1.7543859649122806, "percent_covered_display": "2", "missing_lines": 112, "excluded_lines": 0}, "missing_lines": [5, 7, 8, 11, 18, 20, 33, 34, 36, 49, 51, 52, 53, 56, 57, 58, 60, 61, 62, 64, 65, 66, 69, 70, 71, 73, 74, 75, 76, 77, 78, 79, 80, 81, 82, 83, 84, 85, 87, 89, 91, 107, 108, 111, 112, 113, 116, 117, 118, 119, 121, 123, 124, 127, 128, 129, 131, 132, 133, 139, 148, 149, 150, 151, 152, 158, 171, 172, 173, 174, 175, 176, 177, 183, 197, 198, 199, 201, 202, 204, 205, 206, 207, 208, 209, 210, 216, 228, 229, 230, 232, 233, 235, 236, 237, 238, 244, 253, 255, 258, 260, 261, 262, 268, 277, 278, 281, 282, 283, 285, 286, 287], "excluded_lines": [], "functions": {"TortoiseAdapter.__init__": {"executed_lines": [], "summary": {"covered_lines": 0, "num_statements": 2, "percent_covered": 0.0, "percent_covered_display": "0", "missing_lines": 2, "excluded_lines": 0}, "missing_lines": [33, 34], "excluded_lines": []}, "TortoiseAdapter._apply_filters": {"executed_lines": [], "summary": {"covered_lines": 0, "num_statements": 31, "percent_covered": 0.0, "percent_covered_display": "0", "missing_lines": 31, "excluded_lines": 0}, "missing_lines": [49, 51, 52, 53, 56, 57, 58, 60, 61, 62, 64, 65, 66, 69, 70, 71, 73, 74, 75, 76, 77, 78, 79, 80, 81, 82, 83, 84, 85, 87, 89], "excluded_lines": []}, "TortoiseAdapter.get_all": {"executed_lines": [], "summary": {"covered_lines": 0, "num_statements": 18, "percent_covered": 0.0, "percent_covered_display": "0", "missing_lines": 18, "excluded_lines": 0}, "missing_lines": [107, 108, 111, 112, 113, 116, 117, 118, 119, 121, 123, 124, 127, 128, 129, 131, 132, 133], "excluded_lines": []}, "TortoiseAdapter.get_one": {"executed_lines": [], "summary": {"covered_lines": 0, "num_statements": 5, "percent_covered": 0.0, "percent_covered_display": "0", "missing_lines": 5, "excluded_lines": 0}, "missing_lines": [148, 149, 150, 151, 152], "excluded_lines": []}, "TortoiseAdapter.create": {"executed_lines": [], "summary": {"covered_lines": 0, "num_statements": 7, "percent_covered": 0.0, "percent_covered_display": "0", "missing_lines": 7, "excluded_lines": 0}, "missing_lines": [171, 172, 173, 174, 175, 176, 177], "excluded_lines": []}, "TortoiseAdapter.update": {"executed_lines": [], "summary": {"covered_lines": 0, "num_statements": 12, "percent_covered": 0.0, "percent_covered_display": "0", "missing_lines": 12, "excluded_lines": 0}, "missing_lines": [197, 198, 199, 201, 202, 204, 205, 206, 207, 208, 209, 210], "excluded_lines": []}, "TortoiseAdapter.delete_one": {"executed_lines": [], "summary": {"covered_lines": 0, "num_statements": 9, "percent_covered": 0.0, "percent_covered_display": "0", "missing_lines": 9, "excluded_lines": 0}, "missing_lines": [228, 229, 230, 232, 233, 235, 236, 237, 238], "excluded_lines": []}, "TortoiseAdapter.delete_all": {"executed_lines": [], "summary": {"covered_lines": 0, "num_statements": 6, "percent_covered": 0.0, "percent_covered_display": "0", "missing_lines": 6, "excluded_lines": 0}, "missing_lines": [253, 255, 258, 260, 261, 262], "excluded_lines": []}, "TortoiseAdapter.count": {"executed_lines": [], "summary": {"covered_lines": 0, "num_statements": 8, "percent_covered": 0.0, "percent_covered_display": "0", "missing_lines": 8, "excluded_lines": 0}, "missing_lines": [277, 278, 281, 282, 283, 285, 286, 287], "excluded_lines": []}, "": {"executed_lines": [1, 3, 4], "summary": {"covered_lines": 2, "num_statements": 16, "percent_covered": 12.5, "percent_covered_display": "12", "missing_lines": 14, "excluded_lines": 0}, "missing_lines": [5, 7, 8, 11, 18, 20, 36, 91, 139, 158, 183, 216, 244, 268], "excluded_lines": []}}, "classes": {"TortoiseAdapter": {"executed_lines": [], "summary": {"covered_lines": 0, "num_statements": 98, "percent_covered": 0.0, "percent_covered_display": "0", "missing_lines": 98, "excluded_lines": 0}, "missing_lines": [33, 34, 49, 51, 52, 53, 56, 57, 58, 60, 61, 62, 64, 65, 66, 69, 70, 71, 73, 74, 75, 76, 77, 78, 79, 80, 81, 82, 83, 84, 85, 87, 89, 107, 108, 111, 112, 113, 116, 117, 118, 119, 121, 123, 124, 127, 128, 129, 131, 132, 133, 148, 149, 150, 151, 152, 171, 172, 173, 174, 175, 176, 177, 197, 198, 199, 201, 202, 204, 205, 206, 207, 208, 209, 210, 228, 229, 230, 232, 233, 235, 236, 237, 238, 253, 255, 258, 260, 261, 262, 277, 278, 281, 282, 283, 285, 286, 287], "excluded_lines": []}, "": {"executed_lines": [1, 3, 4], "summary": {"covered_lines": 2, "num_statements": 16, "percent_covered": 12.5, "percent_covered_display": "12", "missing_lines": 14, "excluded_lines": 0}, "missing_lines": [5, 7, 8, 11, 18, 20, 36, 91, 139, 158, 183, 216, 244, 268], "excluded_lines": []}}}, "src\\fastapi_easy\\cli.py": {"executed_lines": [1, 3, 4, 5, 6, 9, 10, 11, 13, 16, 17, 18, 19, 80, 81, 82, 83, 141, 142, 144, 145, 146, 147, 148, 151, 152, 154, 174, 177, 178, 179, 181, 203, 207, 208, 209, 210, 211, 212, 213, 214, 215, 216, 217, 218, 221], "summary": {"covered_lines": 45, "num_statements": 83, "percent_covered": 54.21686746987952, "percent_covered_display": "54", "missing_lines": 38, "excluded_lines": 0}, "missing_lines": [21, 23, 24, 27, 28, 29, 32, 33, 46, 47, 55, 56, 73, 75, 76, 77, 85, 86, 89, 96, 97, 100, 108, 109, 112, 127, 128, 129, 130, 131, 132, 134, 136, 137, 138, 204, 205, 222], "excluded_lines": [], "functions": {"cli": {"executed_lines": [13], "summary": {"covered_lines": 1, "num_statements": 1, "percent_covered": 100.0, "percent_covered_display": "100", "missing_lines": 0, "excluded_lines": 0}, "missing_lines": [], "excluded_lines": []}, "init": {"executed_lines": [], "summary": {"covered_lines": 0, "num_statements": 16, "percent_covered": 0.0, "percent_covered_display": "0", "missing_lines": 16, "excluded_lines": 0}, "missing_lines": [21, 23, 24, 27, 28, 29, 32, 33, 46, 47, 55, 56, 73, 75, 76, 77], "excluded_lines": []}, "generate": {"executed_lines": [], "summary": {"covered_lines": 0, "num_statements": 19, "percent_covered": 0.0, "percent_covered_display": "0", "missing_lines": 19, "excluded_lines": 0}, "missing_lines": [85, 86, 89, 96, 97, 100, 108, 109, 112, 127, 128, 129, 130, 131, 132, 134, 136, 137, 138], "excluded_lines": []}, "version": {"executed_lines": [144, 145, 146, 147, 148], "summary": {"covered_lines": 5, "num_statements": 5, "percent_covered": 100.0, "percent_covered_display": "100", "missing_lines": 0, "excluded_lines": 0}, "missing_lines": [], "excluded_lines": []}, "info": {"executed_lines": [154, 174], "summary": {"covered_lines": 2, "num_statements": 2, "percent_covered": 100.0, "percent_covered_display": "100", "missing_lines": 0, "excluded_lines": 0}, "missing_lines": [], "excluded_lines": []}, "status": {"executed_lines": [181, 203, 207, 208, 209, 210, 211, 212, 213, 214, 215, 216, 217, 218], "summary": {"covered_lines": 14, "num_statements": 16, "percent_covered": 87.5, "percent_covered_display": "88", "missing_lines": 2, "excluded_lines": 0}, "missing_lines": [204, 205], "excluded_lines": []}, "": {"executed_lines": [1, 3, 4, 5, 6, 9, 10, 11, 16, 17, 18, 19, 80, 81, 82, 83, 141, 142, 151, 152, 177, 178, 179, 221], "summary": {"covered_lines": 23, "num_statements": 24, "percent_covered": 95.83333333333333, "percent_covered_display": "96", "missing_lines": 1, "excluded_lines": 0}, "missing_lines": [222], "excluded_lines": []}}, "classes": {"": {"executed_lines": [1, 3, 4, 5, 6, 9, 10, 11, 13, 16, 17, 18, 19, 80, 81, 82, 83, 141, 142, 144, 145, 146, 147, 148, 151, 152, 154, 174, 177, 178, 179, 181, 203, 207, 208, 209, 210, 211, 212, 213, 214, 215, 216, 217, 218, 221], "summary": {"covered_lines": 45, "num_statements": 83, "percent_covered": 54.21686746987952, "percent_covered_display": "54", "missing_lines": 38, "excluded_lines": 0}, "missing_lines": [21, 23, 24, 27, 28, 29, 32, 33, 46, 47, 55, 56, 73, 75, 76, 77, 85, 86, 89, 96, 97, 100, 108, 109, 112, 127, 128, 129, 130, 131, 132, 134, 136, 137, 138, 204, 205, 222], "excluded_lines": []}}}, "src\\fastapi_easy\\core\\__init__.py": {"executed_lines": [1, 3, 4, 5, 6, 7, 9], "summary": {"covered_lines": 6, "num_statements": 6, "percent_covered": 100.0, "percent_covered_display": "100", "missing_lines": 0, "excluded_lines": 0}, "missing_lines": [], "excluded_lines": [], "functions": {"": {"executed_lines": [1, 3, 4, 5, 6, 7, 9], "summary": {"covered_lines": 6, "num_statements": 6, "percent_covered": 100.0, "percent_covered_display": "100", "missing_lines": 0, "excluded_lines": 0}, "missing_lines": [], "excluded_lines": []}}, "classes": {"": {"executed_lines": [1, 3, 4, 5, 6, 7, 9], "summary": {"covered_lines": 6, "num_statements": 6, "percent_covered": 100.0, "percent_covered_display": "100", "missing_lines": 0, "excluded_lines": 0}, "missing_lines": [], "excluded_lines": []}}}, "src\\fastapi_easy\\core\\adapters.py": {"executed_lines": [1, 3, 4, 7, 8, 14, 15, 33, 34, 45, 46, 57, 58, 70, 71, 82, 83, 91, 92], "summary": {"covered_lines": 17, "num_statements": 24, "percent_covered": 70.83333333333333, "percent_covered_display": "71", "missing_lines": 7, "excluded_lines": 0}, "missing_lines": [31, 43, 55, 68, 80, 89, 101], "excluded_lines": [], "functions": {"ORMAdapter.get_all": {"executed_lines": [], "summary": {"covered_lines": 0, "num_statements": 1, "percent_covered": 0.0, "percent_covered_display": "0", "missing_lines": 1, "excluded_lines": 0}, "missing_lines": [31], "excluded_lines": []}, "ORMAdapter.get_one": {"executed_lines": [], "summary": {"covered_lines": 0, "num_statements": 1, "percent_covered": 0.0, "percent_covered_display": "0", "missing_lines": 1, "excluded_lines": 0}, "missing_lines": [43], "excluded_lines": []}, "ORMAdapter.create": {"executed_lines": [], "summary": {"covered_lines": 0, "num_statements": 1, "percent_covered": 0.0, "percent_covered_display": "0", "missing_lines": 1, "excluded_lines": 0}, "missing_lines": [55], "excluded_lines": []}, "ORMAdapter.update": {"executed_lines": [], "summary": {"covered_lines": 0, "num_statements": 1, "percent_covered": 0.0, "percent_covered_display": "0", "missing_lines": 1, "excluded_lines": 0}, "missing_lines": [68], "excluded_lines": []}, "ORMAdapter.delete_one": {"executed_lines": [], "summary": {"covered_lines": 0, "num_statements": 1, "percent_covered": 0.0, "percent_covered_display": "0", "missing_lines": 1, "excluded_lines": 0}, "missing_lines": [80], "excluded_lines": []}, "ORMAdapter.delete_all": {"executed_lines": [], "summary": {"covered_lines": 0, "num_statements": 1, "percent_covered": 0.0, "percent_covered_display": "0", "missing_lines": 1, "excluded_lines": 0}, "missing_lines": [89], "excluded_lines": []}, "ORMAdapter.count": {"executed_lines": [], "summary": {"covered_lines": 0, "num_statements": 1, "percent_covered": 0.0, "percent_covered_display": "0", "missing_lines": 1, "excluded_lines": 0}, "missing_lines": [101], "excluded_lines": []}, "": {"executed_lines": [1, 3, 4, 7, 8, 14, 15, 33, 34, 45, 46, 57, 58, 70, 71, 82, 83, 91, 92], "summary": {"covered_lines": 17, "num_statements": 17, "percent_covered": 100.0, "percent_covered_display": "100", "missing_lines": 0, "excluded_lines": 0}, "missing_lines": [], "excluded_lines": []}}, "classes": {"ORMAdapter": {"executed_lines": [], "summary": {"covered_lines": 0, "num_statements": 7, "percent_covered": 0.0, "percent_covered_display": "0", "missing_lines": 7, "excluded_lines": 0}, "missing_lines": [31, 43, 55, 68, 80, 89, 101], "excluded_lines": []}, "": {"executed_lines": [1, 3, 4, 7, 8, 14, 15, 33, 34, 45, 46, 57, 58, 70, 71, 82, 83, 91, 92], "summary": {"covered_lines": 17, "num_statements": 17, "percent_covered": 100.0, "percent_covered_display": "100", "missing_lines": 0, "excluded_lines": 0}, "missing_lines": [], "excluded_lines": []}}}, "src\\fastapi_easy\\core\\audit_log.py": {"executed_lines": [1, 3, 4, 5, 6, 7, 10, 11, 13, 14, 15, 16, 17, 20, 21, 23, 46, 47, 48, 49, 50, 51, 52, 53, 55, 57, 69, 70, 72, 74, 76, 100, 109, 110, 112, 130, 132, 133, 135, 136, 138, 139, 141, 142, 144, 146, 160, 162, 171, 173, 175, 177, 183, 186, 187, 189, 202, 203, 204, 207, 208, 210, 227, 228, 229, 230, 231, 234, 235, 237, 244, 245, 247, 258, 259, 260, 263, 267, 268, 269, 274, 275, 281, 283, 285], "summary": {"covered_lines": 78, "num_statements": 81, "percent_covered": 96.29629629629629, "percent_covered_display": "96", "missing_lines": 3, "excluded_lines": 0}, "missing_lines": [264, 270, 271], "excluded_lines": [], "functions": {"AuditLog.__init__": {"executed_lines": [46, 47, 48, 49, 50, 51, 52, 53], "summary": {"covered_lines": 8, "num_statements": 8, "percent_covered": 100.0, "percent_covered_display": "100", "missing_lines": 0, "excluded_lines": 0}, "missing_lines": [], "excluded_lines": []}, "AuditLog.to_dict": {"executed_lines": [57], "summary": {"covered_lines": 1, "num_statements": 1, "percent_covered": 100.0, "percent_covered_display": "100", "missing_lines": 0, "excluded_lines": 0}, "missing_lines": [], "excluded_lines": []}, "AuditLogger.__init__": {"executed_lines": [74], "summary": {"covered_lines": 1, "num_statements": 1, "percent_covered": 100.0, "percent_covered_display": "100", "missing_lines": 0, "excluded_lines": 0}, "missing_lines": [], "excluded_lines": []}, "AuditLogger.log": {"executed_lines": [100, 109, 110], "summary": {"covered_lines": 3, "num_statements": 3, "percent_covered": 100.0, "percent_covered_display": "100", "missing_lines": 0, "excluded_lines": 0}, "missing_lines": [], "excluded_lines": []}, "AuditLogger.get_logs": {"executed_lines": [130, 132, 133, 135, 136, 138, 139, 141, 142, 144], "summary": {"covered_lines": 10, "num_statements": 10, "percent_covered": 100.0, "percent_covered_display": "100", "missing_lines": 0, "excluded_lines": 0}, "missing_lines": [], "excluded_lines": []}, "AuditLogger.get_entity_history": {"executed_lines": [160], "summary": {"covered_lines": 1, "num_statements": 1, "percent_covered": 100.0, "percent_covered_display": "100", "missing_lines": 0, "excluded_lines": 0}, "missing_lines": [], "excluded_lines": []}, "AuditLogger.get_user_actions": {"executed_lines": [171], "summary": {"covered_lines": 1, "num_statements": 1, "percent_covered": 100.0, "percent_covered_display": "100", "missing_lines": 0, "excluded_lines": 0}, "missing_lines": [], "excluded_lines": []}, "AuditLogger.clear": {"executed_lines": [175], "summary": {"covered_lines": 1, "num_statements": 1, "percent_covered": 100.0, "percent_covered_display": "100", "missing_lines": 0, "excluded_lines": 0}, "missing_lines": [], "excluded_lines": []}, "AuditLogger.export_logs": {"executed_lines": [183], "summary": {"covered_lines": 1, "num_statements": 1, "percent_covered": 100.0, "percent_covered_display": "100", "missing_lines": 0, "excluded_lines": 0}, "missing_lines": [], "excluded_lines": []}, "AuditLogContext.__init__": {"executed_lines": [202, 203, 204], "summary": {"covered_lines": 3, "num_statements": 3, "percent_covered": 100.0, "percent_covered_display": "100", "missing_lines": 0, "excluded_lines": 0}, "missing_lines": [], "excluded_lines": []}, "AuditLogConfig.__init__": {"executed_lines": [227, 228, 229, 230, 231], "summary": {"covered_lines": 5, "num_statements": 5, "percent_covered": 100.0, "percent_covered_display": "100", "missing_lines": 0, "excluded_lines": 0}, "missing_lines": [], "excluded_lines": []}, "AuditLogDecorator.__init__": {"executed_lines": [244, 245], "summary": {"covered_lines": 2, "num_statements": 2, "percent_covered": 100.0, "percent_covered_display": "100", "missing_lines": 0, "excluded_lines": 0}, "missing_lines": [], "excluded_lines": []}, "AuditLogDecorator.track_operation": {"executed_lines": [258, 285], "summary": {"covered_lines": 2, "num_statements": 2, "percent_covered": 100.0, "percent_covered_display": "100", "missing_lines": 0, "excluded_lines": 0}, "missing_lines": [], "excluded_lines": []}, "AuditLogDecorator.track_operation.decorator": {"executed_lines": [259, 283], "summary": {"covered_lines": 2, "num_statements": 2, "percent_covered": 100.0, "percent_covered_display": "100", "missing_lines": 0, "excluded_lines": 0}, "missing_lines": [], "excluded_lines": []}, "AuditLogDecorator.track_operation.decorator.wrapper": {"executed_lines": [260, 263, 267, 268, 269, 274, 275, 281], "summary": {"covered_lines": 8, "num_statements": 11, "percent_covered": 72.72727272727273, "percent_covered_display": "73", "missing_lines": 3, "excluded_lines": 0}, "missing_lines": [264, 270, 271], "excluded_lines": []}, "": {"executed_lines": [1, 3, 4, 5, 6, 7, 10, 11, 13, 14, 15, 16, 17, 20, 21, 23, 55, 69, 70, 72, 76, 112, 146, 162, 173, 177, 186, 187, 189, 207, 208, 210, 234, 235, 237, 247], "summary": {"covered_lines": 29, "num_statements": 29, "percent_covered": 100.0, "percent_covered_display": "100", "missing_lines": 0, "excluded_lines": 0}, "missing_lines": [], "excluded_lines": []}}, "classes": {"AuditAction": {"executed_lines": [], "summary": {"covered_lines": 0, "num_statements": 0, "percent_covered": 100.0, "percent_covered_display": "100", "missing_lines": 0, "excluded_lines": 0}, "missing_lines": [], "excluded_lines": []}, "AuditLog": {"executed_lines": [46, 47, 48, 49, 50, 51, 52, 53, 57], "summary": {"covered_lines": 9, "num_statements": 9, "percent_covered": 100.0, "percent_covered_display": "100", "missing_lines": 0, "excluded_lines": 0}, "missing_lines": [], "excluded_lines": []}, "AuditLogger": {"executed_lines": [74, 100, 109, 110, 130, 132, 133, 135, 136, 138, 139, 141, 142, 144, 160, 171, 175, 183], "summary": {"covered_lines": 18, "num_statements": 18, "percent_covered": 100.0, "percent_covered_display": "100", "missing_lines": 0, "excluded_lines": 0}, "missing_lines": [], "excluded_lines": []}, "AuditLogContext": {"executed_lines": [202, 203, 204], "summary": {"covered_lines": 3, "num_statements": 3, "percent_covered": 100.0, "percent_covered_display": "100", "missing_lines": 0, "excluded_lines": 0}, "missing_lines": [], "excluded_lines": []}, "AuditLogConfig": {"executed_lines": [227, 228, 229, 230, 231], "summary": {"covered_lines": 5, "num_statements": 5, "percent_covered": 100.0, "percent_covered_display": "100", "missing_lines": 0, "excluded_lines": 0}, "missing_lines": [], "excluded_lines": []}, "AuditLogDecorator": {"executed_lines": [244, 245, 258, 259, 260, 263, 267, 268, 269, 274, 275, 281, 283, 285], "summary": {"covered_lines": 14, "num_statements": 17, "percent_covered": 82.3529411764706, "percent_covered_display": "82", "missing_lines": 3, "excluded_lines": 0}, "missing_lines": [264, 270, 271], "excluded_lines": []}, "": {"executed_lines": [1, 3, 4, 5, 6, 7, 10, 11, 13, 14, 15, 16, 17, 20, 21, 23, 55, 69, 70, 72, 76, 112, 146, 162, 173, 177, 186, 187, 189, 207, 208, 210, 234, 235, 237, 247], "summary": {"covered_lines": 29, "num_statements": 29, "percent_covered": 100.0, "percent_covered_display": "100", "missing_lines": 0, "excluded_lines": 0}, "missing_lines": [], "excluded_lines": []}}}, "src\\fastapi_easy\\core\\bulk_operations.py": {"executed_lines": [1, 3, 4, 6, 9, 10, 12, 25, 26, 27, 29, 31, 39, 40, 42, 49, 50, 52, 61, 63, 64, 65, 66, 67, 68, 76, 77, 86, 88, 102, 104, 105, 106, 107, 108, 110, 111, 114, 115, 119, 120, 121, 123, 124, 125, 126, 131, 132, 141, 143, 157, 159, 160, 161, 162, 163, 166, 167, 175, 176, 185, 188, 189, 191, 204, 205, 206], "summary": {"covered_lines": 63, "num_statements": 86, "percent_covered": 73.25581395348837, "percent_covered_display": "73", "missing_lines": 23, "excluded_lines": 0}, "missing_lines": [69, 70, 71, 78, 79, 80, 81, 84, 116, 133, 134, 135, 136, 139, 164, 168, 169, 170, 177, 178, 179, 180, 183], "excluded_lines": [], "functions": {"BulkOperationResult.__init__": {"executed_lines": [25, 26, 27], "summary": {"covered_lines": 3, "num_statements": 3, "percent_covered": 100.0, "percent_covered_display": "100", "missing_lines": 0, "excluded_lines": 0}, "missing_lines": [], "excluded_lines": []}, "BulkOperationResult.to_dict": {"executed_lines": [31], "summary": {"covered_lines": 1, "num_statements": 1, "percent_covered": 100.0, "percent_covered_display": "100", "missing_lines": 0, "excluded_lines": 0}, "missing_lines": [], "excluded_lines": []}, "BulkOperationAdapter.__init__": {"executed_lines": [49, 50], "summary": {"covered_lines": 2, "num_statements": 2, "percent_covered": 100.0, "percent_covered_display": "100", "missing_lines": 0, "excluded_lines": 0}, "missing_lines": [], "excluded_lines": []}, "BulkOperationAdapter.bulk_create": {"executed_lines": [61, 63, 64, 65, 66, 67, 68, 76, 77, 86], "summary": {"covered_lines": 10, "num_statements": 18, "percent_covered": 55.55555555555556, "percent_covered_display": "56", "missing_lines": 8, "excluded_lines": 0}, "missing_lines": [69, 70, 71, 78, 79, 80, 81, 84], "excluded_lines": []}, "BulkOperationAdapter.bulk_update": {"executed_lines": [102, 104, 105, 106, 107, 108, 110, 111, 114, 115, 119, 120, 121, 123, 124, 125, 126, 131, 132, 141], "summary": {"covered_lines": 20, "num_statements": 26, "percent_covered": 76.92307692307692, "percent_covered_display": "77", "missing_lines": 6, "excluded_lines": 0}, "missing_lines": [116, 133, 134, 135, 136, 139], "excluded_lines": []}, "BulkOperationAdapter.bulk_delete": {"executed_lines": [157, 159, 160, 161, 162, 163, 166, 167, 175, 176, 185], "summary": {"covered_lines": 11, "num_statements": 20, "percent_covered": 55.0, "percent_covered_display": "55", "missing_lines": 9, "excluded_lines": 0}, "missing_lines": [164, 168, 169, 170, 177, 178, 179, 180, 183], "excluded_lines": []}, "BulkOperationConfig.__init__": {"executed_lines": [204, 205, 206], "summary": {"covered_lines": 3, "num_statements": 3, "percent_covered": 100.0, "percent_covered_display": "100", "missing_lines": 0, "excluded_lines": 0}, "missing_lines": [], "excluded_lines": []}, "": {"executed_lines": [1, 3, 4, 6, 9, 10, 12, 29, 39, 40, 42, 52, 88, 143, 188, 189, 191], "summary": {"covered_lines": 13, "num_statements": 13, "percent_covered": 100.0, "percent_covered_display": "100", "missing_lines": 0, "excluded_lines": 0}, "missing_lines": [], "excluded_lines": []}}, "classes": {"BulkOperationResult": {"executed_lines": [25, 26, 27, 31], "summary": {"covered_lines": 4, "num_statements": 4, "percent_covered": 100.0, "percent_covered_display": "100", "missing_lines": 0, "excluded_lines": 0}, "missing_lines": [], "excluded_lines": []}, "BulkOperationAdapter": {"executed_lines": [49, 50, 61, 63, 64, 65, 66, 67, 68, 76, 77, 86, 102, 104, 105, 106, 107, 108, 110, 111, 114, 115, 119, 120, 121, 123, 124, 125, 126, 131, 132, 141, 157, 159, 160, 161, 162, 163, 166, 167, 175, 176, 185], "summary": {"covered_lines": 43, "num_statements": 66, "percent_covered": 65.15151515151516, "percent_covered_display": "65", "missing_lines": 23, "excluded_lines": 0}, "missing_lines": [69, 70, 71, 78, 79, 80, 81, 84, 116, 133, 134, 135, 136, 139, 164, 168, 169, 170, 177, 178, 179, 180, 183], "excluded_lines": []}, "BulkOperationConfig": {"executed_lines": [204, 205, 206], "summary": {"covered_lines": 3, "num_statements": 3, "percent_covered": 100.0, "percent_covered_display": "100", "missing_lines": 0, "excluded_lines": 0}, "missing_lines": [], "excluded_lines": []}, "": {"executed_lines": [1, 3, 4, 6, 9, 10, 12, 29, 39, 40, 42, 52, 88, 143, 188, 189, 191], "summary": {"covered_lines": 13, "num_statements": 13, "percent_covered": 100.0, "percent_covered_display": "100", "missing_lines": 0, "excluded_lines": 0}, "missing_lines": [], "excluded_lines": []}}}, "src\\fastapi_easy\\core\\cache.py": {"executed_lines": [1, 3, 4, 5, 6, 9, 10, 12, 19, 20, 21, 23, 29, 30, 32, 34, 40, 41, 43, 46, 47, 49, 50, 61, 62, 72, 73, 81, 82, 86, 87, 99, 100, 102, 108, 109, 110, 111, 113, 122, 123, 124, 126, 127, 129, 130, 131, 132, 134, 135, 137, 146, 147, 148, 150, 152, 158, 159, 161, 163, 164, 165, 167, 176, 177, 179, 180, 182, 188, 189, 191, 200, 201, 203, 212, 214, 222, 224, 230, 232, 234, 236, 245, 248, 249, 251, 252, 263, 265, 266, 268, 269, 271, 274, 275, 277, 285, 286, 287, 289, 298, 299, 301, 302, 304, 307, 308, 309, 312, 315, 317, 319, 346, 347, 349, 364, 365, 366, 367, 370, 379, 380, 382, 383, 389, 392, 403, 404, 405, 407, 409], "summary": {"covered_lines": 123, "num_statements": 141, "percent_covered": 87.23404255319149, "percent_covered_display": "87", "missing_lines": 18, "excluded_lines": 0}, "missing_lines": [59, 70, 79, 84, 96, 321, 323, 327, 328, 329, 330, 331, 334, 337, 339, 341, 343, 385], "excluded_lines": [], "functions": {"CacheEntry.__init__": {"executed_lines": [19, 20, 21], "summary": {"covered_lines": 3, "num_statements": 3, "percent_covered": 100.0, "percent_covered_display": "100", "missing_lines": 0, "excluded_lines": 0}, "missing_lines": [], "excluded_lines": []}, "CacheEntry.is_expired": {"executed_lines": [29, 30, 32], "summary": {"covered_lines": 3, "num_statements": 3, "percent_covered": 100.0, "percent_covered_display": "100", "missing_lines": 0, "excluded_lines": 0}, "missing_lines": [], "excluded_lines": []}, "CacheEntry.get": {"executed_lines": [40, 41, 43], "summary": {"covered_lines": 3, "num_statements": 3, "percent_covered": 100.0, "percent_covered_display": "100", "missing_lines": 0, "excluded_lines": 0}, "missing_lines": [], "excluded_lines": []}, "BaseCache.get": {"executed_lines": [], "summary": {"covered_lines": 0, "num_statements": 1, "percent_covered": 0.0, "percent_covered_display": "0", "missing_lines": 1, "excluded_lines": 0}, "missing_lines": [59], "excluded_lines": []}, "BaseCache.set": {"executed_lines": [], "summary": {"covered_lines": 0, "num_statements": 1, "percent_covered": 0.0, "percent_covered_display": "0", "missing_lines": 1, "excluded_lines": 0}, "missing_lines": [70], "excluded_lines": []}, "BaseCache.delete": {"executed_lines": [], "summary": {"covered_lines": 0, "num_statements": 1, "percent_covered": 0.0, "percent_covered_display": "0", "missing_lines": 1, "excluded_lines": 0}, "missing_lines": [79], "excluded_lines": []}, "BaseCache.clear": {"executed_lines": [], "summary": {"covered_lines": 0, "num_statements": 1, "percent_covered": 0.0, "percent_covered_display": "0", "missing_lines": 1, "excluded_lines": 0}, "missing_lines": [84], "excluded_lines": []}, "BaseCache.exists": {"executed_lines": [], "summary": {"covered_lines": 0, "num_statements": 1, "percent_covered": 0.0, "percent_covered_display": "0", "missing_lines": 1, "excluded_lines": 0}, "missing_lines": [96], "excluded_lines": []}, "MemoryCache.__init__": {"executed_lines": [108, 109, 110, 111], "summary": {"covered_lines": 4, "num_statements": 4, "percent_covered": 100.0, "percent_covered_display": "100", "missing_lines": 0, "excluded_lines": 0}, "missing_lines": [], "excluded_lines": []}, "MemoryCache.get": {"executed_lines": [122, 123, 124, 126, 127, 129, 130, 131, 132, 134, 135], "summary": {"covered_lines": 11, "num_statements": 11, "percent_covered": 100.0, "percent_covered_display": "100", "missing_lines": 0, "excluded_lines": 0}, "missing_lines": [], "excluded_lines": []}, "MemoryCache.set": {"executed_lines": [146, 147, 148, 150], "summary": {"covered_lines": 4, "num_statements": 4, "percent_covered": 100.0, "percent_covered_display": "100", "missing_lines": 0, "excluded_lines": 0}, "missing_lines": [], "excluded_lines": []}, "MemoryCache.delete": {"executed_lines": [158, 159], "summary": {"covered_lines": 2, "num_statements": 2, "percent_covered": 100.0, "percent_covered_display": "100", "missing_lines": 0, "excluded_lines": 0}, "missing_lines": [], "excluded_lines": []}, "MemoryCache.clear": {"executed_lines": [163, 164, 165], "summary": {"covered_lines": 3, "num_statements": 3, "percent_covered": 100.0, "percent_covered_display": "100", "missing_lines": 0, "excluded_lines": 0}, "missing_lines": [], "excluded_lines": []}, "MemoryCache.exists": {"executed_lines": [176, 177, 179, 180], "summary": {"covered_lines": 4, "num_statements": 4, "percent_covered": 100.0, "percent_covered_display": "100", "missing_lines": 0, "excluded_lines": 0}, "missing_lines": [], "excluded_lines": []}, "MemoryCache.get_stats": {"executed_lines": [188, 189, 191], "summary": {"covered_lines": 3, "num_statements": 3, "percent_covered": 100.0, "percent_covered_display": "100", "missing_lines": 0, "excluded_lines": 0}, "missing_lines": [], "excluded_lines": []}, "NoCache.get": {"executed_lines": [212], "summary": {"covered_lines": 1, "num_statements": 1, "percent_covered": 100.0, "percent_covered_display": "100", "missing_lines": 0, "excluded_lines": 0}, "missing_lines": [], "excluded_lines": []}, "NoCache.set": {"executed_lines": [222], "summary": {"covered_lines": 1, "num_statements": 1, "percent_covered": 100.0, "percent_covered_display": "100", "missing_lines": 0, "excluded_lines": 0}, "missing_lines": [], "excluded_lines": []}, "NoCache.delete": {"executed_lines": [230], "summary": {"covered_lines": 1, "num_statements": 1, "percent_covered": 100.0, "percent_covered_display": "100", "missing_lines": 0, "excluded_lines": 0}, "missing_lines": [], "excluded_lines": []}, "NoCache.clear": {"executed_lines": [234], "summary": {"covered_lines": 1, "num_statements": 1, "percent_covered": 100.0, "percent_covered_display": "100", "missing_lines": 0, "excluded_lines": 0}, "missing_lines": [], "excluded_lines": []}, "NoCache.exists": {"executed_lines": [245], "summary": {"covered_lines": 1, "num_statements": 1, "percent_covered": 100.0, "percent_covered_display": "100", "missing_lines": 0, "excluded_lines": 0}, "missing_lines": [], "excluded_lines": []}, "CacheKey.build": {"executed_lines": [263, 265, 266, 268, 269, 271], "summary": {"covered_lines": 6, "num_statements": 6, "percent_covered": 100.0, "percent_covered_display": "100", "missing_lines": 0, "excluded_lines": 0}, "missing_lines": [], "excluded_lines": []}, "CachedOperation.__init__": {"executed_lines": [285, 286, 287], "summary": {"covered_lines": 3, "num_statements": 3, "percent_covered": 100.0, "percent_covered_display": "100", "missing_lines": 0, "excluded_lines": 0}, "missing_lines": [], "excluded_lines": []}, "CachedOperation.__call__": {"executed_lines": [298, 299, 301, 302, 319], "summary": {"covered_lines": 5, "num_statements": 17, "percent_covered": 29.41176470588235, "percent_covered_display": "29", "missing_lines": 12, "excluded_lines": 0}, "missing_lines": [321, 323, 327, 328, 329, 330, 331, 334, 337, 339, 341, 343], "excluded_lines": []}, "CachedOperation.__call__.async_wrapper": {"executed_lines": [304, 307, 308, 309, 312, 315, 317], "summary": {"covered_lines": 7, "num_statements": 7, "percent_covered": 100.0, "percent_covered_display": "100", "missing_lines": 0, "excluded_lines": 0}, "missing_lines": [], "excluded_lines": []}, "CacheConfig.__init__": {"executed_lines": [364, 365, 366, 367], "summary": {"covered_lines": 4, "num_statements": 4, "percent_covered": 100.0, "percent_covered_display": "100", "missing_lines": 0, "excluded_lines": 0}, "missing_lines": [], "excluded_lines": []}, "create_cache": {"executed_lines": [379, 380, 382, 383], "summary": {"covered_lines": 4, "num_statements": 5, "percent_covered": 80.0, "percent_covered_display": "80", "missing_lines": 1, "excluded_lines": 0}, "missing_lines": [385], "excluded_lines": []}, "get_cache": {"executed_lines": [403, 404, 405, 407, 409], "summary": {"covered_lines": 5, "num_statements": 5, "percent_covered": 100.0, "percent_covered_display": "100", "missing_lines": 0, "excluded_lines": 0}, "missing_lines": [], "excluded_lines": []}, "": {"executed_lines": [1, 3, 4, 5, 6, 9, 10, 12, 23, 34, 46, 47, 49, 50, 61, 62, 72, 73, 81, 82, 86, 87, 99, 100, 102, 113, 137, 152, 161, 167, 182, 200, 201, 203, 214, 224, 232, 236, 248, 249, 251, 252, 274, 275, 277, 289, 346, 347, 349, 370, 389, 392], "summary": {"covered_lines": 44, "num_statements": 44, "percent_covered": 100.0, "percent_covered_display": "100", "missing_lines": 0, "excluded_lines": 0}, "missing_lines": [], "excluded_lines": []}}, "classes": {"CacheEntry": {"executed_lines": [19, 20, 21, 29, 30, 32, 40, 41, 43], "summary": {"covered_lines": 9, "num_statements": 9, "percent_covered": 100.0, "percent_covered_display": "100", "missing_lines": 0, "excluded_lines": 0}, "missing_lines": [], "excluded_lines": []}, "BaseCache": {"executed_lines": [], "summary": {"covered_lines": 0, "num_statements": 5, "percent_covered": 0.0, "percent_covered_display": "0", "missing_lines": 5, "excluded_lines": 0}, "missing_lines": [59, 70, 79, 84, 96], "excluded_lines": []}, "MemoryCache": {"executed_lines": [108, 109, 110, 111, 122, 123, 124, 126, 127, 129, 130, 131, 132, 134, 135, 146, 147, 148, 150, 158, 159, 163, 164, 165, 176, 177, 179, 180, 188, 189, 191], "summary": {"covered_lines": 31, "num_statements": 31, "percent_covered": 100.0, "percent_covered_display": "100", "missing_lines": 0, "excluded_lines": 0}, "missing_lines": [], "excluded_lines": []}, "NoCache": {"executed_lines": [212, 222, 230, 234, 245], "summary": {"covered_lines": 5, "num_statements": 5, "percent_covered": 100.0, "percent_covered_display": "100", "missing_lines": 0, "excluded_lines": 0}, "missing_lines": [], "excluded_lines": []}, "CacheKey": {"executed_lines": [263, 265, 266, 268, 269, 271], "summary": {"covered_lines": 6, "num_statements": 6, "percent_covered": 100.0, "percent_covered_display": "100", "missing_lines": 0, "excluded_lines": 0}, "missing_lines": [], "excluded_lines": []}, "CachedOperation": {"executed_lines": [285, 286, 287, 298, 299, 301, 302, 304, 307, 308, 309, 312, 315, 317, 319], "summary": {"covered_lines": 15, "num_statements": 27, "percent_covered": 55.55555555555556, "percent_covered_display": "56", "missing_lines": 12, "excluded_lines": 0}, "missing_lines": [321, 323, 327, 328, 329, 330, 331, 334, 337, 339, 341, 343], "excluded_lines": []}, "CacheConfig": {"executed_lines": [364, 365, 366, 367], "summary": {"covered_lines": 4, "num_statements": 4, "percent_covered": 100.0, "percent_covered_display": "100", "missing_lines": 0, "excluded_lines": 0}, "missing_lines": [], "excluded_lines": []}, "": {"executed_lines": [1, 3, 4, 5, 6, 9, 10, 12, 23, 34, 46, 47, 49, 50, 61, 62, 72, 73, 81, 82, 86, 87, 99, 100, 102, 113, 137, 152, 161, 167, 182, 200, 201, 203, 214, 224, 232, 236, 248, 249, 251, 252, 274, 275, 277, 289, 346, 347, 349, 370, 379, 380, 382, 383, 389, 392, 403, 404, 405, 407, 409], "summary": {"covered_lines": 53, "num_statements": 54, "percent_covered": 98.14814814814815, "percent_covered_display": "98", "missing_lines": 1, "excluded_lines": 0}, "missing_lines": [385], "excluded_lines": []}}}, "src\\fastapi_easy\\core\\config.py": {"executed_lines": [1, 3, 4, 7, 8, 9, 15, 16, 17, 18, 19, 20, 23, 26, 27, 30, 31, 34, 37, 38, 41, 43, 45, 46, 48, 49, 51, 52], "summary": {"covered_lines": 26, "num_statements": 26, "percent_covered": 100.0, "percent_covered_display": "100", "missing_lines": 0, "excluded_lines": 0}, "missing_lines": [], "excluded_lines": [], "functions": {"CRUDConfig.validate": {"executed_lines": [45, 46, 48, 49, 51, 52], "summary": {"covered_lines": 6, "num_statements": 6, "percent_covered": 100.0, "percent_covered_display": "100", "missing_lines": 0, "excluded_lines": 0}, "missing_lines": [], "excluded_lines": []}, "": {"executed_lines": [1, 3, 4, 7, 8, 9, 15, 16, 17, 18, 19, 20, 23, 26, 27, 30, 31, 34, 37, 38, 41, 43], "summary": {"covered_lines": 20, "num_statements": 20, "percent_covered": 100.0, "percent_covered_display": "100", "missing_lines": 0, "excluded_lines": 0}, "missing_lines": [], "excluded_lines": []}}, "classes": {"CRUDConfig": {"executed_lines": [45, 46, 48, 49, 51, 52], "summary": {"covered_lines": 6, "num_statements": 6, "percent_covered": 100.0, "percent_covered_display": "100", "missing_lines": 0, "excluded_lines": 0}, "missing_lines": [], "excluded_lines": []}, "": {"executed_lines": [1, 3, 4, 7, 8, 9, 15, 16, 17, 18, 19, 20, 23, 26, 27, 30, 31, 34, 37, 38, 41, 43], "summary": {"covered_lines": 20, "num_statements": 20, "percent_covered": 100.0, "percent_covered_display": "100", "missing_lines": 0, "excluded_lines": 0}, "missing_lines": [], "excluded_lines": []}}}, "src\\fastapi_easy\\core\\crud_router.py": {"executed_lines": [1, 3, 4, 5, 7, 8, 9, 12, 13, 19, 45, 46, 47, 48, 49, 50, 51, 54, 57, 61, 65, 68, 70, 72, 73, 74, 75, 76, 77, 79, 81, 92, 102, 105, 106, 115, 116, 118, 120, 129, 131, 136, 144, 147, 148, 153, 154, 156, 158, 167, 169, 174, 182, 185, 186, 191, 192, 194, 196, 206, 208, 214, 223, 226, 227, 232, 233, 235, 237, 246, 248, 253, 261, 264, 265, 270, 271, 273, 275, 284, 286, 311, 320, 328], "summary": {"covered_lines": 82, "num_statements": 102, "percent_covered": 80.3921568627451, "percent_covered_display": "80", "missing_lines": 20, "excluded_lines": 0}, "missing_lines": [58, 62, 112, 150, 188, 229, 267, 290, 297, 300, 301, 303, 306, 307, 309, 326, 334, 335, 336, 338], "excluded_lines": [], "functions": {"CRUDRouter.__init__": {"executed_lines": [45, 46, 47, 48, 49, 50, 51, 54, 57, 61, 65, 68], "summary": {"covered_lines": 12, "num_statements": 14, "percent_covered": 85.71428571428571, "percent_covered_display": "86", "missing_lines": 2, "excluded_lines": 0}, "missing_lines": [58, 62], "excluded_lines": []}, "CRUDRouter._generate_routes": {"executed_lines": [72, 73, 74, 75, 76, 77], "summary": {"covered_lines": 6, "num_statements": 6, "percent_covered": 100.0, "percent_covered_display": "100", "missing_lines": 0, "excluded_lines": 0}, "missing_lines": [], "excluded_lines": []}, "CRUDRouter._add_get_all_route": {"executed_lines": [81, 120], "summary": {"covered_lines": 2, "num_statements": 2, "percent_covered": 100.0, "percent_covered_display": "100", "missing_lines": 0, "excluded_lines": 0}, "missing_lines": [], "excluded_lines": []}, "CRUDRouter._add_get_all_route.get_all": {"executed_lines": [92, 102, 105, 106, 115, 116, 118], "summary": {"covered_lines": 7, "num_statements": 8, "percent_covered": 87.5, "percent_covered_display": "88", "missing_lines": 1, "excluded_lines": 0}, "missing_lines": [112], "excluded_lines": []}, "CRUDRouter._add_get_one_route": {"executed_lines": [131, 158], "summary": {"covered_lines": 2, "num_statements": 2, "percent_covered": 100.0, "percent_covered_display": "100", "missing_lines": 0, "excluded_lines": 0}, "missing_lines": [], "excluded_lines": []}, "CRUDRouter._add_get_one_route.get_one": {"executed_lines": [136, 144, 147, 148, 153, 154, 156], "summary": {"covered_lines": 7, "num_statements": 8, "percent_covered": 87.5, "percent_covered_display": "88", "missing_lines": 1, "excluded_lines": 0}, "missing_lines": [150], "excluded_lines": []}, "CRUDRouter._add_create_route": {"executed_lines": [169, 196], "summary": {"covered_lines": 2, "num_statements": 2, "percent_covered": 100.0, "percent_covered_display": "100", "missing_lines": 0, "excluded_lines": 0}, "missing_lines": [], "excluded_lines": []}, "CRUDRouter._add_create_route.create": {"executed_lines": [174, 182, 185, 186, 191, 192, 194], "summary": {"covered_lines": 7, "num_statements": 8, "percent_covered": 87.5, "percent_covered_display": "88", "missing_lines": 1, "excluded_lines": 0}, "missing_lines": [188], "excluded_lines": []}, "CRUDRouter._add_update_route": {"executed_lines": [208, 237], "summary": {"covered_lines": 2, "num_statements": 2, "percent_covered": 100.0, "percent_covered_display": "100", "missing_lines": 0, "excluded_lines": 0}, "missing_lines": [], "excluded_lines": []}, "CRUDRouter._add_update_route.update": {"executed_lines": [214, 223, 226, 227, 232, 233, 235], "summary": {"covered_lines": 7, "num_statements": 8, "percent_covered": 87.5, "percent_covered_display": "88", "missing_lines": 1, "excluded_lines": 0}, "missing_lines": [229], "excluded_lines": []}, "CRUDRouter._add_delete_one_route": {"executed_lines": [248, 275], "summary": {"covered_lines": 2, "num_statements": 2, "percent_covered": 100.0, "percent_covered_display": "100", "missing_lines": 0, "excluded_lines": 0}, "missing_lines": [], "excluded_lines": []}, "CRUDRouter._add_delete_one_route.delete_one": {"executed_lines": [253, 261, 264, 265, 270, 271, 273], "summary": {"covered_lines": 7, "num_statements": 8, "percent_covered": 87.5, "percent_covered_display": "88", "missing_lines": 1, "excluded_lines": 0}, "missing_lines": [267], "excluded_lines": []}, "CRUDRouter._add_delete_all_route": {"executed_lines": [286, 311], "summary": {"covered_lines": 2, "num_statements": 2, "percent_covered": 100.0, "percent_covered_display": "100", "missing_lines": 0, "excluded_lines": 0}, "missing_lines": [], "excluded_lines": []}, "CRUDRouter._add_delete_all_route.delete_all": {"executed_lines": [], "summary": {"covered_lines": 0, "num_statements": 8, "percent_covered": 0.0, "percent_covered_display": "0", "missing_lines": 8, "excluded_lines": 0}, "missing_lines": [290, 297, 300, 301, 303, 306, 307, 309], "excluded_lines": []}, "CRUDRouter.get_config": {"executed_lines": [], "summary": {"covered_lines": 0, "num_statements": 1, "percent_covered": 0.0, "percent_covered_display": "0", "missing_lines": 1, "excluded_lines": 0}, "missing_lines": [326], "excluded_lines": []}, "CRUDRouter.update_config": {"executed_lines": [], "summary": {"covered_lines": 0, "num_statements": 4, "percent_covered": 0.0, "percent_covered_display": "0", "missing_lines": 4, "excluded_lines": 0}, "missing_lines": [334, 335, 336, 338], "excluded_lines": []}, "": {"executed_lines": [1, 3, 4, 5, 7, 8, 9, 12, 13, 19, 70, 79, 129, 167, 206, 246, 284, 320, 328], "summary": {"covered_lines": 17, "num_statements": 17, "percent_covered": 100.0, "percent_covered_display": "100", "missing_lines": 0, "excluded_lines": 0}, "missing_lines": [], "excluded_lines": []}}, "classes": {"CRUDRouter": {"executed_lines": [45, 46, 47, 48, 49, 50, 51, 54, 57, 61, 65, 68, 72, 73, 74, 75, 76, 77, 81, 92, 102, 105, 106, 115, 116, 118, 120, 131, 136, 144, 147, 148, 153, 154, 156, 158, 169, 174, 182, 185, 186, 191, 192, 194, 196, 208, 214, 223, 226, 227, 232, 233, 235, 237, 248, 253, 261, 264, 265, 270, 271, 273, 275, 286, 311], "summary": {"covered_lines": 65, "num_statements": 85, "percent_covered": 76.47058823529412, "percent_covered_display": "76", "missing_lines": 20, "excluded_lines": 0}, "missing_lines": [58, 62, 112, 150, 188, 229, 267, 290, 297, 300, 301, 303, 306, 307, 309, 326, 334, 335, 336, 338], "excluded_lines": []}, "": {"executed_lines": [1, 3, 4, 5, 7, 8, 9, 12, 13, 19, 70, 79, 129, 167, 206, 246, 284, 320, 328], "summary": {"covered_lines": 17, "num_statements": 17, "percent_covered": 100.0, "percent_covered_display": "100", "missing_lines": 0, "excluded_lines": 0}, "missing_lines": [], "excluded_lines": []}}}, "src\\fastapi_easy\\core\\errors.py": {"executed_lines": [1, 3, 4, 7, 8, 10, 11, 12, 13, 14, 15, 16, 19, 20, 25, 26, 27, 28, 30, 45, 46, 47, 48, 49, 51, 53, 60, 61, 63, 64, 72, 73, 75, 76, 84, 85, 87, 88, 96, 97, 99, 100, 108, 109, 111, 112, 119, 120, 122, 123], "summary": {"covered_lines": 41, "num_statements": 41, "percent_covered": 100.0, "percent_covered_display": "100", "missing_lines": 0, "excluded_lines": 0}, "missing_lines": [], "excluded_lines": [], "functions": {"AppError.__init__": {"executed_lines": [45, 46, 47, 48, 49], "summary": {"covered_lines": 5, "num_statements": 5, "percent_covered": 100.0, "percent_covered_display": "100", "missing_lines": 0, "excluded_lines": 0}, "missing_lines": [], "excluded_lines": []}, "AppError.to_dict": {"executed_lines": [53], "summary": {"covered_lines": 1, "num_statements": 1, "percent_covered": 100.0, "percent_covered_display": "100", "missing_lines": 0, "excluded_lines": 0}, "missing_lines": [], "excluded_lines": []}, "NotFoundError.__init__": {"executed_lines": [64], "summary": {"covered_lines": 1, "num_statements": 1, "percent_covered": 100.0, "percent_covered_display": "100", "missing_lines": 0, "excluded_lines": 0}, "missing_lines": [], "excluded_lines": []}, "ValidationError.__init__": {"executed_lines": [76], "summary": {"covered_lines": 1, "num_statements": 1, "percent_covered": 100.0, "percent_covered_display": "100", "missing_lines": 0, "excluded_lines": 0}, "missing_lines": [], "excluded_lines": []}, "PermissionDeniedError.__init__": {"executed_lines": [88], "summary": {"covered_lines": 1, "num_statements": 1, "percent_covered": 100.0, "percent_covered_display": "100", "missing_lines": 0, "excluded_lines": 0}, "missing_lines": [], "excluded_lines": []}, "ConflictError.__init__": {"executed_lines": [100], "summary": {"covered_lines": 1, "num_statements": 1, "percent_covered": 100.0, "percent_covered_display": "100", "missing_lines": 0, "excluded_lines": 0}, "missing_lines": [], "excluded_lines": []}, "UnauthorizedError.__init__": {"executed_lines": [112], "summary": {"covered_lines": 1, "num_statements": 1, "percent_covered": 100.0, "percent_covered_display": "100", "missing_lines": 0, "excluded_lines": 0}, "missing_lines": [], "excluded_lines": []}, "BadRequestError.__init__": {"executed_lines": [123], "summary": {"covered_lines": 1, "num_statements": 1, "percent_covered": 100.0, "percent_covered_display": "100", "missing_lines": 0, "excluded_lines": 0}, "missing_lines": [], "excluded_lines": []}, "": {"executed_lines": [1, 3, 4, 7, 8, 10, 11, 12, 13, 14, 15, 16, 19, 20, 25, 26, 27, 28, 30, 51, 60, 61, 63, 72, 73, 75, 84, 85, 87, 96, 97, 99, 108, 109, 111, 119, 120, 122], "summary": {"covered_lines": 29, "num_statements": 29, "percent_covered": 100.0, "percent_covered_display": "100", "missing_lines": 0, "excluded_lines": 0}, "missing_lines": [], "excluded_lines": []}}, "classes": {"ErrorCode": {"executed_lines": [], "summary": {"covered_lines": 0, "num_statements": 0, "percent_covered": 100.0, "percent_covered_display": "100", "missing_lines": 0, "excluded_lines": 0}, "missing_lines": [], "excluded_lines": []}, "AppError": {"executed_lines": [45, 46, 47, 48, 49, 53], "summary": {"covered_lines": 6, "num_statements": 6, "percent_covered": 100.0, "percent_covered_display": "100", "missing_lines": 0, "excluded_lines": 0}, "missing_lines": [], "excluded_lines": []}, "NotFoundError": {"executed_lines": [64], "summary": {"covered_lines": 1, "num_statements": 1, "percent_covered": 100.0, "percent_covered_display": "100", "missing_lines": 0, "excluded_lines": 0}, "missing_lines": [], "excluded_lines": []}, "ValidationError": {"executed_lines": [76], "summary": {"covered_lines": 1, "num_statements": 1, "percent_covered": 100.0, "percent_covered_display": "100", "missing_lines": 0, "excluded_lines": 0}, "missing_lines": [], "excluded_lines": []}, "PermissionDeniedError": {"executed_lines": [88], "summary": {"covered_lines": 1, "num_statements": 1, "percent_covered": 100.0, "percent_covered_display": "100", "missing_lines": 0, "excluded_lines": 0}, "missing_lines": [], "excluded_lines": []}, "ConflictError": {"executed_lines": [100], "summary": {"covered_lines": 1, "num_statements": 1, "percent_covered": 100.0, "percent_covered_display": "100", "missing_lines": 0, "excluded_lines": 0}, "missing_lines": [], "excluded_lines": []}, "UnauthorizedError": {"executed_lines": [112], "summary": {"covered_lines": 1, "num_statements": 1, "percent_covered": 100.0, "percent_covered_display": "100", "missing_lines": 0, "excluded_lines": 0}, "missing_lines": [], "excluded_lines": []}, "BadRequestError": {"executed_lines": [123], "summary": {"covered_lines": 1, "num_statements": 1, "percent_covered": 100.0, "percent_covered_display": "100", "missing_lines": 0, "excluded_lines": 0}, "missing_lines": [], "excluded_lines": []}, "": {"executed_lines": [1, 3, 4, 7, 8, 10, 11, 12, 13, 14, 15, 16, 19, 20, 25, 26, 27, 28, 30, 51, 60, 61, 63, 72, 73, 75, 84, 85, 87, 96, 97, 99, 108, 109, 111, 119, 120, 122], "summary": {"covered_lines": 29, "num_statements": 29, "percent_covered": 100.0, "percent_covered_display": "100", "missing_lines": 0, "excluded_lines": 0}, "missing_lines": [], "excluded_lines": []}}}, "src\\fastapi_easy\\core\\formatters.py": {"executed_lines": [1, 3, 4, 5, 8, 9, 11, 12, 23, 24, 35, 36, 48, 49, 51, 60, 61, 65, 66, 77, 86, 92, 101, 109, 110, 112, 124, 126, 138, 150, 162, 171, 179, 180, 182, 189, 190, 192, 201, 203, 208, 209, 211, 212, 214, 216, 225, 227, 233, 234, 236, 237, 239, 241, 250, 252, 259, 260, 262, 263, 265, 268, 269, 271, 273, 279, 286, 288, 297, 299, 310, 311, 312, 314, 316, 327, 328, 331, 333, 343, 344, 347, 351, 354, 362, 363, 365], "summary": {"covered_lines": 81, "num_statements": 87, "percent_covered": 93.10344827586206, "percent_covered_display": "93", "missing_lines": 6, "excluded_lines": 0}, "missing_lines": [21, 33, 45, 72, 329, 345], "excluded_lines": [], "functions": {"BaseFormatter.format": {"executed_lines": [], "summary": {"covered_lines": 0, "num_statements": 1, "percent_covered": 0.0, "percent_covered_display": "0", "missing_lines": 1, "excluded_lines": 0}, "missing_lines": [21], "excluded_lines": []}, "BaseFormatter.format_list": {"executed_lines": [], "summary": {"covered_lines": 0, "num_statements": 1, "percent_covered": 0.0, "percent_covered_display": "0", "missing_lines": 1, "excluded_lines": 0}, "missing_lines": [33], "excluded_lines": []}, "BaseFormatter.format_error": {"executed_lines": [], "summary": {"covered_lines": 0, "num_statements": 1, "percent_covered": 0.0, "percent_covered_display": "0", "missing_lines": 1, "excluded_lines": 0}, "missing_lines": [45], "excluded_lines": []}, "JSONFormatter.format": {"executed_lines": [60, 61, 65, 66], "summary": {"covered_lines": 4, "num_statements": 5, "percent_covered": 80.0, "percent_covered_display": "80", "missing_lines": 1, "excluded_lines": 0}, "missing_lines": [72], "excluded_lines": []}, "JSONFormatter.format_list": {"executed_lines": [86], "summary": {"covered_lines": 1, "num_statements": 1, "percent_covered": 100.0, "percent_covered_display": "100", "missing_lines": 0, "excluded_lines": 0}, "missing_lines": [], "excluded_lines": []}, "JSONFormatter.format_error": {"executed_lines": [101], "summary": {"covered_lines": 1, "num_statements": 1, "percent_covered": 100.0, "percent_covered_display": "100", "missing_lines": 0, "excluded_lines": 0}, "missing_lines": [], "excluded_lines": []}, "PaginatedFormatter.format": {"executed_lines": [124, 126], "summary": {"covered_lines": 2, "num_statements": 2, "percent_covered": 100.0, "percent_covered_display": "100", "missing_lines": 0, "excluded_lines": 0}, "missing_lines": [], "excluded_lines": []}, "PaginatedFormatter.format_list": {"executed_lines": [150], "summary": {"covered_lines": 1, "num_statements": 1, "percent_covered": 100.0, "percent_covered_display": "100", "missing_lines": 0, "excluded_lines": 0}, "missing_lines": [], "excluded_lines": []}, "PaginatedFormatter.format_error": {"executed_lines": [171], "summary": {"covered_lines": 1, "num_statements": 1, "percent_covered": 100.0, "percent_covered_display": "100", "missing_lines": 0, "excluded_lines": 0}, "missing_lines": [], "excluded_lines": []}, "EnvelopeFormatter.__init__": {"executed_lines": [189, 190], "summary": {"covered_lines": 2, "num_statements": 2, "percent_covered": 100.0, "percent_covered_display": "100", "missing_lines": 0, "excluded_lines": 0}, "missing_lines": [], "excluded_lines": []}, "EnvelopeFormatter.format": {"executed_lines": [201, 203, 208, 209, 211, 212, 214], "summary": {"covered_lines": 7, "num_statements": 7, "percent_covered": 100.0, "percent_covered_display": "100", "missing_lines": 0, "excluded_lines": 0}, "missing_lines": [], "excluded_lines": []}, "EnvelopeFormatter.format_list": {"executed_lines": [225, 227, 233, 234, 236, 237, 239], "summary": {"covered_lines": 7, "num_statements": 7, "percent_covered": 100.0, "percent_covered_display": "100", "missing_lines": 0, "excluded_lines": 0}, "missing_lines": [], "excluded_lines": []}, "EnvelopeFormatter.format_error": {"executed_lines": [250, 252, 259, 260, 262, 263, 265], "summary": {"covered_lines": 7, "num_statements": 7, "percent_covered": 100.0, "percent_covered_display": "100", "missing_lines": 0, "excluded_lines": 0}, "missing_lines": [], "excluded_lines": []}, "FormatterRegistry.__init__": {"executed_lines": [273], "summary": {"covered_lines": 1, "num_statements": 1, "percent_covered": 100.0, "percent_covered_display": "100", "missing_lines": 0, "excluded_lines": 0}, "missing_lines": [], "excluded_lines": []}, "FormatterRegistry.register": {"executed_lines": [286], "summary": {"covered_lines": 1, "num_statements": 1, "percent_covered": 100.0, "percent_covered_display": "100", "missing_lines": 0, "excluded_lines": 0}, "missing_lines": [], "excluded_lines": []}, "FormatterRegistry.get": {"executed_lines": [297], "summary": {"covered_lines": 1, "num_statements": 1, "percent_covered": 100.0, "percent_covered_display": "100", "missing_lines": 0, "excluded_lines": 0}, "missing_lines": [], "excluded_lines": []}, "FormatterRegistry.format": {"executed_lines": [310, 311, 312, 314], "summary": {"covered_lines": 4, "num_statements": 4, "percent_covered": 100.0, "percent_covered_display": "100", "missing_lines": 0, "excluded_lines": 0}, "missing_lines": [], "excluded_lines": []}, "FormatterRegistry.format_list": {"executed_lines": [327, 328, 331], "summary": {"covered_lines": 3, "num_statements": 4, "percent_covered": 75.0, "percent_covered_display": "75", "missing_lines": 1, "excluded_lines": 0}, "missing_lines": [329], "excluded_lines": []}, "FormatterRegistry.format_error": {"executed_lines": [343, 344, 347], "summary": {"covered_lines": 3, "num_statements": 4, "percent_covered": 75.0, "percent_covered_display": "75", "missing_lines": 1, "excluded_lines": 0}, "missing_lines": [345], "excluded_lines": []}, "get_formatter_registry": {"executed_lines": [362, 363, 365], "summary": {"covered_lines": 3, "num_statements": 3, "percent_covered": 100.0, "percent_covered_display": "100", "missing_lines": 0, "excluded_lines": 0}, "missing_lines": [], "excluded_lines": []}, "": {"executed_lines": [1, 3, 4, 5, 8, 9, 11, 12, 23, 24, 35, 36, 48, 49, 51, 77, 92, 109, 110, 112, 138, 162, 179, 180, 182, 192, 216, 241, 268, 269, 271, 279, 288, 299, 316, 333, 351, 354], "summary": {"covered_lines": 32, "num_statements": 32, "percent_covered": 100.0, "percent_covered_display": "100", "missing_lines": 0, "excluded_lines": 0}, "missing_lines": [], "excluded_lines": []}}, "classes": {"BaseFormatter": {"executed_lines": [], "summary": {"covered_lines": 0, "num_statements": 3, "percent_covered": 0.0, "percent_covered_display": "0", "missing_lines": 3, "excluded_lines": 0}, "missing_lines": [21, 33, 45], "excluded_lines": []}, "JSONFormatter": {"executed_lines": [60, 61, 65, 66, 86, 101], "summary": {"covered_lines": 6, "num_statements": 7, "percent_covered": 85.71428571428571, "percent_covered_display": "86", "missing_lines": 1, "excluded_lines": 0}, "missing_lines": [72], "excluded_lines": []}, "PaginatedFormatter": {"executed_lines": [124, 126, 150, 171], "summary": {"covered_lines": 4, "num_statements": 4, "percent_covered": 100.0, "percent_covered_display": "100", "missing_lines": 0, "excluded_lines": 0}, "missing_lines": [], "excluded_lines": []}, "EnvelopeFormatter": {"executed_lines": [189, 190, 201, 203, 208, 209, 211, 212, 214, 225, 227, 233, 234, 236, 237, 239, 250, 252, 259, 260, 262, 263, 265], "summary": {"covered_lines": 23, "num_statements": 23, "percent_covered": 100.0, "percent_covered_display": "100", "missing_lines": 0, "excluded_lines": 0}, "missing_lines": [], "excluded_lines": []}, "FormatterRegistry": {"executed_lines": [273, 286, 297, 310, 311, 312, 314, 327, 328, 331, 343, 344, 347], "summary": {"covered_lines": 13, "num_statements": 15, "percent_covered": 86.66666666666667, "percent_covered_display": "87", "missing_lines": 2, "excluded_lines": 0}, "missing_lines": [329, 345], "excluded_lines": []}, "": {"executed_lines": [1, 3, 4, 5, 8, 9, 11, 12, 23, 24, 35, 36, 48, 49, 51, 77, 92, 109, 110, 112, 138, 162, 179, 180, 182, 192, 216, 241, 268, 269, 271, 279, 288, 299, 316, 333, 351, 354, 362, 363, 365], "summary": {"covered_lines": 35, "num_statements": 35, "percent_covered": 100.0, "percent_covered_display": "100", "missing_lines": 0, "excluded_lines": 0}, "missing_lines": [], "excluded_lines": []}}}, "src\\fastapi_easy\\core\\hooks.py": {"executed_lines": [1, 3, 4, 7, 8, 9, 14, 15, 16, 17, 18, 19, 20, 21, 22, 23, 26, 27, 33, 46, 48, 50, 60, 61, 63, 64, 66, 68, 75, 76, 78, 85, 86, 88, 89, 91, 94, 96, 97, 99, 108, 110, 116, 118, 124, 125, 126, 127, 131], "summary": {"covered_lines": 46, "num_statements": 47, "percent_covered": 97.87234042553192, "percent_covered_display": "98", "missing_lines": 1, "excluded_lines": 0}, "missing_lines": [92], "excluded_lines": [], "functions": {"HookRegistry.__init__": {"executed_lines": [48], "summary": {"covered_lines": 1, "num_statements": 1, "percent_covered": 100.0, "percent_covered_display": "100", "missing_lines": 0, "excluded_lines": 0}, "missing_lines": [], "excluded_lines": []}, "HookRegistry.register": {"executed_lines": [60, 61, 63, 64, 66], "summary": {"covered_lines": 5, "num_statements": 5, "percent_covered": 100.0, "percent_covered_display": "100", "missing_lines": 0, "excluded_lines": 0}, "missing_lines": [], "excluded_lines": []}, "HookRegistry.unregister": {"executed_lines": [75, 76], "summary": {"covered_lines": 2, "num_statements": 2, "percent_covered": 100.0, "percent_covered_display": "100", "missing_lines": 0, "excluded_lines": 0}, "missing_lines": [], "excluded_lines": []}, "HookRegistry.trigger": {"executed_lines": [85, 86, 88, 89, 91, 94, 96, 97], "summary": {"covered_lines": 8, "num_statements": 9, "percent_covered": 88.88888888888889, "percent_covered_display": "89", "missing_lines": 1, "excluded_lines": 0}, "missing_lines": [92], "excluded_lines": []}, "HookRegistry.get_hooks": {"executed_lines": [108], "summary": {"covered_lines": 1, "num_statements": 1, "percent_covered": 100.0, "percent_covered_display": "100", "missing_lines": 0, "excluded_lines": 0}, "missing_lines": [], "excluded_lines": []}, "HookRegistry.get_all": {"executed_lines": [116], "summary": {"covered_lines": 1, "num_statements": 1, "percent_covered": 100.0, "percent_covered_display": "100", "missing_lines": 0, "excluded_lines": 0}, "missing_lines": [], "excluded_lines": []}, "HookRegistry.clear": {"executed_lines": [124, 125, 126, 127], "summary": {"covered_lines": 4, "num_statements": 4, "percent_covered": 100.0, "percent_covered_display": "100", "missing_lines": 0, "excluded_lines": 0}, "missing_lines": [], "excluded_lines": []}, "": {"executed_lines": [1, 3, 4, 7, 8, 9, 14, 15, 16, 17, 18, 19, 20, 21, 22, 23, 26, 27, 33, 46, 50, 68, 78, 99, 110, 118, 131], "summary": {"covered_lines": 24, "num_statements": 24, "percent_covered": 100.0, "percent_covered_display": "100", "missing_lines": 0, "excluded_lines": 0}, "missing_lines": [], "excluded_lines": []}}, "classes": {"ExecutionContext": {"executed_lines": [], "summary": {"covered_lines": 0, "num_statements": 0, "percent_covered": 100.0, "percent_covered_display": "100", "missing_lines": 0, "excluded_lines": 0}, "missing_lines": [], "excluded_lines": []}, "HookRegistry": {"executed_lines": [48, 60, 61, 63, 64, 66, 75, 76, 85, 86, 88, 89, 91, 94, 96, 97, 108, 116, 124, 125, 126, 127], "summary": {"covered_lines": 22, "num_statements": 23, "percent_covered": 95.65217391304348, "percent_covered_display": "96", "missing_lines": 1, "excluded_lines": 0}, "missing_lines": [92], "excluded_lines": []}, "": {"executed_lines": [1, 3, 4, 7, 8, 9, 14, 15, 16, 17, 18, 19, 20, 21, 22, 23, 26, 27, 33, 46, 50, 68, 78, 99, 110, 118, 131], "summary": {"covered_lines": 24, "num_statements": 24, "percent_covered": 100.0, "percent_covered_display": "100", "missing_lines": 0, "excluded_lines": 0}, "missing_lines": [], "excluded_lines": []}}}, "src\\fastapi_easy\\core\\logger.py": {"executed_lines": [1, 3, 4, 5, 6, 7, 10, 11, 13, 14, 15, 16, 17, 20, 21, 23, 32, 43, 44, 47, 48, 50, 53, 54, 56, 69, 70, 71, 74, 75, 78, 79, 85, 86, 88, 99, 101, 112, 114, 125, 127, 140, 141, 143, 145, 156, 158, 171, 172, 173, 175, 178, 179, 181, 187, 189, 202, 212, 225, 235, 250, 261, 274, 284, 299, 311, 312, 314, 331, 332, 333, 334, 335, 339, 342, 359, 360, 362, 365, 371], "summary": {"covered_lines": 74, "num_statements": 75, "percent_covered": 98.66666666666667, "percent_covered_display": "99", "missing_lines": 1, "excluded_lines": 0}, "missing_lines": [81], "excluded_lines": [], "functions": {"LogFormatter.format": {"executed_lines": [32, 43, 44, 47, 48, 50], "summary": {"covered_lines": 6, "num_statements": 6, "percent_covered": 100.0, "percent_covered_display": "100", "missing_lines": 0, "excluded_lines": 0}, "missing_lines": [], "excluded_lines": []}, "StructuredLogger.__init__": {"executed_lines": [69, 70, 71, 74, 75, 78, 79, 85, 86], "summary": {"covered_lines": 9, "num_statements": 10, "percent_covered": 90.0, "percent_covered_display": "90", "missing_lines": 1, "excluded_lines": 0}, "missing_lines": [81], "excluded_lines": []}, "StructuredLogger.debug": {"executed_lines": [99], "summary": {"covered_lines": 1, "num_statements": 1, "percent_covered": 100.0, "percent_covered_display": "100", "missing_lines": 0, "excluded_lines": 0}, "missing_lines": [], "excluded_lines": []}, "StructuredLogger.info": {"executed_lines": [112], "summary": {"covered_lines": 1, "num_statements": 1, "percent_covered": 100.0, "percent_covered_display": "100", "missing_lines": 0, "excluded_lines": 0}, "missing_lines": [], "excluded_lines": []}, "StructuredLogger.warning": {"executed_lines": [125], "summary": {"covered_lines": 1, "num_statements": 1, "percent_covered": 100.0, "percent_covered_display": "100", "missing_lines": 0, "excluded_lines": 0}, "missing_lines": [], "excluded_lines": []}, "StructuredLogger.error": {"executed_lines": [140, 141, 143], "summary": {"covered_lines": 3, "num_statements": 3, "percent_covered": 100.0, "percent_covered_display": "100", "missing_lines": 0, "excluded_lines": 0}, "missing_lines": [], "excluded_lines": []}, "StructuredLogger.critical": {"executed_lines": [156], "summary": {"covered_lines": 1, "num_statements": 1, "percent_covered": 100.0, "percent_covered_display": "100", "missing_lines": 0, "excluded_lines": 0}, "missing_lines": [], "excluded_lines": []}, "StructuredLogger._log": {"executed_lines": [171, 172, 173, 175], "summary": {"covered_lines": 4, "num_statements": 4, "percent_covered": 100.0, "percent_covered_display": "100", "missing_lines": 0, "excluded_lines": 0}, "missing_lines": [], "excluded_lines": []}, "OperationLogger.__init__": {"executed_lines": [187], "summary": {"covered_lines": 1, "num_statements": 1, "percent_covered": 100.0, "percent_covered_display": "100", "missing_lines": 0, "excluded_lines": 0}, "missing_lines": [], "excluded_lines": []}, "OperationLogger.log_create": {"executed_lines": [202], "summary": {"covered_lines": 1, "num_statements": 1, "percent_covered": 100.0, "percent_covered_display": "100", "missing_lines": 0, "excluded_lines": 0}, "missing_lines": [], "excluded_lines": []}, "OperationLogger.log_read": {"executed_lines": [225], "summary": {"covered_lines": 1, "num_statements": 1, "percent_covered": 100.0, "percent_covered_display": "100", "missing_lines": 0, "excluded_lines": 0}, "missing_lines": [], "excluded_lines": []}, "OperationLogger.log_update": {"executed_lines": [250], "summary": {"covered_lines": 1, "num_statements": 1, "percent_covered": 100.0, "percent_covered_display": "100", "missing_lines": 0, "excluded_lines": 0}, "missing_lines": [], "excluded_lines": []}, "OperationLogger.log_delete": {"executed_lines": [274], "summary": {"covered_lines": 1, "num_statements": 1, "percent_covered": 100.0, "percent_covered_display": "100", "missing_lines": 0, "excluded_lines": 0}, "missing_lines": [], "excluded_lines": []}, "OperationLogger.log_error": {"executed_lines": [299], "summary": {"covered_li
[...]
, 101, 119, 129, 130, 132, 142, 163, 185, 209, 210, 212, 223, 239, 257, 270, 284, 285, 287, 291, 299, 308, 323, 339], "summary": {"covered_lines": 35, "num_statements": 35, "percent_covered": 100.0, "percent_covered_display": "100", "missing_lines": 0, "excluded_lines": 0}, "missing_lines": [], "excluded_lines": []}}, "classes": {"BaseMiddleware": {"executed_lines": [16, 17, 58, 62], "summary": {"covered_lines": 4, "num_statements": 7, "percent_covered": 57.142857142857146, "percent_covered_display": "57", "missing_lines": 3, "excluded_lines": 0}, "missing_lines": [29, 42, 54], "excluded_lines": []}, "ErrorHandlingMiddleware": {"executed_lines": [74, 75, 86, 87, 111, 113, 117, 126], "summary": {"covered_lines": 8, "num_statements": 11, "percent_covered": 72.72727272727273, "percent_covered_display": "73", "missing_lines": 3, "excluded_lines": 0}, "missing_lines": [99, 114, 115], "excluded_lines": []}, "LoggingMiddleware": {"executed_lines": [139, 140, 151, 161, 173, 183, 195, 206], "summary": {"covered_lines": 8, "num_statements": 11, "percent_covered": 72.72727272727273, "percent_covered_display": "73", "missing_lines": 3, "excluded_lines": 0}, "missing_lines": [152, 174, 196], "excluded_lines": []}, "MonitoringMiddleware": {"executed_lines": [218, 219, 220, 221, 232, 234, 235, 237, 249, 251, 252, 253, 255, 267, 268, 276], "summary": {"covered_lines": 16, "num_statements": 16, "percent_covered": 100.0, "percent_covered_display": "100", "missing_lines": 0, "excluded_lines": 0}, "missing_lines": [], "excluded_lines": []}, "MiddlewareChain": {"executed_lines": [289, 297, 305, 306, 317, 318, 319, 321, 333, 334, 335, 337, 349, 350, 351, 353], "summary": {"covered_lines": 16, "num_statements": 16, "percent_covered": 100.0, "percent_covered_display": "100", "missing_lines": 0, "excluded_lines": 0}, "missing_lines": [], "excluded_lines": []}, "": {"executed_lines": [1, 3, 4, 7, 8, 10, 19, 20, 31, 32, 44, 56, 60, 65, 66, 68, 77, 89, 101, 119, 129, 130, 132, 142, 163, 185, 209, 210, 212, 223, 239, 257, 270, 284, 285, 287, 291, 299, 308, 323, 339], "summary": {"covered_lines": 35, "num_statements": 35, "percent_covered": 100.0, "percent_covered_display": "100", "missing_lines": 0, "excluded_lines": 0}, "missing_lines": [], "excluded_lines": []}}}, "src\\fastapi_easy\\utils\\__init__.py": {"executed_lines": [1, 3, 4, 5, 7], "summary": {"covered_lines": 4, "num_statements": 4, "percent_covered": 100.0, "percent_covered_display": "100", "missing_lines": 0, "excluded_lines": 0}, "missing_lines": [], "excluded_lines": [], "functions": {"": {"executed_lines": [1, 3, 4, 5, 7], "summary": {"covered_lines": 4, "num_statements": 4, "percent_covered": 100.0, "percent_covered_display": "100", "missing_lines": 0, "excluded_lines": 0}, "missing_lines": [], "excluded_lines": []}}, "classes": {"": {"executed_lines": [1, 3, 4, 5, 7], "summary": {"covered_lines": 4, "num_statements": 4, "percent_covered": 100.0, "percent_covered_display": "100", "missing_lines": 0, "excluded_lines": 0}, "missing_lines": [], "excluded_lines": []}}}, "src\\fastapi_easy\\utils\\filters.py": {"executed_lines": [1, 3, 6, 7, 21, 32, 33, 47, 49, 50, 51, 54, 55, 58, 59, 60, 61, 68, 75, 81, 83, 84, 93], "summary": {"covered_lines": 21, "num_statements": 21, "percent_covered": 100.0, "percent_covered_display": "100", "missing_lines": 0, "excluded_lines": 0}, "missing_lines": [], "excluded_lines": [], "functions": {"FilterParser.parse": {"executed_lines": [47, 49, 50, 51, 54, 55, 58, 59, 60, 61, 68, 75, 81], "summary": {"covered_lines": 13, "num_statements": 13, "percent_covered": 100.0, "percent_covered_display": "100", "missing_lines": 0, "excluded_lines": 0}, "missing_lines": [], "excluded_lines": []}, "FilterParser.get_operator_description": {"executed_lines": [93], "summary": {"covered_lines": 1, "num_statements": 1, "percent_covered": 100.0, "percent_covered_display": "100", "missing_lines": 0, "excluded_lines": 0}, "missing_lines": [], "excluded_lines": []}, "": {"executed_lines": [1, 3, 6, 7, 21, 32, 33, 83, 84], "summary": {"covered_lines": 7, "num_statements": 7, "percent_covered": 100.0, "percent_covered_display": "100", "missing_lines": 0, "excluded_lines": 0}, "missing_lines": [], "excluded_lines": []}}, "classes": {"FilterParser": {"executed_lines": [47, 49, 50, 51, 54, 55, 58, 59, 60, 61, 68, 75, 81, 93], "summary": {"covered_lines": 14, "num_statements": 14, "percent_covered": 100.0, "percent_covered_display": "100", "missing_lines": 0, "excluded_lines": 0}, "missing_lines": [], "excluded_lines": []}, "": {"executed_lines": [1, 3, 6, 7, 21, 32, 33, 83, 84], "summary": {"covered_lines": 7, "num_statements": 7, "percent_covered": 100.0, "percent_covered_display": "100", "missing_lines": 0, "excluded_lines": 0}, "missing_lines": [], "excluded_lines": []}}}, "src\\fastapi_easy\\utils\\pagination.py": {"executed_lines": [1, 3, 4, 6, 9, 10, 11, 13, 14, 16, 25, 26, 28, 29, 31, 32, 34, 36, 39, 54, 55, 57], "summary": {"covered_lines": 20, "num_statements": 20, "percent_covered": 100.0, "percent_covered_display": "100", "missing_lines": 0, "excluded_lines": 0}, "missing_lines": [], "excluded_lines": [], "functions": {"PaginationParams.validate": {"executed_lines": [25, 26, 28, 29, 31, 32], "summary": {"covered_lines": 6, "num_statements": 6, "percent_covered": 100.0, "percent_covered_display": "100", "missing_lines": 0, "excluded_lines": 0}, "missing_lines": [], "excluded_lines": []}, "PaginationParams.to_dict": {"executed_lines": [36], "summary": {"covered_lines": 1, "num_statements": 1, "percent_covered": 100.0, "percent_covered_display": "100", "missing_lines": 0, "excluded_lines": 0}, "missing_lines": [], "excluded_lines": []}, "paginate": {"executed_lines": [54, 55, 57], "summary": {"covered_lines": 3, "num_statements": 3, "percent_covered": 100.0, "percent_covered_display": "100", "missing_lines": 0, "excluded_lines": 0}, "missing_lines": [], "excluded_lines": []}, "": {"executed_lines": [1, 3, 4, 6, 9, 10, 11, 13, 14, 16, 34, 39], "summary": {"covered_lines": 10, "num_statements": 10, "percent_covered": 100.0, "percent_covered_display": "100", "missing_lines": 0, "excluded_lines": 0}, "missing_lines": [], "excluded_lines": []}}, "classes": {"PaginationParams": {"executed_lines": [25, 26, 28, 29, 31, 32, 36], "summary": {"covered_lines": 7, "num_statements": 7, "percent_covered": 100.0, "percent_covered_display": "100", "missing_lines": 0, "excluded_lines": 0}, "missing_lines": [], "excluded_lines": []}, "": {"executed_lines": [1, 3, 4, 6, 9, 10, 11, 13, 14, 16, 34, 39, 54, 55, 57], "summary": {"covered_lines": 13, "num_statements": 13, "percent_covered": 100.0, "percent_covered_display": "100", "missing_lines": 0, "excluded_lines": 0}, "missing_lines": [], "excluded_lines": []}}}, "src\\fastapi_easy\\utils\\sorters.py": {"executed_lines": [1, 3, 6, 7, 15, 16, 30, 31, 33, 36, 37, 39, 43, 44, 45, 47, 48, 51, 52, 54, 56, 58, 59, 73, 74, 75, 77, 79, 80, 89], "summary": {"covered_lines": 28, "num_statements": 29, "percent_covered": 96.55172413793103, "percent_covered_display": "97", "missing_lines": 1, "excluded_lines": 0}, "missing_lines": [40], "excluded_lines": [], "functions": {"SortParser.parse": {"executed_lines": [30, 31, 33, 36, 37, 39, 43, 44, 45, 47, 48, 51, 52, 54, 56], "summary": {"covered_lines": 15, "num_statements": 16, "percent_covered": 93.75, "percent_covered_display": "94", "missing_lines": 1, "excluded_lines": 0}, "missing_lines": [40], "excluded_lines": []}, "SortParser.parse_from_dict": {"executed_lines": [73, 74, 75, 77], "summary": {"covered_lines": 4, "num_statements": 4, "percent_covered": 100.0, "percent_covered_display": "100", "missing_lines": 0, "excluded_lines": 0}, "missing_lines": [], "excluded_lines": []}, "SortParser.to_list": {"executed_lines": [89], "summary": {"covered_lines": 1, "num_statements": 1, "percent_covered": 100.0, "percent_covered_display": "100", "missing_lines": 0, "excluded_lines": 0}, "missing_lines": [], "excluded_lines": []}, "": {"executed_lines": [1, 3, 6, 7, 15, 16, 58, 59, 79, 80], "summary": {"covered_lines": 8, "num_statements": 8, "percent_covered": 100.0, "percent_covered_display": "100", "missing_lines": 0, "excluded_lines": 0}, "missing_lines": [], "excluded_lines": []}}, "classes": {"SortParser": {"executed_lines": [30, 31, 33, 36, 37, 39, 43, 44, 45, 47, 48, 51, 52, 54, 56, 73, 74, 75, 77, 89], "summary": {"covered_lines": 20, "num_statements": 21, "percent_covered": 95.23809523809524, "percent_covered_display": "95", "missing_lines": 1, "excluded_lines": 0}, "missing_lines": [40], "excluded_lines": []}, "": {"executed_lines": [1, 3, 6, 7, 15, 16, 58, 59, 79, 80], "summary": {"covered_lines": 8, "num_statements": 8, "percent_covered": 100.0, "percent_covered_display": "100", "missing_lines": 0, "excluded_lines": 0}, "missing_lines": [], "excluded_lines": []}}}, "src\\fastapi_easy\\websocket.py": {"executed_lines": [1, 3, 4, 5, 6, 7, 10, 11, 13, 28, 29, 30, 31, 33, 39, 46, 52, 55, 56, 58, 60, 61, 63, 70, 72, 78, 79, 81, 88, 89, 90, 92, 99, 100, 101, 103, 104, 109, 116, 118, 127, 129, 130, 131, 133, 135, 137, 143, 145, 151, 154, 155, 157, 163, 164, 166, 172, 174, 180, 182, 191, 193, 199, 201, 207, 210, 211, 213, 215, 217, 226, 227, 229, 231, 240, 242, 248, 249, 251, 258, 259, 261, 268, 270, 271, 274, 275, 277, 286, 288, 289, 293, 299, 302, 303, 305, 320, 321, 322, 323, 327, 328, 331, 339, 340, 342, 345, 353, 354, 356], "summary": {"covered_lines": 104, "num_statements": 107, "percent_covered": 97.19626168224299, "percent_covered_display": "97", "missing_lines": 3, "excluded_lines": 0}, "missing_lines": [105, 107, 291], "excluded_lines": [], "functions": {"WebSocketMessage.__init__": {"executed_lines": [28, 29, 30, 31], "summary": {"covered_lines": 4, "num_statements": 4, "percent_covered": 100.0, "percent_covered_display": "100", "missing_lines": 0, "excluded_lines": 0}, "missing_lines": [], "excluded_lines": []}, "WebSocketMessage.to_dict": {"executed_lines": [39], "summary": {"covered_lines": 1, "num_statements": 1, "percent_covered": 100.0, "percent_covered_display": "100", "missing_lines": 0, "excluded_lines": 0}, "missing_lines": [], "excluded_lines": []}, "WebSocketMessage.to_json": {"executed_lines": [52], "summary": {"covered_lines": 1, "num_statements": 1, "percent_covered": 100.0, "percent_covered_display": "100", "missing_lines": 0, "excluded_lines": 0}, "missing_lines": [], "excluded_lines": []}, "WebSocketConnectionManager.__init__": {"executed_lines": [60, 61], "summary": {"covered_lines": 2, "num_statements": 2, "percent_covered": 100.0, "percent_covered_display": "100", "missing_lines": 0, "excluded_lines": 0}, "missing_lines": [], "excluded_lines": []}, "WebSocketConnectionManager.connect": {"executed_lines": [70], "summary": {"covered_lines": 1, "num_statements": 1, "percent_covered": 100.0, "percent_covered_display": "100", "missing_lines": 0, "excluded_lines": 0}, "missing_lines": [], "excluded_lines": []}, "WebSocketConnectionManager.disconnect": {"executed_lines": [78, 79], "summary": {"covered_lines": 2, "num_statements": 2, "percent_covered": 100.0, "percent_covered_display": "100", "missing_lines": 0, "excluded_lines": 0}, "missing_lines": [], "excluded_lines": []}, "WebSocketConnectionManager.send_personal": {"executed_lines": [88, 89, 90], "summary": {"covered_lines": 3, "num_statements": 3, "percent_covered": 100.0, "percent_covered_display": "100", "missing_lines": 0, "excluded_lines": 0}, "missing_lines": [], "excluded_lines": []}, "WebSocketConnectionManager.broadcast": {"executed_lines": [99, 100, 101, 103, 104], "summary": {"covered_lines": 5, "num_statements": 7, "percent_covered": 71.42857142857143, "percent_covered_display": "71", "missing_lines": 2, "excluded_lines": 0}, "missing_lines": [105, 107], "excluded_lines": []}, "WebSocketConnectionManager.register_handler": {"executed_lines": [116], "summary": {"covered_lines": 1, "num_statements": 1, "percent_covered": 100.0, "percent_covered_display": "100", "missing_lines": 0, "excluded_lines": 0}, "missing_lines": [], "excluded_lines": []}, "WebSocketConnectionManager.handle_message": {"executed_lines": [127, 129, 130, 131, 133, 135], "summary": {"covered_lines": 6, "num_statements": 6, "percent_covered": 100.0, "percent_covered_display": "100", "missing_lines": 0, "excluded_lines": 0}, "missing_lines": [], "excluded_lines": []}, "WebSocketConnectionManager.get_connected_clients": {"executed_lines": [143], "summary": {"covered_lines": 1, "num_statements": 1, "percent_covered": 100.0, "percent_covered_display": "100", "missing_lines": 0, "excluded_lines": 0}, "missing_lines": [], "excluded_lines": []}, "WebSocketConnectionManager.get_client_count": {"executed_lines": [151], "summary": {"covered_lines": 1, "num_statements": 1, "percent_covered": 100.0, "percent_covered_display": "100", "missing_lines": 0, "excluded_lines": 0}, "missing_lines": [], "excluded_lines": []}, "WebSocketRoom.__init__": {"executed_lines": [163, 164], "summary": {"covered_lines": 2, "num_statements": 2, "percent_covered": 100.0, "percent_covered_display": "100", "missing_lines": 0, "excluded_lines": 0}, "missing_lines": [], "excluded_lines": []}, "WebSocketRoom.add_client": {"executed_lines": [172], "summary": {"covered_lines": 1, "num_statements": 1, "percent_covered": 100.0, "percent_covered_display": "100", "missing_lines": 0, "excluded_lines": 0}, "missing_lines": [], "excluded_lines": []}, "WebSocketRoom.remove_client": {"executed_lines": [180], "summary": {"covered_lines": 1, "num_statements": 1, "percent_covered": 100.0, "percent_covered_display": "100", "missing_lines": 0, "excluded_lines": 0}, "missing_lines": [], "excluded_lines": []}, "WebSocketRoom.has_client": {"executed_lines": [191], "summary": {"covered_lines": 1, "num_statements": 1, "percent_covered": 100.0, "percent_covered_display": "100", "missing_lines": 0, "excluded_lines": 0}, "missing_lines": [], "excluded_lines": []}, "WebSocketRoom.get_clients": {"executed_lines": [199], "summary": {"covered_lines": 1, "num_statements": 1, "percent_covered": 100.0, "percent_covered_display": "100", "missing_lines": 0, "excluded_lines": 0}, "missing_lines": [], "excluded_lines": []}, "WebSocketRoom.get_client_count": {"executed_lines": [207], "summary": {"covered_lines": 1, "num_statements": 1, "percent_covered": 100.0, "percent_covered_display": "100", "missing_lines": 0, "excluded_lines": 0}, "missing_lines": [], "excluded_lines": []}, "WebSocketRoomManager.__init__": {"executed_lines": [215], "summary": {"covered_lines": 1, "num_statements": 1, "percent_covered": 100.0, "percent_covered_display": "100", "missing_lines": 0, "excluded_lines": 0}, "missing_lines": [], "excluded_lines": []}, "WebSocketRoomManager.create_room": {"executed_lines": [226, 227, 229], "summary": {"covered_lines": 3, "num_statements": 3, "percent_covered": 100.0, "percent_covered_display": "100", "missing_lines": 0, "excluded_lines": 0}, "missing_lines": [], "excluded_lines": []}, "WebSocketRoomManager.get_room": {"executed_lines": [240], "summary": {"covered_lines": 1, "num_statements": 1, "percent_covered": 100.0, "percent_covered_display": "100", "missing_lines": 0, "excluded_lines": 0}, "missing_lines": [], "excluded_lines": []}, "WebSocketRoomManager.delete_room": {"executed_lines": [248, 249], "summary": {"covered_lines": 2, "num_statements": 2, "percent_covered": 100.0, "percent_covered_display": "100", "missing_lines": 0, "excluded_lines": 0}, "missing_lines": [], "excluded_lines": []}, "WebSocketRoomManager.add_client_to_room": {"executed_lines": [258, 259], "summary": {"covered_lines": 2, "num_statements": 2, "percent_covered": 100.0, "percent_covered_display": "100", "missing_lines": 0, "excluded_lines": 0}, "missing_lines": [], "excluded_lines": []}, "WebSocketRoomManager.remove_client_from_room": {"executed_lines": [268, 270, 271, 274, 275], "summary": {"covered_lines": 5, "num_statements": 5, "percent_covered": 100.0, "percent_covered_display": "100", "missing_lines": 0, "excluded_lines": 0}, "missing_lines": [], "excluded_lines": []}, "WebSocketRoomManager.get_room_clients": {"executed_lines": [286, 288, 289], "summary": {"covered_lines": 3, "num_statements": 4, "percent_covered": 75.0, "percent_covered_display": "75", "missing_lines": 1, "excluded_lines": 0}, "missing_lines": [291], "excluded_lines": []}, "WebSocketRoomManager.get_rooms": {"executed_lines": [299], "summary": {"covered_lines": 1, "num_statements": 1, "percent_covered": 100.0, "percent_covered_display": "100", "missing_lines": 0, "excluded_lines": 0}, "missing_lines": [], "excluded_lines": []}, "WebSocketConfig.__init__": {"executed_lines": [320, 321, 322, 323], "summary": {"covered_lines": 4, "num_statements": 4, "percent_covered": 100.0, "percent_covered_display": "100", "missing_lines": 0, "excluded_lines": 0}, "missing_lines": [], "excluded_lines": []}, "get_connection_manager": {"executed_lines": [339, 340, 342], "summary": {"covered_lines": 3, "num_statements": 3, "percent_covered": 100.0, "percent_covered_display": "100", "missing_lines": 0, "excluded_lines": 0}, "missing_lines": [], "excluded_lines": []}, "get_room_manager": {"executed_lines": [353, 354, 356], "summary": {"covered_lines": 3, "num_statements": 3, "percent_covered": 100.0, "percent_covered_display": "100", "missing_lines": 0, "excluded_lines": 0}, "missing_lines": [], "excluded_lines": []}, "": {"executed_lines": [1, 3, 4, 5, 6, 7, 10, 11, 13, 33, 46, 55, 56, 58, 63, 72, 81, 92, 109, 118, 137, 145, 154, 155, 157, 166, 174, 182, 193, 201, 210, 211, 213, 217, 231, 242, 251, 261, 277, 293, 302, 303, 305, 327, 328, 331, 345], "summary": {"covered_lines": 41, "num_statements": 41, "percent_covered": 100.0, "percent_covered_display": "100", "missing_lines": 0, "excluded_lines": 0}, "missing_lines": [], "excluded_lines": []}}, "classes": {"WebSocketMessage": {"executed_lines": [28, 29, 30, 31, 39, 52], "summary": {"covered_lines": 6, "num_statements": 6, "percent_covered": 100.0, "percent_covered_display": "100", "missing_lines": 0, "excluded_lines": 0}, "missing_lines": [], "excluded_lines": []}, "WebSocketConnectionManager": {"executed_lines": [60, 61, 70, 78, 79, 88, 89, 90, 99, 100, 101, 103, 104, 116, 127, 129, 130, 131, 133, 135, 143, 151], "summary": {"covered_lines": 22, "num_statements": 24, "percent_covered": 91.66666666666667, "percent_covered_display": "92", "missing_lines": 2, "excluded_lines": 0}, "missing_lines": [105, 107], "excluded_lines": []}, "WebSocketRoom": {"executed_lines": [163, 164, 172, 180, 191, 199, 207], "summary": {"covered_lines": 7, "num_statements": 7, "percent_covered": 100.0, "percent_covered_display": "100", "missing_lines": 0, "excluded_lines": 0}, "missing_lines": [], "excluded_lines": []}, "WebSocketRoomManager": {"executed_lines": [215, 226, 227, 229, 240, 248, 249, 258, 259, 268, 270, 271, 274, 275, 286, 288, 289, 299], "summary": {"covered_lines": 18, "num_statements": 19, "percent_covered": 94.73684210526316, "percent_covered_display": "95", "missing_lines": 1, "excluded_lines": 0}, "missing_lines": [291], "excluded_lines": []}, "WebSocketConfig": {"executed_lines": [320, 321, 322, 323], "summary": {"covered_lines": 4, "num_statements": 4, "percent_covered": 100.0, "percent_covered_display": "100", "missing_lines": 0, "excluded_lines": 0}, "missing_lines": [], "excluded_lines": []}, "": {"executed_lines": [1, 3, 4, 5, 6, 7, 10, 11, 13, 33, 46, 55, 56, 58, 63, 72, 81, 92, 109, 118, 137, 145, 154, 155, 157, 166, 174, 182, 193, 201, 210, 211, 213, 217, 231, 242, 251, 261, 277, 293, 302, 303, 305, 327, 328, 331, 339, 340, 342, 345, 353, 354, 356], "summary": {"covered_lines": 47, "num_statements": 47, "percent_covered": 100.0, "percent_covered_display": "100", "missing_lines": 0, "excluded_lines": 0}, "missing_lines": [], "excluded_lines": []}}}}, "totals": {"covered_lines": 1615, "num_statements": 1959, "percent_covered": 82.44002041858091, "percent_covered_display": "82", "missing_lines": 344, "excluded_lines": 53}}