src\fastapi_easy\core\_types.py:103: error: Incompatible return value type (got "<typing special form>", expected "Optional[list[Any]]")  [return-value]
src\fastapi_easy\core\_types.py:103: error: Variable "t" is not valid as a type  [valid-type]
src\fastapi_easy\core\_types.py:103: note: See https://mypy.readthedocs.io/en/stable/common_issues.html#variables-vs-type-aliases
src\fastapi_easy\core\_types.py:107: error: Incompatible return value type (got "<typing special form>", expected "Optional[dict[Any, Any]]")  [return-value]
src\fastapi_easy\core\_types.py:107: error: Variable "k" is not valid as a type  [valid-type]
src\fastapi_easy\core\_types.py:107: note: See https://mypy.readthedocs.io/en/stable/common_issues.html#variables-vs-type-aliases
src\fastapi_easy\core\_types.py:107: error: Variable "v" is not valid as a type  [valid-type]
src\fastapi_easy\core\imports.py:146: error: Function is missing a return type annotation  [no-untyped-def]
src\fastapi_easy\core\imports.py:166: error: Function is missing a return type annotation  [no-untyped-def]
src\fastapi_easy\core\imports.py:190: error: Function is missing a return type annotation  [no-untyped-def]
src\fastapi_easy\core\imports.py:190: note: Use "-> None" if function does not return a value
src\fastapi_easy\core\imports.py:267: error: Call to untyped function "ImportProfiler" in typed context  [no-untyped-call]
src\fastapi_easy\core\imports.py:302: error: Name "logger" is not defined  [name-defined]
src\fastapi_easy\core\imports.py:331: error: Function is missing a type annotation for one or more arguments  [no-untyped-def]
src\fastapi_easy\core\imports.py:334: error: Name "asyncio" is not defined  [name-defined]
src\fastapi_easy\core\imports.py:336: error: Name "asyncio" is not defined  [name-defined]
src\fastapi_easy\core\imports.py:340: error: Function is missing a return type annotation  [no-untyped-def]
src\fastapi_easy\core\imports.py:358: error: Function is missing a return type annotation  [no-untyped-def]
src\fastapi_easy\core\imports.py:383: error: Function is missing a return type annotation  [no-untyped-def]
src\fastapi_easy\core\imports.py:417: error: Argument "key" to "min" has incompatible type overloaded function; expected "Callable[[str], Union[SupportsDunderLT[Any], SupportsDunderGT[Any]]]"  [arg-type]
src\fastapi_easy\security\resource_checker.py:43: error: Missing type parameters for generic type "dict"  [type-arg]
src\fastapi_easy\security\resource_checker.py:78: error: Returning Any from function declared to return "bool"  [no-any-return]
src\fastapi_easy\security\resource_checker.py:123: error: Function is missing a type annotation  [no-untyped-def]
src\fastapi_easy\security\resource_checker.py:192: error: Missing type parameters for generic type "dict"  [type-arg]
src\fastapi_easy\security\resource_checker.py:193: error: Missing type parameters for generic type "dict"  [type-arg]
src\fastapi_easy\security\resource_checker.py:223: error: Returning Any from function declared to return "bool"  [no-any-return]
src\fastapi_easy\security\resource_checker.py:263: error: Returning Any from function declared to return "bool"  [no-any-return]
src\fastapi_easy\security\resource_checker.py:275: error: Missing type parameters for generic type "dict"  [type-arg]
src\fastapi_easy\security\monitoring.py:15: error: Function is missing a return type annotation  [no-untyped-def]
src\fastapi_easy\security\monitoring.py:15: note: Use "-> None" if function does not return a value
src\fastapi_easy\security\monitoring.py:104: error: Function is missing a type annotation  [no-untyped-def]
src\fastapi_easy\security\monitoring.py:111: error: Call to untyped function "PermissionCheckMetrics" in typed context  [no-untyped-call]
src\fastapi_easy\security\monitoring.py:156: error: Returning Any from function declared to return "bool"  [no-any-return]
src\fastapi_easy\security\monitoring.py:176: error: Missing type parameters for generic type "list"  [type-arg]
src\fastapi_easy\security\monitoring.py:191: error: Returning Any from function declared to return "bool"  [no-any-return]
src\fastapi_easy\security\monitoring.py:207: error: Missing type parameters for generic type "list"  [type-arg]
src\fastapi_easy\security\monitoring.py:222: error: Returning Any from function declared to return "bool"  [no-any-return]
src\fastapi_easy\security\dependency_checker.py:52: error: Missing type parameters for generic type "Dict"  [type-arg]
src\fastapi_easy\security\dependency_checker.py:129: error: Need type annotation for "vulnerabilities" (hint: "vulnerabilities: list[<type>] = ...")  [var-annotated]
src\fastapi_easy\security\dependency_checker.py:176: error: List item 0 has incompatible type "Optional[str]"; expected "str"  [list-item]
src\fastapi_easy\security\dependency_checker.py:228: error: Need type annotation for "warnings" (hint: "warnings: list[<type>] = ...")  [var-annotated]
src\fastapi_easy\security\dependency_checker.py:259: error: Missing type parameters for generic type "Dict"  [type-arg]
src\fastapi_easy\security\dependency_checker.py:465: error: Incompatible return value type (got "list[dict[str, Any]]", expected "list[str]")  [return-value]
src\fastapi_easy\security\dependency_checker.py:479: error: Missing type parameters for generic type "Dict"  [type-arg]
src\fastapi_easy\security\dependency_checker.py:502: error: Missing type parameters for generic type "Dict"  [type-arg]
src\fastapi_easy\security\cache.py:33: error: Missing type parameters for generic type "OrderedDict"  [type-arg]
src\fastapi_easy\security\audit_storage.py:25: error: Function is missing a type annotation for one or more arguments  [no-untyped-def]
src\fastapi_easy\security\audit_storage.py:39: error: Function is missing a type annotation for one or more arguments  [no-untyped-def]
src\fastapi_easy\security\audit_storage.py:91: error: Function is missing a type annotation for one or more arguments  [no-untyped-def]
src\fastapi_easy\security\audit_storage.py:116: error: Function is missing a type annotation for one or more arguments  [no-untyped-def]
src\fastapi_easy\security\audit_storage.py:159: error: Function is missing a type annotation  [no-untyped-def]
src\fastapi_easy\security\audit_storage.py:180: error: Function is missing a type annotation for one or more arguments  [no-untyped-def]
src\fastapi_easy\security\audit_storage.py:193: error: Function is missing a type annotation for one or more arguments  [no-untyped-def]
src\fastapi_easy\security\validation\input_validator.py:195: error: Incompatible types in assignment (expression has type "dict[str, Any]", target has type "str")  [assignment]
src\fastapi_easy\security\validation\input_validator.py:280: error: Statement is unreachable  [unreachable]
src\fastapi_easy\security\validation\input_validator.py:299: error: Statement is unreachable  [unreachable]
src\fastapi_easy\security\validation\input_validator.py:318: error: Statement is unreachable  [unreachable]
src\fastapi_easy\security\validation\input_validator.py:370: error: Function is missing a return type annotation  [no-untyped-def]
src\fastapi_easy\security\validation\input_validator.py:373: error: Function is missing a type annotation  [no-untyped-def]
src\fastapi_easy\security\validation\input_validator.py:381: error: Function is missing a return type annotation  [no-untyped-def]
src\fastapi_easy\security\validation\input_validator.py:384: error: Function is missing a type annotation  [no-untyped-def]
src\fastapi_easy\security\validation\input_validator.py:392: error: Function is missing a return type annotation  [no-untyped-def]
src\fastapi_easy\security\validation\input_validator.py:395: error: Function is missing a type annotation  [no-untyped-def]
src\fastapi_easy\security\validation\input_validator.py:405: error: "type[SecurityValidator]" has no attribute "check_sql_injection"  [attr-defined]
src\fastapi_easy\security\validation\input_validator.py:413: error: Function is missing a return type annotation  [no-untyped-def]
src\fastapi_easy\security\validation\input_validator.py:416: error: Function is missing a type annotation  [no-untyped-def]
src\fastapi_easy\security\validation\input_validator.py:444: error: Statement is unreachable  [unreachable]
src\fastapi_easy\security\permission\resource_checker.py:43: error: Missing type parameters for generic type "dict"  [type-arg]
src\fastapi_easy\security\permission\resource_checker.py:78: error: Returning Any from function declared to return "bool"  [no-any-return]
src\fastapi_easy\security\permission\resource_checker.py:123: error: Function is missing a type annotation  [no-untyped-def]
src\fastapi_easy\security\permission\resource_checker.py:192: error: Missing type parameters for generic type "dict"  [type-arg]
src\fastapi_easy\security\permission\resource_checker.py:193: error: Missing type parameters for generic type "dict"  [type-arg]
src\fastapi_easy\security\permission\resource_checker.py:223: error: Returning Any from function declared to return "bool"  [no-any-return]
src\fastapi_easy\security\permission\resource_checker.py:263: error: Returning Any from function declared to return "bool"  [no-any-return]
src\fastapi_easy\security\permission\resource_checker.py:275: error: Missing type parameters for generic type "dict"  [type-arg]
src\fastapi_easy\security\permission\cache.py:33: error: Missing type parameters for generic type "OrderedDict"  [type-arg]
src\fastapi_easy\security\audit\monitoring.py:15: error: Function is missing a return type annotation  [no-untyped-def]
src\fastapi_easy\security\audit\monitoring.py:15: note: Use "-> None" if function does not return a value
src\fastapi_easy\security\audit\monitoring.py:104: error: Function is missing a type annotation  [no-untyped-def]
src\fastapi_easy\security\audit\monitoring.py:111: error: Call to untyped function "PermissionCheckMetrics" in typed context  [no-untyped-call]
src\fastapi_easy\security\audit\monitoring.py:156: error: Returning Any from function declared to return "bool"  [no-any-return]
src\fastapi_easy\security\audit\monitoring.py:176: error: Missing type parameters for generic type "list"  [type-arg]
src\fastapi_easy\security\audit\monitoring.py:191: error: Returning Any from function declared to return "bool"  [no-any-return]
src\fastapi_easy\security\audit\monitoring.py:207: error: Missing type parameters for generic type "list"  [type-arg]
src\fastapi_easy\security\audit\monitoring.py:222: error: Returning Any from function declared to return "bool"  [no-any-return]
src\fastapi_easy\security\audit\audit_storage.py:25: error: Function is missing a type annotation for one or more arguments  [no-untyped-def]
src\fastapi_easy\security\audit\audit_storage.py:39: error: Function is missing a type annotation for one or more arguments  [no-untyped-def]
src\fastapi_easy\security\audit\audit_storage.py:91: error: Function is missing a type annotation for one or more arguments  [no-untyped-def]
src\fastapi_easy\security\audit\audit_storage.py:116: error: Function is missing a type annotation for one or more arguments  [no-untyped-def]
src\fastapi_easy\security\audit\audit_storage.py:159: error: Function is missing a type annotation  [no-untyped-def]
src\fastapi_easy\security\audit\audit_storage.py:180: error: Function is missing a type annotation for one or more arguments  [no-untyped-def]
src\fastapi_easy\security\audit\audit_storage.py:193: error: Function is missing a type annotation for one or more arguments  [no-untyped-def]
src\fastapi_easy\core\settings.py:19: error: Library stubs not installed for "yaml"  [import-untyped]
src\fastapi_easy\core\settings.py:40: error: Missing type parameters for generic type "Type"  [type-arg]
src\fastapi_easy\core\settings.py:48: error: Function "builtins.callable" is not valid as a type  [valid-type]
src\fastapi_easy\core\settings.py:48: note: Perhaps you meant "typing.Callable" instead of "callable"?
src\fastapi_easy\core\settings.py:58: error: Function is missing a type annotation  [no-untyped-def]
src\fastapi_easy\core\settings.py:61: error: Call to untyped function "_load_config" in typed context  [no-untyped-call]
src\fastapi_easy\core\settings.py:63: error: Function is missing a type annotation  [no-untyped-def]
src\fastapi_easy\core\settings.py:66: error: Call to untyped function "_load_defaults" in typed context  [no-untyped-call]
src\fastapi_easy\core\settings.py:69: error: Call to untyped function "_load_from_file" in typed context  [no-untyped-call]
src\fastapi_easy\core\settings.py:72: error: Call to untyped function "_load_from_env" in typed context  [no-untyped-call]
src\fastapi_easy\core\settings.py:78: error: Call to untyped function "_validate_config" in typed context  [no-untyped-call]
src\fastapi_easy\core\settings.py:80: error: Function is missing a return type annotation  [no-untyped-def]
src\fastapi_easy\core\settings.py:80: note: Use "-> None" if function does not return a value
src\fastapi_easy\core\settings.py:84: error: Invalid index type "Optional[str]" for "dict[str, Any]"; expected type "str"  [index]
src\fastapi_easy\core\settings.py:86: error: Function is missing a return type annotation  [no-untyped-def]
src\fastapi_easy\core\settings.py:86: note: Use "-> None" if function does not return a value
src\fastapi_easy\core\settings.py:113: error: Function is missing a return type annotation  [no-untyped-def]
src\fastapi_easy\core\settings.py:113: note: Use "-> None" if function does not return a value
src\fastapi_easy\core\settings.py:116: error: Item "None" of "Optional[str]" has no attribute "upper"  [union-attr]
src\fastapi_easy\core\settings.py:122: error: Argument 2 to "_convert_value" of "BaseSettings" has incompatible type "Optional[type[Any]]"; expected "type[Any]"  [arg-type]
src\fastapi_easy\core\settings.py:123: error: Invalid index type "Optional[str]" for "dict[str, Any]"; expected type "str"  [index]
src\fastapi_easy\core\settings.py:127: error: Missing type parameters for generic type "Type"  [type-arg]
src\fastapi_easy\core\settings.py:140: error: Function is missing a return type annotation  [no-untyped-def]
src\fastapi_easy\core\settings.py:140: note: Use "-> None" if function does not return a value
src\fastapi_easy\core\settings.py:143: error: Argument 1 to "get" of "dict" has incompatible type "Optional[str]"; expected "str"  [arg-type]
src\fastapi_easy\core\settings.py:153: error: Argument 2 to "isinstance" has incompatible type "Optional[type[Any]]"; expected "_ClassInfo"  [arg-type]
src\fastapi_easy\core\settings.py:155: error: "None" not callable  [misc]
src\fastapi_easy\core\settings.py:156: error: Invalid index type "Optional[str]" for "dict[str, Any]"; expected type "str"  [index]
src\fastapi_easy\core\settings.py:159: error: Item "None" of "Optional[type[Any]]" has no attribute "__name__"  [union-attr]
src\fastapi_easy\core\settings.py:181: error: Statement is unreachable  [unreachable]
src\fastapi_easy\core\settings.py:190: error: "type[BaseSettings]" has no attribute "_config_fields"  [attr-defined]
src\fastapi_easy\core\settings.py:191: error: Returning Any from function declared to return "list[ConfigField]"  [no-any-return]
src\fastapi_easy\core\settings.py:191: error: "type[BaseSettings]" has no attribute "_config_fields"  [attr-defined]
src\fastapi_easy\core\settings.py:214: error: Function is missing a return type annotation  [no-untyped-def]
src\fastapi_easy\core\settings.py:238: error: Incompatible types in assignment (expression has type "ConfigField", variable has type "str")  [assignment]
src\fastapi_easy\core\settings.py:242: error: Incompatible types in assignment (expression has type "ConfigField", variable has type "int")  [assignment]
src\fastapi_easy\core\settings.py:251: error: Incompatible types in assignment (expression has type "ConfigField", variable has type "str")  [assignment]
src\fastapi_easy\core\settings.py:259: error: Incompatible types in assignment (expression has type "ConfigField", variable has type "str")  [assignment]
src\fastapi_easy\core\settings.py:266: error: Incompatible types in assignment (expression has type "ConfigField", variable has type "str")  [assignment]
src\fastapi_easy\core\settings.py:274: error: Incompatible types in assignment (expression has type "ConfigField", variable has type "str")  [assignment]
src\fastapi_easy\core\settings.py:282: error: Incompatible types in assignment (expression has type "ConfigField", variable has type "int")  [assignment]
src\fastapi_easy\core\settings.py:291: error: Incompatible types in assignment (expression has type "ConfigField", variable has type "int")  [assignment]
src\fastapi_easy\core\settings.py:299: error: Incompatible types in assignment (expression has type "ConfigField", variable has type "bool")  [assignment]
src\fastapi_easy\core\settings.py:320: error: Incompatible types in assignment (expression has type "ConfigField", variable has type "str")  [assignment]
src\fastapi_easy\core\settings.py:328: error: Incompatible types in assignment (expression has type "ConfigField", variable has type "str")  [assignment]
src\fastapi_easy\core\settings.py:336: error: Incompatible types in assignment (expression has type "ConfigField", variable has type "int")  [assignment]
src\fastapi_easy\core\settings.py:344: error: Incompatible types in assignment (expression has type "ConfigField", variable has type "int")  [assignment]
src\fastapi_easy\core\settings.py:352: error: Incompatible types in assignment (expression has type "ConfigField", variable has type "int")  [assignment]
src\fastapi_easy\core\settings.py:360: error: Incompatible types in assignment (expression has type "ConfigField", variable has type "int")  [assignment]
src\fastapi_easy\core\settings.py:368: error: Incompatible types in assignment (expression has type "ConfigField", variable has type "int")  [assignment]
src\fastapi_easy\core\settings.py:376: error: Incompatible types in assignment (expression has type "ConfigField", variable has type "list[str]")  [assignment]
src\fastapi_easy\core\settings.py:388: error: Incompatible types in assignment (expression has type "ConfigField", variable has type "str")  [assignment]
src\fastapi_easy\core\settings.py:395: error: Incompatible types in assignment (expression has type "ConfigField", variable has type "int")  [assignment]
src\fastapi_easy\core\settings.py:403: error: Incompatible types in assignment (expression has type "ConfigField", variable has type "int")  [assignment]
src\fastapi_easy\core\settings.py:411: error: Incompatible types in assignment (expression has type "ConfigField", variable has type "bool")  [assignment]
src\fastapi_easy\core\settings.py:423: error: Incompatible types in assignment (expression has type "ConfigField", variable has type "str")  [assignment]
src\fastapi_easy\core\settings.py:431: error: Incompatible types in assignment (expression has type "ConfigField", variable has type "str")  [assignment]
src\fastapi_easy\core\settings.py:438: error: Incompatible types in assignment (expression has type "ConfigField", variable has type "Optional[str]")  [assignment]
src\fastapi_easy\core\settings.py:442: error: Incompatible types in assignment (expression has type "ConfigField", variable has type "int")  [assignment]
src\fastapi_easy\core\settings.py:450: error: Incompatible types in assignment (expression has type "ConfigField", variable has type "int")  [assignment]
src\fastapi_easy\core\settings.py:464: error: Incompatible types in assignment (expression has type "ConfigField", variable has type "str")  [assignment]
src\fastapi_easy\core\settings.py:471: error: Incompatible types in assignment (expression has type "ConfigField", variable has type "str")  [assignment]
src\fastapi_easy\core\settings.py:478: error: Incompatible types in assignment (expression has type "ConfigField", variable has type "bool")  [assignment]
src\fastapi_easy\core\settings.py:482: error: Incompatible types in assignment (expression has type "ConfigField", variable has type "str")  [assignment]
src\fastapi_easy\core\settings.py:491: error: Incompatible types in assignment (expression has type "ConfigField", variable has type "str")  [assignment]
src\fastapi_easy\core\settings.py:495: error: Incompatible types in assignment (expression has type "ConfigField", variable has type "Optional[str]")  [assignment]
src\fastapi_easy\core\settings.py:499: error: Incompatible types in assignment (expression has type "ConfigField", variable has type "Optional[str]")  [assignment]
src\fastapi_easy\core\settings.py:509: error: Function is missing a return type annotation  [no-untyped-def]
src\fastapi_easy\core\settings.py:509: note: Use "-> None" if function does not return a value
src\fastapi_easy\core\settings.py:520: error: Function is missing a type annotation for one or more arguments  [no-untyped-def]
src\fastapi_easy\core\settings.py:537: error: Function is missing a type annotation for one or more arguments  [no-untyped-def]
src\fastapi_easy\core\query_projection.py:80: error: Statement is unreachable  [unreachable]
src\fastapi_easy\core\query_projection.py:84: error: Statement is unreachable  [unreachable]
src\fastapi_easy\core\query_projection.py:152: error: Function is missing a return type annotation  [no-untyped-def]
src\fastapi_easy\core\query_projection.py:152: note: Use "-> None" if function does not return a value
src\fastapi_easy\core\query_projection.py:222: error: Call to untyped function "ProjectionBuilder" in typed context  [no-untyped-call]
src\fastapi_easy\core\memory_profiler.py:29: error: Library stubs not installed for "psutil"  [import-untyped]
src\fastapi_easy\core\memory_profiler.py:129: error: Missing type parameters for generic type "weakref.ref"  [type-arg]
src\fastapi_easy\core\memory_profiler.py:155: error: Function is missing a return type annotation  [no-untyped-def]
src\fastapi_easy\core\memory_profiler.py:217: error: Function is missing a return type annotation  [no-untyped-def]
src\fastapi_easy\core\memory_profiler.py:217: note: Use "-> None" if function does not return a value
src\fastapi_easy\core\memory_profiler.py:229: error: Function is missing a return type annotation  [no-untyped-def]
src\fastapi_easy\core\memory_profiler.py:229: note: Use "-> None" if function does not return a value
src\fastapi_easy\core\memory_profiler.py:240: error: Function is missing a return type annotation  [no-untyped-def]
src\fastapi_easy\core\memory_profiler.py:240: note: Use "-> None" if function does not return a value
src\fastapi_easy\core\memory_profiler.py:256: error: Incompatible types in assignment (expression has type "float", variable has type "int")  [assignment]
src\fastapi_easy\core\memory_profiler.py:264: error: Call to untyped function "_track_object_allocations" in typed context  [no-untyped-call]
src\fastapi_easy\core\memory_profiler.py:271: error: Value of type "MemoryLeakReport" is not indexable  [index]
src\fastapi_easy\core\memory_profiler.py:273: error: Value of type "MemoryLeakReport" is not indexable  [index]
src\fastapi_easy\core\memory_profiler.py:322: error: Argument "tracemalloc_current" to "MemorySnapshot" has incompatible type "float"; expected "int"  [arg-type]
src\fastapi_easy\core\memory_profiler.py:323: error: Argument "tracemalloc_peak" to "MemorySnapshot" has incompatible type "float"; expected "int"  [arg-type]
src\fastapi_easy\core\memory_profiler.py:377: error: Need type annotation for "type_counts"  [var-annotated]
src\fastapi_easy\core\memory_profiler.py:385: error: Function is missing a return type annotation  [no-untyped-def]
src\fastapi_easy\core\memory_profiler.py:385: note: Use "-> None" if function does not return a value
src\fastapi_easy\core\memory_profiler.py:388: error: Need type annotation for "type_counts"  [var-annotated]
src\fastapi_easy\core\memory_profiler.py:389: error: Need type annotation for "type_sizes"  [var-annotated]
src\fastapi_easy\core\memory_profiler.py:518: error: Name "uncollectable_objects" is not defined  [name-defined]
src\fastapi_easy\core\memory_profiler.py:523: error: Name "uncollectable_objects" is not defined  [name-defined]
src\fastapi_easy\core\memory_profiler.py:541: error: Name "uncollectable_objects" is not defined  [name-defined]
src\fastapi_easy\core\memory_profiler.py:543: error: Name "uncollectable_objects" is not defined  [name-defined]
src\fastapi_easy\core\memory_profiler.py:604: error: Incompatible types in assignment (expression has type "list[dict[str, object]]", target has type "float")  [assignment]
src\fastapi_easy\core\memory_profiler.py:705: error: Function is missing a return type annotation  [no-untyped-def]
src\fastapi_easy\core\memory_profiler.py:717: error: Function is missing a return type annotation  [no-untyped-def]
src\fastapi_easy\core\memory_profiler.py:717: note: Use "-> None" if function does not return a value
src\fastapi_easy\core\memory_profiler.py:729: error: Function is missing a return type annotation  [no-untyped-def]
src\fastapi_easy\core\memory_profiler.py:729: note: Use "-> None" if function does not return a value
src\fastapi_easy\core\memory_profiler.py:731: error: Call to untyped function "stop_monitoring" in typed context  [no-untyped-call]
src\fastapi_easy\core\memory_profiler.py:734: error: Call to untyped function "save_full_report" in typed context  [no-untyped-call]
src\fastapi_easy\core\memory_profiler.py:755: error: Function is missing a type annotation for one or more arguments  [no-untyped-def]
src\fastapi_easy\core\logger.py:85: error: Incompatible types in assignment (expression has type "Formatter", variable has type "LogFormatter")  [assignment]
src\fastapi_easy\core\container.py:34: error: Missing type parameters for generic type "Type"  [type-arg]
src\fastapi_easy\core\container.py:35: error: Missing type parameters for generic type "Type"  [type-arg]
src\fastapi_easy\core\container.py:36: error: Missing type parameters for generic type "Callable"  [type-arg]
src\fastapi_easy\core\container.py:39: error: Missing type parameters for generic type "Type"  [type-arg]
src\fastapi_easy\core\container.py:41: error: Function is missing a return type annotation  [no-untyped-def]
src\fastapi_easy\core\container.py:41: note: Use "-> None" if function does not return a value
src\fastapi_easy\core\container.py:51: error: Missing type parameters for generic type "Type"  [type-arg]
src\fastapi_easy\core\container.py:61: error: Function is missing a type annotation  [no-untyped-def]
src\fastapi_easy\core\container.py:64: error: Function is missing a type annotation  [no-untyped-def]
src\fastapi_easy\core\container.py:65: error: Call to untyped function "dispose" in typed context  [no-untyped-call]
src\fastapi_easy\core\container.py:67: error: Function is missing a return type annotation  [no-untyped-def]
src\fastapi_easy\core\container.py:67: note: Use "-> None" if function does not return a value
src\fastapi_easy\core\container.py:95: error: Function is missing a return type annotation  [no-untyped-def]
src\fastapi_easy\core\container.py:95: note: Use "-> None" if function does not return a value
src\fastapi_easy\core\container.py:96: error: Missing type parameters for generic type "Type"  [type-arg]
src\fastapi_easy\core\container.py:97: error: Missing type parameters for generic type "Type"  [type-arg]
src\fastapi_easy\core\container.py:99: error: Missing type parameters for generic type "Type"  [type-arg]
src\fastapi_easy\core\container.py:183: error: Missing type parameters for generic type "Type"  [type-arg]
src\fastapi_easy\core\container.py:247: error: Returning Any from function declared to return "T"  [no-any-return]
src\fastapi_easy\core\container.py:249: error: Returning Any from function declared to return "T"  [no-any-return]
src\fastapi_easy\core\container.py:251: error: Returning Any from function declared to return "T"  [no-any-return]
src\fastapi_easy\core\container.py:260: error: Missing type parameters for generic type "Type"  [type-arg]
src\fastapi_easy\core\container.py:313: error: Argument 2 to "_create_instance_with_dependencies" of "DIContainer" has incompatible type "Optional[dict[str, type[Any]]]"; expected "dict[str, type[Any]]"  [arg-type]
src\fastapi_easy\core\container.py:320: error: Missing type parameters for generic type "Type"  [type-arg]
src\fastapi_easy\core\container.py:321: error: Missing type parameters for generic type "Type"  [type-arg]
src\fastapi_easy\core\container.py:340: error: Missing type parameters for generic type "Type"  [type-arg]
src\fastapi_easy\core\container.py:344: error: Missing type parameters for generic type "Type"  [type-arg]
src\fastapi_easy\core\container.py:348: error: Function is missing a return type annotation  [no-untyped-def]
src\fastapi_easy\core\container.py:348: note: Use "-> None" if function does not return a value
src\fastapi_easy\core\container.py:363: error: Function is missing a type annotation  [no-untyped-def]
src\fastapi_easy\core\container.py:366: error: Function is missing a type annotation  [no-untyped-def]
src\fastapi_easy\core\container.py:367: error: Call to untyped function "dispose" in typed context  [no-untyped-call]
src\fastapi_easy\core\container.py:369: error: Function is missing a return type annotation  [no-untyped-def]
src\fastapi_easy\core\container.py:369: note: Use "-> None" if function does not return a value
src\fastapi_easy\core\container.py:371: error: Call to untyped function "clear" in typed context  [no-untyped-call]
src\fastapi_easy\core\container.py:385: error: Call to untyped function "DIContainer" in typed context  [no-untyped-call]
src\fastapi_easy\core\container.py:395: error: Call to untyped function "dispose" in typed context  [no-untyped-call]
src\fastapi_easy\core\container.py:399: error: Call to untyped function "DIContainer" in typed context  [no-untyped-call]
src\fastapi_easy\core\container.py:404: error: Function is missing a return type annotation  [no-untyped-def]
src\fastapi_easy\core\container.py:425: error: Function is missing a type annotation  [no-untyped-def]
src\fastapi_easy\core\container.py:426: error: Function is missing a type annotation  [no-untyped-def]
src\fastapi_easy\core\container.py:433: error: Incompatible return value type (got "Callable[[Any], Any]", expected "T")  [return-value]
src\fastapi_easy\core\container.py:440: error: Function is missing a return type annotation  [no-untyped-def]
src\fastapi_easy\core\cache_key_generator.py:24: error: Function is missing a return type annotation  [no-untyped-def]
src\fastapi_easy\core\cache_key_generator.py:24: note: Use "-> None" if function does not return a value
src\fastapi_easy\core\cache_key_generator.py:28: error: Function is missing a type annotation for one or more arguments  [no-untyped-def]
src\fastapi_easy\core\cache_key_generator.py:83: error: Function is missing a type annotation for one or more arguments  [no-untyped-def]
src\fastapi_easy\core\cache_key_generator.py:123: error: Call to untyped function "CacheKeyGenerator" in typed context  [no-untyped-call]
src\fastapi_easy\core\cache_key_generator.py:126: error: Function is missing a type annotation for one or more arguments  [no-untyped-def]
src\fastapi_easy\core\cache_invalidation.py:27: error: Function is missing a return type annotation  [no-untyped-def]
src\fastapi_easy\core\cache_invalidation.py:27: note: Use "-> None" if function does not return a value
src\fastapi_easy\core\cache_invalidation.py:30: error: Missing type parameters for generic type "list"  [type-arg]
src\fastapi_easy\core\cache_invalidation.py:53: error: Function is missing a type annotation for one or more arguments  [no-untyped-def]
src\fastapi_easy\core\cache_invalidation.py:91: error: Function is missing a type annotation for one or more arguments  [no-untyped-def]
src\fastapi_easy\core\cache_invalidation.py:127: error: Function is missing a type annotation for one or more arguments  [no-untyped-def]
src\fastapi_easy\core\cache_invalidation.py:152: error: Function is missing a type annotation for one or more arguments  [no-untyped-def]
src\fastapi_easy\core\cache_invalidation.py:189: error: Function is missing a type annotation for one or more arguments  [no-untyped-def]
src\fastapi_easy\core\cache_invalidation.py:275: error: Call to untyped function "CacheInvalidationManager" in typed context  [no-untyped-call]
src\fastapi_easy\core\cache_eviction.py:38: error: Function is missing a return type annotation  [no-untyped-def]
src\fastapi_easy\core\cache_eviction.py:38: note: Use "-> None" if function does not return a value
src\fastapi_easy\core\cache_eviction.py:100: error: Function is missing a return type annotation  [no-untyped-def]
src\fastapi_easy\core\cache_eviction.py:100: note: Use "-> None" if function does not return a value
src\fastapi_easy\core\cache_eviction.py:161: error: Function is missing a return type annotation  [no-untyped-def]
src\fastapi_easy\core\cache_eviction.py:161: note: Use "-> None" if function does not return a value
src\fastapi_easy\core\cache_eviction.py:228: error: Call to untyped function "LRUEvictionStrategy" in typed context  [no-untyped-call]
src\fastapi_easy\core\cache_eviction.py:230: error: Call to untyped function "LFUEvictionStrategy" in typed context  [no-untyped-call]
src\fastapi_easy\core\cache_eviction.py:230: error: Incompatible types in assignment (expression has type "LFUEvictionStrategy", variable has type "LRUEvictionStrategy")  [assignment]
src\fastapi_easy\core\cache_eviction.py:232: error: Call to untyped function "FIFOEvictionStrategy" in typed context  [no-untyped-call]
src\fastapi_easy\core\cache_eviction.py:232: error: Incompatible types in assignment (expression has type "FIFOEvictionStrategy", variable has type "LRUEvictionStrategy")  [assignment]
src\fastapi_easy\core\exceptions\base.py:219: error: Function is missing a return type annotation  [no-untyped-def]
src\fastapi_easy\core\exceptions\base.py:224: error: "ErrorTracker" has no attribute "_error_counts"  [attr-defined]
src\fastapi_easy\core\exceptions\base.py:225: error: Cannot determine type of "_recent_errors"  [has-type]
src\fastapi_easy\core\exceptions\base.py:226: error: "ErrorTracker" has no attribute "_max_recent_errors"; maybe "_recent_errors" or "get_recent_errors"?  [attr-defined]
src\fastapi_easy\core\exceptions\base.py:235: error: "ErrorTracker" has no attribute "_error_counts"  [attr-defined]
src\fastapi_easy\core\exceptions\base.py:238: error: Cannot determine type of "_recent_errors"  [has-type]
src\fastapi_easy\core\exceptions\base.py:251: error: Cannot determine type of "_recent_errors"  [has-type]
src\fastapi_easy\core\exceptions\base.py:251: error: "ErrorTracker" has no attribute "_max_recent_errors"; maybe "_recent_errors" or "get_recent_errors"?  [attr-defined]
src\fastapi_easy\core\exceptions\base.py:252: error: Cannot determine type of "_recent_errors"  [has-type]
src\fastapi_easy\core\exceptions\base.py:252: error: "ErrorTracker" has no attribute "_max_recent_errors"; maybe "_recent_errors" or "get_recent_errors"?  [attr-defined]
src\fastapi_easy\core\exceptions\base.py:258: error: "ErrorTracker" has no attribute "_error_counts"  [attr-defined]
src\fastapi_easy\core\exceptions\base.py:259: error: "ErrorTracker" has no attribute "_error_counts"  [attr-defined]
src\fastapi_easy\core\exceptions\base.py:260: error: "ErrorTracker" has no attribute "_error_counts"  [attr-defined]
src\fastapi_easy\core\exceptions\base.py:264: error: Missing type parameters for generic type "list"  [type-arg]
src\fastapi_easy\core\exceptions\base.py:267: error: Returning Any from function declared to return "list[Any]"  [no-any-return]
src\fastapi_easy\core\exceptions\base.py:281: error: Incompatible default for argument "code" (default has type "None", argument has type "Union[str, ErrorCode]")  [assignment]
src\fastapi_easy\core\exceptions\base.py:281: note: PEP 484 prohibits implicit Optional. Accordingly, mypy has changed its default to no_implicit_optional=True
src\fastapi_easy\core\exceptions\base.py:281: note: Use https://github.com/hauntsaninja/no_implicit_optional to automatically upgrade your codebase
src\fastapi_easy\core\exceptions\base.py:323: error: Call to untyped function "ErrorTracker" in typed context  [no-untyped-call]
src\fastapi_easy\core\exceptions\base.py:390: error: Function is missing a type annotation for one or more arguments  [no-untyped-def]
src\fastapi_easy\core\exceptions\base.py:401: error: Incompatible default for argument "field" (default has type "None", argument has type "str")  [assignment]
src\fastapi_easy\core\exceptions\base.py:401: note: PEP 484 prohibits implicit Optional. Accordingly, mypy has changed its default to no_implicit_optional=True
src\fastapi_easy\core\exceptions\base.py:401: note: Use https://github.com/hauntsaninja/no_implicit_optional to automatically upgrade your codebase
src\fastapi_easy\core\exceptions\base.py:403: error: Incompatible default for argument "constraint" (default has type "None", argument has type "str")  [assignment]
src\fastapi_easy\core\exceptions\base.py:403: note: PEP 484 prohibits implicit Optional. Accordingly, mypy has changed its default to no_implicit_optional=True
src\fastapi_easy\core\exceptions\base.py:403: note: Use https://github.com/hauntsaninja/no_implicit_optional to automatically upgrade your codebase
src\fastapi_easy\core\exceptions\base.py:404: error: Incompatible default for argument "suggestion" (default has type "None", argument has type "str")  [assignment]
src\fastapi_easy\core\exceptions\base.py:404: note: PEP 484 prohibits implicit Optional. Accordingly, mypy has changed its default to no_implicit_optional=True
src\fastapi_easy\core\exceptions\base.py:404: note: Use https://github.com/hauntsaninja/no_implicit_optional to automatically upgrade your codebase
src\fastapi_easy\core\exceptions\base.py:405: error: Incompatible default for argument "documentation_url" (default has type "None", argument has type "str")  [assignment]
src\fastapi_easy\core\exceptions\base.py:405: note: PEP 484 prohibits implicit Optional. Accordingly, mypy has changed its default to no_implicit_optional=True
src\fastapi_easy\core\exceptions\base.py:405: note: Use https://github.com/hauntsaninja/no_implicit_optional to automatically upgrade your codebase
src\fastapi_easy\core\exceptions\base.py:406: error: Incompatible default for argument "debug_info" (default has type "None", argument has type "dict[str, Any]")  [assignment]
src\fastapi_easy\core\exceptions\base.py:406: note: PEP 484 prohibits implicit Optional. Accordingly, mypy has changed its default to no_implicit_optional=True
src\fastapi_easy\core\exceptions\base.py:406: note: Use https://github.com/hauntsaninja/no_implicit_optional to automatically upgrade your codebase
src\fastapi_easy\core\exceptions\base.py:441: error: Function is missing a type annotation  [no-untyped-def]
src\fastapi_easy\core\exceptions\base.py:467: error: Incompatible default for argument "code" (default has type "None", argument has type "str")  [assignment]
src\fastapi_easy\core\exceptions\base.py:467: note: PEP 484 prohibits implicit Optional. Accordingly, mypy has changed its default to no_implicit_optional=True
src\fastapi_easy\core\exceptions\base.py:467: note: Use https://github.com/hauntsaninja/no_implicit_optional to automatically upgrade your codebase
src\fastapi_easy\core\exceptions\base.py:493: error: Function is missing a return type annotation  [no-untyped-def]
src\fastapi_easy\core\exceptions\base.py:493: error: Function is missing a type annotation for one or more arguments  [no-untyped-def]
src\fastapi_easy\security\permission_loader.py:34: error: Missing type parameters for generic type "dict"  [type-arg]
src\fastapi_easy\security\permission_loader.py:67: error: Returning Any from function declared to return "list[str]"  [no-any-return]
src\fastapi_easy\security\permission_loader.py:73: error: Function is missing a type annotation  [no-untyped-def]
src\fastapi_easy\security\permission_loader.py:122: error: Missing type parameters for generic type "dict"  [type-arg]
src\fastapi_easy\security\permission_loader.py:123: error: Missing type parameters for generic type "dict"  [type-arg]
src\fastapi_easy\security\permission_loader.py:150: error: Returning Any from function declared to return "list[str]"  [no-any-return]
src\fastapi_easy\security\permission_loader.py:246: error: Returning Any from function declared to return "list[str]"  [no-any-return]
src\fastapi_easy\security\permission\permission_loader.py:34: error: Missing type parameters for generic type "dict"  [type-arg]
src\fastapi_easy\security\permission\permission_loader.py:67: error: Returning Any from function declared to return "list[str]"  [no-any-return]
src\fastapi_easy\security\permission\permission_loader.py:73: error: Function is missing a type annotation  [no-untyped-def]
src\fastapi_easy\security\permission\permission_loader.py:122: error: Missing type parameters for generic type "dict"  [type-arg]
src\fastapi_easy\security\permission\permission_loader.py:123: error: Missing type parameters for generic type "dict"  [type-arg]
src\fastapi_easy\security\permission\permission_loader.py:150: error: Returning Any from function declared to return "list[str]"  [no-any-return]
src\fastapi_easy\security\permission\permission_loader.py:246: error: Returning Any from function declared to return "list[str]"  [no-any-return]
src\fastapi_easy\core\exceptions\validation.py:23: error: Function is missing a type annotation for one or more arguments  [no-untyped-def]
src\fastapi_easy\core\exceptions\validation.py:46: error: Function is missing a type annotation for one or more arguments  [no-untyped-def]
src\fastapi_easy\core\exceptions\validation.py:66: error: Argument "constraint" to "with_details" of "FastAPIEasyException" has incompatible type "Optional[str]"; expected "str"  [arg-type]
src\fastapi_easy\core\exceptions\validation.py:77: error: Function is missing a type annotation for one or more arguments  [no-untyped-def]
src\fastapi_easy\core\exceptions\validation.py:114: error: Function is missing a type annotation for one or more arguments  [no-untyped-def]
src\fastapi_easy\core\exceptions\validation.py:132: error: Argument "constraint" to "with_details" of "FastAPIEasyException" has incompatible type "Optional[str]"; expected "str"  [arg-type]
src\fastapi_easy\core\exceptions\validation.py:145: error: Function is missing a type annotation for one or more arguments  [no-untyped-def]
src\fastapi_easy\core\exceptions\validation.py:187: error: Function is missing a type annotation for one or more arguments  [no-untyped-def]
src\fastapi_easy\core\exceptions\validation.py:190: error: Missing type parameters for generic type "List"  [type-arg]
src\fastapi_easy\core\exceptions\validation.py:190: error: Missing type parameters for generic type "Dict"  [type-arg]
src\fastapi_easy\core\exceptions\validation.py:199: error: Name "max_value" is not defined  [name-defined]
src\fastapi_easy\core\exceptions\validation.py:232: error: Function is missing a type annotation for one or more arguments  [no-untyped-def]
src\fastapi_easy\core\exceptions\validation.py:257: error: Function is missing a type annotation for one or more arguments  [no-untyped-def]
src\fastapi_easy\core\exceptions\validation.py:292: error: Function is missing a type annotation for one or more arguments  [no-untyped-def]
src\fastapi_easy\core\exceptions\validation.py:311: error: Argument "field" to "with_details" of "FastAPIEasyException" has incompatible type "Optional[str]"; expected "str"  [arg-type]
src\fastapi_easy\core\exceptions\validation.py:324: error: Function is missing a type annotation for one or more arguments  [no-untyped-def]
src\fastapi_easy\core\exceptions\validation.py:357: error: Function is missing a type annotation for one or more arguments  [no-untyped-def]
src\fastapi_easy\core\exceptions\validation.py:391: error: Function is missing a type annotation for one or more arguments  [no-untyped-def]
src\fastapi_easy\core\exceptions\validation.py:423: error: Function is missing a type annotation for one or more arguments  [no-untyped-def]
src\fastapi_easy\core\exceptions\validation.py:452: error: Function is missing a type annotation for one or more arguments  [no-untyped-def]
src\fastapi_easy\core\exceptions\permission.py:23: error: Function is missing a type annotation for one or more arguments  [no-untyped-def]
src\fastapi_easy\core\exceptions\permission.py:48: error: Function is missing a type annotation for one or more arguments  [no-untyped-def]
src\fastapi_easy\core\exceptions\permission.py:87: error: Function is missing a type annotation for one or more arguments  [no-untyped-def]
src\fastapi_easy\core\exceptions\permission.py:124: error: Function is missing a type annotation for one or more arguments  [no-untyped-def]
src\fastapi_easy\core\exceptions\permission.py:163: error: Function is missing a type annotation for one or more arguments  [no-untyped-def]
src\fastapi_easy\core\exceptions\permission.py:198: error: Function is missing a type annotation for one or more arguments  [no-untyped-def]
src\fastapi_easy\core\exceptions\permission.py:231: error: Function is missing a type annotation for one or more arguments  [no-untyped-def]
src\fastapi_easy\core\exceptions\permission.py:273: error: Function is missing a type annotation for one or more arguments  [no-untyped-def]
src\fastapi_easy\core\exceptions\permission.py:307: error: Function is missing a type annotation for one or more arguments  [no-untyped-def]
src\fastapi_easy\core\exceptions\permission.py:344: error: Function is missing a type annotation for one or more arguments  [no-untyped-def]
src\fastapi_easy\core\exceptions\migration.py:23: error: Function is missing a type annotation for one or more arguments  [no-untyped-def]
src\fastapi_easy\core\exceptions\migration.py:50: error: Function is missing a type annotation for one or more arguments  [no-untyped-def]
src\fastapi_easy\core\exceptions\migration.py:88: error: Function is missing a type annotation for one or more arguments  [no-untyped-def]
src\fastapi_easy\core\exceptions\migration.py:111: error: Argument "constraint" to "with_details" of "FastAPIEasyException" has incompatible type "Optional[str]"; expected "str"  [arg-type]
src\fastapi_easy\core\exceptions\migration.py:112: error: Argument "debug_info" to "with_details" of "FastAPIEasyException" has incompatible type "Optional[dict[str, Any]]"; expected "dict[str, Any]"  [arg-type]
src\fastapi_easy\core\exceptions\migration.py:113: error: Argument "suggestion" to "with_details" of "FastAPIEasyException" has incompatible type "Optional[str]"; expected "str"  [arg-type]
src\fastapi_easy\core\exceptions\migration.py:188: error: Function is missing a type annotation for one or more arguments  [no-untyped-def]
src\fastapi_easy\core\exceptions\migration.py:222: error: Function is missing a type annotation for one or more arguments  [no-untyped-def]
src\fastapi_easy\core\exceptions\migration.py:256: error: Function is missing a type annotation for one or more arguments  [no-untyped-def]
src\fastapi_easy\core\exceptions\migration.py:287: error: Function is missing a type annotation for one or more arguments  [no-untyped-def]
src\fastapi_easy\core\exceptions\migration.py:321: error: Function is missing a type annotation for one or more arguments  [no-untyped-def]
src\fastapi_easy\core\exceptions\migration.py:354: error: Function is missing a type annotation for one or more arguments  [no-untyped-def]
src\fastapi_easy\core\exceptions\migration.py:389: error: Function is missing a type annotation for one or more arguments  [no-untyped-def]
src\fastapi_easy\core\exceptions\migration.py:424: error: Function is missing a type annotation for one or more arguments  [no-untyped-def]
src\fastapi_easy\core\exceptions\database.py:23: error: Function is missing a type annotation for one or more arguments  [no-untyped-def]
src\fastapi_easy\core\exceptions\database.py:52: error: Function is missing a type annotation for one or more arguments  [no-untyped-def]
src\fastapi_easy\core\exceptions\database.py:90: error: Function is missing a type annotation for one or more arguments  [no-untyped-def]
src\fastapi_easy\core\exceptions\database.py:126: error: Function is missing a type annotation for one or more arguments  [no-untyped-def]
src\fastapi_easy\core\exceptions\database.py:150: error: Argument "field" to "with_details" of "FastAPIEasyException" has incompatible type "Optional[str]"; expected "str"  [arg-type]
src\fastapi_easy\core\exceptions\database.py:166: error: Function is missing a type annotation for one or more arguments  [no-untyped-def]
src\fastapi_easy\core\exceptions\database.py:201: error: Function is missing a type annotation for one or more arguments  [no-untyped-def]
src\fastapi_easy\core\exceptions\database.py:238: error: Function is missing a type annotation for one or more arguments  [no-untyped-def]
src\fastapi_easy\core\exceptions\database.py:278: error: Function is missing a type annotation for one or more arguments  [no-untyped-def]
src\fastapi_easy\core\exceptions\database.py:312: error: Function is missing a type annotation for one or more arguments  [no-untyped-def]
src\fastapi_easy\core\exceptions\database.py:315: error: Missing type parameters for generic type "list"  [type-arg]
src\fastapi_easy\core\exceptions\database.py:347: error: Function is missing a type annotation for one or more arguments  [no-untyped-def]
src\fastapi_easy\core\exceptions\database.py:383: error: Function is missing a type annotation for one or more arguments  [no-untyped-def]
src\fastapi_easy\core\exceptions\configuration.py:23: error: Function is missing a type annotation for one or more arguments  [no-untyped-def]
src\fastapi_easy\core\exceptions\configuration.py:48: error: Function is missing a type annotation for one or more arguments  [no-untyped-def]
src\fastapi_easy\core\exceptions\configuration.py:87: error: Function is missing a type annotation for one or more arguments  [no-untyped-def]
src\fastapi_easy\core\exceptions\configuration.py:115: error: Argument "constraint" to "with_details" of "FastAPIEasyException" has incompatible type "Optional[str]"; expected "str"  [arg-type]
src\fastapi_easy\core\exceptions\configuration.py:127: error: Function is missing a type annotation for one or more arguments  [no-untyped-def]
src\fastapi_easy\core\exceptions\configuration.py:162: error: Function is missing a type annotation for one or more arguments  [no-untyped-def]
src\fastapi_easy\core\exceptions\configuration.py:199: error: Function is missing a type annotation for one or more arguments  [no-untyped-def]
src\fastapi_easy\core\exceptions\configuration.py:234: error: Function is missing a type annotation for one or more arguments  [no-untyped-def]
src\fastapi_easy\core\exceptions\configuration.py:267: error: Function is missing a type annotation for one or more arguments  [no-untyped-def]
src\fastapi_easy\core\exceptions\configuration.py:302: error: Function is missing a type annotation for one or more arguments  [no-untyped-def]
src\fastapi_easy\core\exceptions\authentication.py:23: error: Function is missing a type annotation for one or more arguments  [no-untyped-def]
src\fastapi_easy\core\exceptions\authentication.py:58: error: Function is missing a type annotation for one or more arguments  [no-untyped-def]
src\fastapi_easy\core\exceptions\authentication.py:83: error: Function is missing a type annotation for one or more arguments  [no-untyped-def]
src\fastapi_easy\core\exceptions\authentication.py:102: error: Function is missing a type annotation for one or more arguments  [no-untyped-def]
src\fastapi_easy\core\exceptions\authentication.py:129: error: Function is missing a type annotation for one or more arguments  [no-untyped-def]
src\fastapi_easy\core\exceptions\authentication.py:161: error: Function is missing a type annotation for one or more arguments  [no-untyped-def]
src\fastapi_easy\core\exceptions\authentication.py:188: error: Function is missing a type annotation for one or more arguments  [no-untyped-def]
src\fastapi_easy\core\exceptions\authentication.py:223: error: Function is missing a type annotation for one or more arguments  [no-untyped-def]
src\fastapi_easy\core\exceptions\authentication.py:227: error: Missing type parameters for generic type "list"  [type-arg]
src\fastapi_easy\core\exceptions\authentication.py:257: error: Function is missing a type annotation for one or more arguments  [no-untyped-def]
src\fastapi_easy\core\exceptions\authentication.py:293: error: Function is missing a type annotation for one or more arguments  [no-untyped-def]
src\fastapi_easy\core\exceptions\authentication.py:318: error: Argument "documentation_url" to "with_details" of "FastAPIEasyException" has incompatible type "Optional[str]"; expected "str"  [arg-type]
src\fastapi_easy\core\exceptions\authentication.py:325: error: Function is missing a type annotation for one or more arguments  [no-untyped-def]
src\fastapi_easy\core\exceptions\authentication.py:353: error: Function is missing a type annotation for one or more arguments  [no-untyped-def]
src\fastapi_easy\core\exceptions\authentication.py:386: error: Function is missing a type annotation for one or more arguments  [no-untyped-def]
src\fastapi_easy\core\exceptions\authentication.py:418: error: Function is missing a type annotation for one or more arguments  [no-untyped-def]
src\fastapi_easy\security\permission_engine.py:45: error: Incompatible types in assignment (expression has type "PermissionLoader", variable has type "CachedPermissionLoader")  [assignment]
src\fastapi_easy\security\permission_engine.py:51: error: Incompatible types in assignment (expression has type "Optional[ResourcePermissionChecker]", variable has type "CachedResourceChecker")  [assignment]
src\fastapi_easy\security\permission\permission_engine.py:45: error: Incompatible types in assignment (expression has type "PermissionLoader", variable has type "CachedPermissionLoader")  [assignment]
src\fastapi_easy\security\permission\permission_engine.py:51: error: Incompatible types in assignment (expression has type "Optional[ResourcePermissionChecker]", variable has type "CachedResourceChecker")  [assignment]
src\fastapi_easy\core\performance_config.py:292: error: Call to untyped function "_add_default_validators" in typed context  [no-untyped-call]
src\fastapi_easy\core\performance_config.py:294: error: Function is missing a return type annotation  [no-untyped-def]
src\fastapi_easy\core\performance_config.py:294: note: Use "-> None" if function does not return a value
src\fastapi_easy\core\performance_config.py:297: error: Function is missing a return type annotation  [no-untyped-def]
src\fastapi_easy\core\performance_config.py:303: error: Function is missing a return type annotation  [no-untyped-def]
src\fastapi_easy\core\performance_config.py:309: error: Function is missing a return type annotation  [no-untyped-def]
src\fastapi_easy\core\performance_config.py:340: error: Call to untyped function "auto_optimize" in typed context  [no-untyped-call]
src\fastapi_easy\core\performance_config.py:348: error: Function is missing a return type annotation  [no-untyped-def]
src\fastapi_easy\core\performance_config.py:348: note: Use "-> None" if function does not return a value
src\fastapi_easy\core\performance_config.py:358: error: Function is missing a return type annotation  [no-untyped-def]
src\fastapi_easy\core\performance_config.py:366: error: Function is missing a return type annotation  [no-untyped-def]
src\fastapi_easy\core\performance_config.py:398: error: Function is missing a return type annotation  [no-untyped-def]
src\fastapi_easy\core\performance_config.py:417: error: Function is missing a return type annotation  [no-untyped-def]
src\fastapi_easy\core\performance_config.py:438: error: Call to untyped function "auto_optimize" in typed context  [no-untyped-call]
src\fastapi_easy\core\performance_config.py:446: error: Call to untyped function "save_config" in typed context  [no-untyped-call]
src\fastapi_easy\core\performance_config.py:456: error: Function is missing a return type annotation  [no-untyped-def]
src\fastapi_easy\core\performance_config.py:456: note: Use "-> None" if function does not return a value
src\fastapi_easy\core\performance_config.py:466: error: Function is missing a return type annotation  [no-untyped-def]
src\fastapi_easy\core\performance_config.py:474: error: Function is missing a return type annotation  [no-untyped-def]
src\fastapi_easy\core\performance_config.py:482: error: Function is missing a return type annotation  [no-untyped-def]
src\fastapi_easy\core\performance_config.py:486: error: Function is missing a return type annotation  [no-untyped-def]
src\fastapi_easy\core\performance_config.py:514: error: Function is missing a return type annotation  [no-untyped-def]
src\fastapi_easy\core\performance_config.py:557: error: Incompatible types in assignment (expression has type "bool", target has type "str")  [assignment]
src\fastapi_easy\security\multi_tenant\multi_tenant.py:217: error: Function is missing a type annotation for one or more arguments  [no-untyped-def]
src\fastapi_easy\security\multi_tenant\multi_tenant.py:247: error: Function is missing a type annotation  [no-untyped-def]
src\fastapi_easy\websocket.py:59: error: Function is missing a return type annotation  [no-untyped-def]
src\fastapi_easy\websocket.py:59: note: Use "-> None" if function does not return a value
src\fastapi_easy\websocket.py:62: error: Missing type parameters for generic type "Callable"  [type-arg]
src\fastapi_easy\websocket.py:115: error: Missing type parameters for generic type "Callable"  [type-arg]
src\fastapi_easy\websocket.py:219: error: Function is missing a return type annotation  [no-untyped-def]
src\fastapi_easy\websocket.py:219: note: Use "-> None" if function does not return a value
src\fastapi_easy\websocket.py:346: error: Call to untyped function "WebSocketConnectionManager" in typed context  [no-untyped-call]
src\fastapi_easy\websocket.py:360: error: Call to untyped function "WebSocketRoomManager" in typed context  [no-untyped-call]
src\fastapi_easy\utils\connection_manager.py:56: error: Missing type parameters for generic type "Task"  [type-arg]
src\fastapi_easy\utils\connection_manager.py:57: error: Missing type parameters for generic type "Task"  [type-arg]
src\fastapi_easy\utils\connection_manager.py:59: error: Missing type parameters for generic type "Callable"  [type-arg]
src\fastapi_easy\utils\connection_manager.py:62: error: Function is missing a return type annotation  [no-untyped-def]
src\fastapi_easy\utils\connection_manager.py:103: error: Item "None" of "Optional[Task[Any]]" has no attribute "get_name"  [union-attr]
src\fastapi_easy\utils\connection_manager.py:114: error: "None" not callable  [misc]
src\fastapi_easy\utils\connection_manager.py:141: error: Function is missing a return type annotation  [no-untyped-def]
src\fastapi_easy\utils\connection_manager.py:149: error: Function is missing a return type annotation  [no-untyped-def]
src\fastapi_easy\utils\connection_manager.py:154: error: Function is missing a return type annotation  [no-untyped-def]
src\fastapi_easy\utils\connection_manager.py:175: error: Function is missing a return type annotation  [no-untyped-def]
src\fastapi_easy\utils\connection_manager.py:175: note: Use "-> None" if function does not return a value
src\fastapi_easy\utils\connection_manager.py:178: error: Call to untyped function "_cleanup_loop" in typed context  [no-untyped-call]
src\fastapi_easy\utils\connection_manager.py:181: error: Function is missing a return type annotation  [no-untyped-def]
src\fastapi_easy\utils\connection_manager.py:181: note: Use "-> None" if function does not return a value
src\fastapi_easy\utils\connection_manager.py:192: error: Function is missing a return type annotation  [no-untyped-def]
src\fastapi_easy\utils\connection_manager.py:192: note: Use "-> None" if function does not return a value
src\fastapi_easy\utils\connection_manager.py:197: error: Call to untyped function "_cleanup_idle_connections" in typed context  [no-untyped-call]
src\fastapi_easy\utils\connection_manager.py:203: error: Function is missing a return type annotation  [no-untyped-def]
src\fastapi_easy\utils\connection_manager.py:203: note: Use "-> None" if function does not return a value
src\fastapi_easy\utils\connection_manager.py:245: error: Function is missing a return type annotation  [no-untyped-def]
src\fastapi_easy\utils\connection_manager.py:245: note: Use "-> None" if function does not return a value
src\fastapi_easy\utils\connection_manager.py:248: error: Call to untyped function "stop_cleanup_task" in typed context  [no-untyped-call]
src\fastapi_easy\utils\connection_manager.py:303: error: Function is missing a return type annotation  [no-untyped-def]
src\fastapi_easy\utils\connection_manager.py:316: error: Function is missing a type annotation  [no-untyped-def]
src\fastapi_easy\utils\connection_manager.py:318: error: Function is missing a type annotation  [no-untyped-def]
src\fastapi_easy\utils\connection_manager.py:323: error: Call to untyped function "start_cleanup_task" in typed context  [no-untyped-call]
src\fastapi_easy\utils\connection_manager.py:339: error: Function is missing a return type annotation  [no-untyped-def]
src\fastapi_easy\utils\connection_manager.py:341: error: Skipping analyzing "asyncpg": module is installed, but missing library stubs or py.typed marker  [import-untyped]
src\fastapi_easy\utils\connection_manager.py:345: error: Function is missing a return type annotation  [no-untyped-def]
src\fastapi_easy\utils\connection_manager.py:345: note: Use "-> None" if function does not return a value
src\fastapi_easy\utils\connection_manager.py:349: error: Call to untyped function "start_cleanup_task" in typed context  [no-untyped-call]
src\fastapi_easy\utils\connection_manager.py:362: error: Call to untyped function "shutdown" in typed context  [no-untyped-call]
src\fastapi_easy\utils\connection_manager.py:365: error: Call to untyped function "main" in typed context  [no-untyped-call]
src\fastapi_easy\testing\performance_monitor.py:10: error: Library stubs not installed for "psutil"  [import-untyped]
src\fastapi_easy\testing\performance_monitor.py:19: error: Cannot find implementation or library stub for module named "memory_profiler"  [import-not-found]
src\fastapi_easy\testing\performance_monitor.py:65: error: Returning Any from function declared to return "dict[str, dict[str, float]]"  [no-any-return]
src\fastapi_easy\testing\performance_monitor.py:70: error: Function is missing a return type annotation  [no-untyped-def]
src\fastapi_easy\testing\performance_monitor.py:70: note: Use "-> None" if function does not return a value
src\fastapi_easy\testing\performance_monitor.py:152: error: Missing type parameters for generic type "Callable"  [type-arg]
src\fastapi_easy\testing\performance_monitor.py:207: error: "BenchmarkResult" gets multiple values for keyword argument "metrics"  [misc]
src\fastapi_easy\testing\performance_monitor.py:248: error: Argument "key" to "sorted" has incompatible type "Callable[[dict[str, object]], object]"; expected "Callable[[dict[str, object]], Union[SupportsDunderLT[Any], SupportsDunderGT[Any]]]"  [arg-type]
src\fastapi_easy\testing\performance_monitor.py:248: error: Incompatible return value type (got "object", expected "Union[SupportsDunderLT[Any], SupportsDunderGT[Any]]")  [return-value]
src\fastapi_easy\testing\performance_monitor.py:294: error: Function is missing a return type annotation  [no-untyped-def]
src\fastapi_easy\testing\performance_monitor.py:297: error: Function is missing a return type annotation  [no-untyped-def]
src\fastapi_easy\testing\performance_monitor.py:297: error: Missing type parameters for generic type "Callable"  [type-arg]
src\fastapi_easy\testing\performance_monitor.py:299: error: Function is missing a type annotation  [no-untyped-def]
src\fastapi_easy\testing\performance_monitor.py:329: error: Function is missing a type annotation  [no-untyped-def]
src\fastapi_easy\testing\performance_monitor.py:365: error: Missing type parameters for generic type "Callable"  [type-arg]
src\fastapi_easy\testing\performance_monitor.py:368: error: Need type annotation for "results" (hint: "results: list[<type>] = ...")  [var-annotated]
src\fastapi_easy\testing\performance_monitor.py:375: error: Function is missing a return type annotation  [no-untyped-def]
src\fastapi_easy\testing\performance_monitor.py:418: error: Unsupported operand types for - ("float" and "str")  [operator]
src\fastapi_easy\testing\performance_monitor.py:418: note: Right operand is of type "Union[Any, str]"
src\fastapi_easy\testing\performance_monitor.py:418: error: Item "Generator[Optional[Future[object]], None, Any]" of "Union[Generator[Optional[Future[object]], None, Any], Coroutine[Any, Any, Any]]" has no attribute "__name__"  [union-attr]
src\fastapi_easy\migrations\hooks.py:37: error: Missing type parameters for generic type "Callable"  [type-arg]
src\fastapi_easy\migrations\hooks.py:46: error: Function is missing a return type annotation  [no-untyped-def]
src\fastapi_easy\migrations\hooks.py:46: note: Use "-> None" if function does not return a value
src\fastapi_easy\migrations\hooks.py:57: error: Missing type parameters for generic type "Callable"  [type-arg]
src\fastapi_easy\migrations\hooks.py:141: error: Returning Any from function declared to return "dict[str, Any]"  [no-any-return]
src\fastapi_easy\migrations\hooks.py:143: error: Function is missing a return type annotation  [no-untyped-def]
src\fastapi_easy\migrations\hooks.py:169: error: Missing type parameters for generic type "Callable"  [type-arg]
src\fastapi_easy\migrations\hooks.py:172: error: Call to untyped function "HookRegistry" in typed context  [no-untyped-call]
src\fastapi_easy\migrations\hooks.py:189: error: Call to untyped function "HookRegistry" in typed context  [no-untyped-call]
src\fastapi_easy\migrations\hooks.py:193: error: Function is missing a return type annotation  [no-untyped-def]
src\fastapi_easy\migrations\hooks.py:207: error: Missing type parameters for generic type "Callable"  [type-arg]
src\fastapi_easy\middleware\base.py:76: error: Missing type parameters for generic type "Callable"  [type-arg]
src\fastapi_easy\middleware\base.py:117: error: Returning Any from function declared to return "Exception"  [no-any-return]
src\fastapi_easy\middleware\base.py:119: error: Returning Any from function declared to return "Exception"  [no-any-return]
src\fastapi_easy\middleware\base.py:123: error: Missing type parameters for generic type "Callable"  [type-arg]
src\fastapi_easy\middleware\base.py:291: error: Function is missing a return type annotation  [no-untyped-def]
src\fastapi_easy\middleware\base.py:291: note: Use "-> None" if function does not return a value
src\fastapi_easy\core\reentrant_lock.py:23: error: Function is missing a return type annotation  [no-untyped-def]
src\fastapi_easy\core\reentrant_lock.py:23: note: Use "-> None" if function does not return a value
src\fastapi_easy\core\reentrant_lock.py:157: error: Call to untyped function "ReentrantAsyncLock" in typed context  [no-untyped-call]
src\fastapi_easy\core\rate_limit.py:24: error: Missing type parameters for generic type "deque"  [type-arg]
src\fastapi_easy\core\rate_limit.py:73: error: Returning Any from function declared to return "float"  [no-any-return]
src\fastapi_easy\core\rate_limit.py:122: error: Function is missing a return type annotation  [no-untyped-def]
src\fastapi_easy\core\rate_limit.py:122: note: Use "-> None" if function does not return a value
src\fastapi_easy\core\rate_limit.py:282: error: Call to untyped function "MemoryRateLimiter" in typed context  [no-untyped-call]
src\fastapi_easy\core\query_warmup.py:77: error: Function is missing a return type annotation  [no-untyped-def]
src\fastapi_easy\core\query_warmup.py:77: note: Use "-> None" if function does not return a value
src\fastapi_easy\core\query_warmup.py:183: error: Call to untyped function "QueryWarmupExecutor" in typed context  [no-untyped-call]
src\fastapi_easy\core\query_optimizer.py:68: error: Missing type parameters for generic type "Type"  [type-arg]
src\fastapi_easy\core\query_optimizer.py:73: error: Missing type parameters for generic type "Callable"  [type-arg]
src\fastapi_easy\core\query_optimizer.py:85: error: Missing type parameters for generic type "Callable"  [type-arg]
src\fastapi_easy\core\query_optimizer.py:85: error: Missing type parameters for generic type "Type"  [type-arg]
src\fastapi_easy\core\query_optimizer.py:113: error: Call to untyped function "_evict_oldest" in typed context  [no-untyped-call]
src\fastapi_easy\core\query_optimizer.py:119: error: Function is missing a return type annotation  [no-untyped-def]
src\fastapi_easy\core\query_optimizer.py:148: error: Function is missing a return type annotation  [no-untyped-def]
src\fastapi_easy\core\query_optimizer.py:148: note: Use "-> None" if function does not return a value
src\fastapi_easy\core\query_optimizer.py:281: error: Incompatible return value type (got "list[Union[str, BaseException]]", expected "list[str]")  [return-value]
src\fastapi_easy\core\query_optimizer.py:292: error: Function is missing a return type annotation  [no-untyped-def]
src\fastapi_easy\core\query_optimizer.py:292: note: Use "-> None" if function does not return a value
src\fastapi_easy\core\query_optimizer.py:308: error: Missing type parameters for generic type "Callable"  [type-arg]
src\fastapi_easy\core\query_optimizer.py:323: error: Missing type parameters for generic type "Callable"  [type-arg]
src\fastapi_easy\core\query_optimizer.py:336: error: Call to untyped function "_evict_random" in typed context  [no-untyped-call]
src\fastapi_easy\core\query_optimizer.py:342: error: Returning Any from function declared to return "bool"  [no-any-return]
src\fastapi_easy\core\query_optimizer.py:348: error: Function is missing a return type annotation  [no-untyped-def]
src\fastapi_easy\core\query_optimizer.py:348: note: Use "-> None" if function does not return a value
src\fastapi_easy\core\query_optimizer.py:380: error: Missing type parameters for generic type "Callable"  [type-arg]
src\fastapi_easy\core\query_optimizer.py:380: error: Missing type parameters for generic type "tuple"  [type-arg]
src\fastapi_easy\core\query_optimizer.py:380: error: Missing type parameters for generic type "dict"  [type-arg]
src\fastapi_easy\core\query_optimizer.py:380: error: Missing type parameters for generic type "Future"  [type-arg]
src\fastapi_easy\core\query_optimizer.py:381: error: Missing type parameters for generic type "Task"  [type-arg]
src\fastapi_easy\core\query_optimizer.py:385: error: Missing type parameters for generic type "Callable"  [type-arg]
src\fastapi_easy\core\query_optimizer.py:385: error: Missing type parameters for generic type "tuple"  [type-arg]
src\fastapi_easy\core\query_optimizer.py:385: error: Missing type parameters for generic type "dict"  [type-arg]
src\fastapi_easy\core\query_optimizer.py:385: error: Incompatible default for argument "kwargs" (default has type "None", argument has type "dict[Any, Any]")  [assignment]
src\fastapi_easy\core\query_optimizer.py:385: note: PEP 484 prohibits implicit Optional. Accordingly, mypy has changed its default to no_implicit_optional=True
src\fastapi_easy\core\query_optimizer.py:385: note: Use https://github.com/hauntsaninja/no_implicit_optional to automatically upgrade your codebase
src\fastapi_easy\core\query_optimizer.py:388: error: Statement is unreachable  [unreachable]
src\fastapi_easy\core\query_optimizer.py:390: error: Need type annotation for "future"  [var-annotated]
src\fastapi_easy\core\query_optimizer.py:397: error: Call to untyped function "_process_batches" in typed context  [no-untyped-call]
src\fastapi_easy\core\query_optimizer.py:402: error: Call to untyped function "_process_batches" in typed context  [no-untyped-call]
src\fastapi_easy\core\query_optimizer.py:406: error: Function is missing a return type annotation  [no-untyped-def]
src\fastapi_easy\core\query_optimizer.py:406: note: Use "-> None" if function does not return a value
src\fastapi_easy\core\query_optimizer.py:443: error: Function is missing a return type annotation  [no-untyped-def]
src\fastapi_easy\core\query_optimizer.py:443: error: Missing type parameters for generic type "Callable"  [type-arg]
src\fastapi_easy\core\query_optimizer.py:443: error: Missing type parameters for generic type "tuple"  [type-arg]
src\fastapi_easy\core\query_optimizer.py:443: error: Missing type parameters for generic type "dict"  [type-arg]
src\fastapi_easy\core\query_optimizer.py:443: error: Missing type parameters for generic type "Future"  [type-arg]
src\fastapi_easy\core\query_optimizer.py:523: error: Name "deque" is not defined  [name-defined]
src\fastapi_easy\core\query_optimizer.py:526: error: Missing type parameters for generic type "Callable"  [type-arg]
src\fastapi_easy\core\query_optimizer.py:559: error: Missing type parameters for generic type "Type"  [type-arg]
src\fastapi_easy\core\query_optimizer.py:604: error: Missing type parameters for generic type "Type"  [type-arg]
src\fastapi_easy\core\query_optimizer.py:625: error: Function is missing a return type annotation  [no-untyped-def]
src\fastapi_easy\core\query_optimizer.py:628: error: "ProcessingMetrics" has no attribute "total_acquire_time"  [attr-defined]
src\fastapi_easy\core\query_optimizer.py:630: error: "ProcessingMetrics" has no attribute "total_acquire_time"  [attr-defined]
src\fastapi_easy\core\query_optimizer.py:637: error: Missing type parameters for generic type "Callable"  [type-arg]
src\fastapi_easy\core\query_optimizer.py:644: error: Incompatible return value type (got "list[Union[dict[str, Any], BaseException]]", expected "list[dict[str, Any]]")  [return-value]
src\fastapi_easy\core\query_optimizer.py:665: error: Function is missing a return type annotation  [no-untyped-def]
src\fastapi_easy\core\query_optimizer.py:665: note: Use "-> None" if function does not return a value
src\fastapi_easy\core\query_optimizer.py:672: error: Call to untyped function "clear" in typed context  [no-untyped-call]
src\fastapi_easy\core\query_optimizer.py:673: error: Call to untyped function "clear_cache" in typed context  [no-untyped-call]
src\fastapi_easy\core\query_optimizer.py:690: error: Missing type parameters for generic type "Callable"  [type-arg]
src\fastapi_easy\core\query_optimizer.py:695: error: Function is missing a type annotation  [no-untyped-def]
src\fastapi_easy\core\performance_monitor.py:36: error: Library stubs not installed for "psutil"  [import-untyped]
src\fastapi_easy\core\performance_monitor.py:68: error: Function is missing a return type annotation  [no-untyped-def]
src\fastapi_easy\core\performance_monitor.py:77: error: Function is missing a return type annotation  [no-untyped-def]
src\fastapi_easy\core\performance_monitor.py:84: error: Unsupported operand types for > ("int" and "None")  [operator]
src\fastapi_easy\core\performance_monitor.py:84: error: Unsupported operand types for > ("float" and "None")  [operator]
src\fastapi_easy\core\performance_monitor.py:84: note: Both left and right operands are unions
src\fastapi_easy\core\performance_monitor.py:86: error: Unsupported operand types for < ("int" and "None")  [operator]
src\fastapi_easy\core\performance_monitor.py:86: error: Unsupported operand types for < ("float" and "None")  [operator]
src\fastapi_easy\core\performance_monitor.py:86: note: Both left and right operands are unions
src\fastapi_easy\core\performance_monitor.py:88: error: Unsupported operand types for >= ("int" and "None")  [operator]
src\fastapi_easy\core\performance_monitor.py:88: error: Unsupported operand types for >= ("float" and "None")  [operator]
src\fastapi_easy\core\performance_monitor.py:88: note: Both left and right operands are unions
src\fastapi_easy\core\performance_monitor.py:90: error: Unsupported operand types for <= ("int" and "None")  [operator]
src\fastapi_easy\core\performance_monitor.py:90: error: Unsupported operand types for <= ("float" and "None")  [operator]
src\fastapi_easy\core\performance_monitor.py:90: note: Both left and right operands are unions
src\fastapi_easy\core\performance_monitor.py:135: error: Call to untyped function "_register_builtin_metrics" in typed context  [no-untyped-call]
src\fastapi_easy\core\performance_monitor.py:137: error: Function is missing a return type annotation  [no-untyped-def]
src\fastapi_easy\core\performance_monitor.py:137: note: Use "-> None" if function does not return a value
src\fastapi_easy\core\performance_monitor.py:205: error: Function is missing a return type annotation  [no-untyped-def]
src\fastapi_easy\core\performance_monitor.py:215: error: Function is missing a return type annotation  [no-untyped-def]
src\fastapi_easy\core\performance_monitor.py:223: error: Function is missing a return type annotation  [no-untyped-def]
src\fastapi_easy\core\performance_monitor.py:261: error: Unsupported target for indexed assignment ("object")  [index]
src\fastapi_easy\core\performance_monitor.py:273: error: Function is missing a return type annotation  [no-untyped-def]
src\fastapi_easy\core\performance_monitor.py:306: error: Function is missing a return type annotation  [no-untyped-def]
src\fastapi_easy\core\performance_monitor.py:306: note: Use "-> None" if function does not return a value
src\fastapi_easy\core\performance_monitor.py:318: error: Function is missing a return type annotation  [no-untyped-def]
src\fastapi_easy\core\performance_monitor.py:318: note: Use "-> None" if function does not return a value
src\fastapi_easy\core\performance_monitor.py:325: error: Function is missing a return type annotation  [no-untyped-def]
src\fastapi_easy\core\performance_monitor.py:325: note: Use "-> None" if function does not return a value
src\fastapi_easy\core\performance_monitor.py:329: error: Call to untyped function "_collect_metrics" in typed context  [no-untyped-call]
src\fastapi_easy\core\performance_monitor.py:335: error: Function is missing a return type annotation  [no-untyped-def]
src\fastapi_easy\core\performance_monitor.py:335: note: Use "-> None" if function does not return a value
src\fastapi_easy\core\performance_monitor.py:409: error: Function is missing a return type annotation  [no-untyped-def]
src\fastapi_easy\core\performance_monitor.py:466: error: Missing type parameters for generic type "Task"  [type-arg]
src\fastapi_easy\core\performance_monitor.py:469: error: Function is missing a return type annotation  [no-untyped-def]
src\fastapi_easy\core\performance_monitor.py:469: note: Use "-> None" if function does not return a value
src\fastapi_easy\core\performance_monitor.py:471: error: Call to untyped function "start" in typed context  [no-untyped-call]
src\fastapi_easy\core\performance_monitor.py:476: error: Call to untyped function "_start_export_task" in typed context  [no-untyped-call]
src\fastapi_easy\core\performance_monitor.py:480: error: Function is missing a return type annotation  [no-untyped-def]
src\fastapi_easy\core\performance_monitor.py:480: note: Use "-> None" if function does not return a value
src\fastapi_easy\core\performance_monitor.py:483: error: Call to untyped function "stop" in typed context  [no-untyped-call]
src\fastapi_easy\core\performance_monitor.py:490: error: Unexpected keyword argument "timeout" for "result" of "Future"  [call-arg]
src\fastapi_easy\core\performance_monitor.py:648: error: Name "functools" is not defined  [name-defined]
src\fastapi_easy\core\performance_monitor.py:656: error: Name "functools" is not defined  [name-defined]
src\fastapi_easy\core\performance_monitor.py:678: error: Missing type parameters for generic type "Callable"  [type-arg]
C:\Users\13397\AppData\Roaming\Python\Python313\site-packages\mypy\typeshed\stdlib\_asyncio.pyi: note: "result" of "Future" defined here
src\fastapi_easy\core\performance_monitor.py:496: error: Function is missing a return type annotation  [no-untyped-def]
src\fastapi_easy\core\performance_monitor.py:496: note: Use "-> None" if function does not return a value
src\fastapi_easy\core\performance_monitor.py:498: error: Call to untyped function "_export_loop" in typed context  [no-untyped-call]
src\fastapi_easy\core\performance_monitor.py:500: error: Function is missing a return type annotation  [no-untyped-def]
src\fastapi_easy\core\performance_monitor.py:500: note: Use "-> None" if function does not return a value
src\fastapi_easy\core\performance_monitor.py:505: error: Call to untyped function "_export_metrics" in typed context  [no-untyped-call]
src\fastapi_easy\core\performance_monitor.py:511: error: Function is missing a return type annotation  [no-untyped-def]
src\fastapi_easy\core\performance_monitor.py:511: note: Use "-> None" if function does not return a value
src\fastapi_easy\core\performance_monitor.py:534: error: Function is missing a return type annotation  [no-untyped-def]
src\fastapi_easy\core\performance_monitor.py:540: error: Call to untyped function "_start_export_task" in typed context  [no-untyped-call]
src\fastapi_easy\core\performance_monitor.py:543: error: Function is missing a return type annotation  [no-untyped-def]
src\fastapi_easy\core\performance_monitor.py:548: error: Function is missing a return type annotation  [no-untyped-def]
src\fastapi_easy\core\performance_monitor.py:573: error: Function is missing a return type annotation  [no-untyped-def]
src\fastapi_easy\core\performance_monitor.py:589: error: Function is missing a return type annotation  [no-untyped-def]
src\fastapi_easy\core\performance_monitor.py:613: error: Function is missing a return type annotation  [no-untyped-def]
src\fastapi_easy\core\performance_monitor.py:641: error: Function is missing a return type annotation  [no-untyped-def]
src\fastapi_easy\core\performance_monitor.py:648: error: Untyped decorator makes function "async_wrapper" untyped  [untyped-decorator]
src\fastapi_easy\core\performance_monitor.py:649: error: Function is missing a type annotation for one or more arguments  [no-untyped-def]
src\fastapi_easy\core\performance_monitor.py:651: error: Returning Any from function declared to return "T"  [no-any-return]
src\fastapi_easy\core\performance_monitor.py:653: error: Returning Any from function declared to return "Callable[..., T]"  [no-any-return]
src\fastapi_easy\core\performance_monitor.py:656: error: Untyped decorator makes function "sync_wrapper" untyped  [untyped-decorator]
src\fastapi_easy\core\performance_monitor.py:657: error: Function is missing a type annotation for one or more arguments  [no-untyped-def]
src\fastapi_easy\core\performance_monitor.py:663: error: Argument 2 to "increment_counter" of "MetricsCollector" has incompatible type "Optional[dict[str, str]]"; expected "float"  [arg-type]
src\fastapi_easy\core\performance_monitor.py:668: error: Argument 2 to "increment_counter" of "MetricsCollector" has incompatible type "Optional[dict[str, str]]"; expected "float"  [arg-type]
src\fastapi_easy\core\performance_monitor.py:671: error: Returning Any from function declared to return "Callable[..., T]"  [no-any-return]
src\fastapi_easy\core\performance_monitor.py:677: error: Function is missing a type annotation for one or more arguments  [no-untyped-def]
src\fastapi_easy\core\performance_monitor.py:702: error: Function is missing a return type annotation  [no-untyped-def]
src\fastapi_easy\core\performance_monitor.py:714: error: Function is missing a return type annotation  [no-untyped-def]
src\fastapi_easy\core\performance_monitor.py:736: error: Argument 1 to "add_export_callback" of "PerformanceMonitor" has incompatible type "Callable[[dict[str, Any]], Coroutine[Any, Any, Any]]"; expected "Callable[[dict[str, Any]], None]"  [arg-type]
src\fastapi_easy\core\performance_monitor.py:738: error: Call to untyped function "start" in typed context  [no-untyped-call]
src\fastapi_easy\core\performance.py:36: error: Missing type parameters for generic type "deque"  [type-arg]
src\fastapi_easy\core\performance.py:54: error: Function is missing a return type annotation  [no-untyped-def]
src\fastapi_easy\core\performance.py:91: error: Function is missing a return type annotation  [no-untyped-def]
src\fastapi_easy\core\performance.py:179: error: Function is missing a return type annotation  [no-untyped-def]
src\fastapi_easy\core\performance.py:179: note: Use "-> None" if function does not return a value
src\fastapi_easy\core\memory_optimizer.py:38: error: Module "typing" has no attribute "WeakSet"  [attr-defined]
src\fastapi_easy\core\memory_optimizer.py:77: error: Missing type parameters for generic type "weakref.ref"  [type-arg]
src\fastapi_easy\core\memory_optimizer.py:98: error: Missing type parameters for generic type "Callable"  [type-arg]
src\fastapi_easy\core\memory_optimizer.py:106: error: Function is missing a return type annotation  [no-untyped-def]
src\fastapi_easy\core\memory_optimizer.py:106: note: Use "-> None" if function does not return a value
src\fastapi_easy\core\memory_optimizer.py:118: error: Function is missing a return type annotation  [no-untyped-def]
src\fastapi_easy\core\memory_optimizer.py:118: note: Use "-> None" if function does not return a value
src\fastapi_easy\core\memory_optimizer.py:125: error: Function is missing a return type annotation  [no-untyped-def]
src\fastapi_easy\core\memory_optimizer.py:125: error: Missing type parameters for generic type "Callable"  [type-arg]
src\fastapi_easy\core\memory_optimizer.py:128: error: Function is missing a type annotation  [no-untyped-def]
src\fastapi_easy\core\memory_optimizer.py:169: error: Function is missing a return type annotation  [no-untyped-def]
src\fastapi_easy\core\memory_optimizer.py:169: note: Use "-> None" if function does not return a value
src\fastapi_easy\core\memory_optimizer.py:174: error: Call to untyped function "_cleanup_dead_references" in typed context  [no-untyped-call]
src\fastapi_easy\core\memory_optimizer.py:178: error: Function is missing a return type annotation  [no-untyped-def]
src\fastapi_easy\core\memory_optimizer.py:178: note: Use "-> None" if function does not return a value
src\fastapi_easy\core\memory_optimizer.py:226: error: Function is missing a return type annotation  [no-untyped-def]
src\fastapi_easy\core\memory_optimizer.py:292: error: Missing type parameters for generic type "Task"  [type-arg]
src\fastapi_easy\core\memory_optimizer.py:295: error: Missing type parameters for generic type "deque"  [type-arg]
src\fastapi_easy\core\memory_optimizer.py:298: error: Function is missing a return type annotation  [no-untyped-def]
src\fastapi_easy\core\memory_optimizer.py:298: note: Use "-> None" if function does not return a value
src\fastapi_easy\core\memory_optimizer.py:304: error: Call to untyped function "_monitoring_loop" in typed context  [no-untyped-call]
src\fastapi_easy\core\memory_optimizer.py:307: error: Function is missing a return type annotation  [no-untyped-def]
src\fastapi_easy\core\memory_optimizer.py:307: note: Use "-> None" if function does not return a value
src\fastapi_easy\core\memory_optimizer.py:318: error: Function is missing a return type annotation  [no-untyped-def]
src\fastapi_easy\core\memory_optimizer.py:324: error: Missing type parameters for generic type "Callable"  [type-arg]
src\fastapi_easy\core\memory_optimizer.py:347: error: Function is missing a return type annotation  [no-untyped-def]
src\fastapi_easy\core\memory_optimizer.py:376: error: Function is missing a return type annotation  [no-untyped-def]
src\fastapi_easy\core\memory_optimizer.py:376: note: Use "-> None" if function does not return a value
src\fastapi_easy\core\memory_optimizer.py:381: error: Call to untyped function "_cleanup_expired_resources" in typed context  [no-untyped-call]
src\fastapi_easy\core\memory_optimizer.py:382: error: Call to untyped function "_update_memory_stats" in typed context  [no-untyped-call]
src\fastapi_easy\core\memory_optimizer.py:383: error: Call to untyped function "_detect_memory_leaks" in typed context  [no-untyped-call]
src\fastapi_easy\core\memory_optimizer.py:389: error: Function is missing a return type annotation  [no-untyped-def]
src\fastapi_easy\core\memory_optimizer.py:389: note: Use "-> None" if function does not return a value
src\fastapi_easy\core\memory_optimizer.py:407: error: Function is missing a return type annotation  [no-untyped-def]
src\fastapi_easy\core\memory_optimizer.py:407: note: Use "-> None" if function does not return a value
src\fastapi_easy\core\memory_optimizer.py:437: error: Function is missing a return type annotation  [no-untyped-def]
src\fastapi_easy\core\memory_optimizer.py:485: error: Function is missing a return type annotation  [no-untyped-def]
src\fastapi_easy\core\memory_optimizer.py:485: note: Use "-> None" if function does not return a value
src\fastapi_easy\core\memory_optimizer.py:500: error: Need type annotation for "current_counts"  [var-annotated]
src\fastapi_easy\core\memory_optimizer.py:547: error: Dict entry 1 has incompatible type "str": "dict[int, int]"; expected "str": "int"  [dict-item]
src\fastapi_easy\core\memory_optimizer.py:548: error: Dict entry 2 has incompatible type "str": "dict[int, int]"; expected "str": "int"  [dict-item]
src\fastapi_easy\core\memory_optimizer.py:598: error: Function is missing a return type annotation  [no-untyped-def]
src\fastapi_easy\core\memory_optimizer.py:603: error: Function is missing a return type annotation  [no-untyped-def]
src\fastapi_easy\core\memory_optimizer.py:603: note: Use "-> None" if function does not return a value
src\fastapi_easy\core\memory_optimizer.py:606: error: Function is missing a return type annotation  [no-untyped-def]
src\fastapi_easy\core\memory_optimizer.py:606: note: Use "-> None" if function does not return a value
src\fastapi_easy\core\memory_optimizer.py:612: error: Call to untyped function "register" in typed context  [no-untyped-call]
src\fastapi_easy\core\memory_optimizer.py:617: error: Call to untyped function "unregister" in typed context  [no-untyped-call]
src\fastapi_easy\core\memory_optimizer.py:638: error: Call to untyped function "start" in typed context  [no-untyped-call]
src\fastapi_easy\core\memory_optimizer.py:643: error: Function is missing a return type annotation  [no-untyped-def]
src\fastapi_easy\core\memory_optimizer.py:648: error: Missing type parameters for generic type "Callable"  [type-arg]
src\fastapi_easy\core\memory_optimizer.py:661: error: Function is missing a return type annotation  [no-untyped-def]
src\fastapi_easy\core\memory_optimizer.py:661: note: Use "-> None" if function does not return a value
src\fastapi_easy\core\hooks.py:52: error: Function is missing a return type annotation  [no-untyped-def]
src\fastapi_easy\core\hooks.py:52: note: Use "-> None" if function does not return a value
src\fastapi_easy\core\hooks.py:54: error: Missing type parameters for generic type "Callable"  [type-arg]
src\fastapi_easy\core\hooks.py:56: error: Missing type parameters for generic type "Callable"  [type-arg]
src\fastapi_easy\core\hooks.py:74: error: Missing type parameters for generic type "Callable"  [type-arg]
src\fastapi_easy\core\hooks.py:96: error: Statement is unreachable  [unreachable]
src\fastapi_easy\core\hooks.py:120: error: Missing type parameters for generic type "Callable"  [type-arg]
src\fastapi_easy\core\hooks.py:131: error: Missing type parameters for generic type "Callable"  [type-arg]
src\fastapi_easy\core\cache.py:46: error: Function is missing a type annotation for one or more arguments  [no-untyped-def]
src\fastapi_easy\core\async_utils.py:75: error: Function is missing a return type annotation  [no-untyped-def]
src\fastapi_easy\core\async_utils.py:81: error: Function is missing a type annotation  [no-untyped-def]
src\fastapi_easy\core\async_utils.py:84: error: Call to untyped function "record_failure" in typed context  [no-untyped-call]
src\fastapi_easy\core\async_utils.py:86: error: Call to untyped function "record_success" in typed context  [no-untyped-call]
src\fastapi_easy\core\async_utils.py:99: error: Statement is unreachable  [unreachable]
src\fastapi_easy\core\async_utils.py:104: error: Incompatible return value type (got "None", expected "bool")  [return-value]
src\fastapi_easy\core\async_utils.py:104: error: Right operand of "and" is never evaluated  [unreachable]
src\fastapi_easy\core\async_utils.py:107: error: Function is missing a return type annotation  [no-untyped-def]
src\fastapi_easy\core\async_utils.py:107: note: Use "-> None" if function does not return a value
src\fastapi_easy\core\async_utils.py:115: error: Function is missing a return type annotation  [no-untyped-def]
src\fastapi_easy\core\async_utils.py:115: note: Use "-> None" if function does not return a value
src\fastapi_easy\core\async_utils.py:118: error: Incompatible types in assignment (expression has type "float", variable has type "None")  [assignment]
src\fastapi_easy\core\async_utils.py:140: error: Function is missing a return type annotation  [no-untyped-def]
src\fastapi_easy\core\async_utils.py:147: error: Function is missing a type annotation for one or more arguments  [no-untyped-def]
src\fastapi_easy\core\async_utils.py:156: error: Call to untyped function "record_success" in typed context  [no-untyped-call]
src\fastapi_easy\core\async_utils.py:160: error: Call to untyped function "record_failure" in typed context  [no-untyped-call]
src\fastapi_easy\core\async_utils.py:180: error: Function is missing a type annotation for one or more arguments  [no-untyped-def]
src\fastapi_easy\core\async_utils.py:180: error: Missing return statement  [return]
src\fastapi_easy\core\async_utils.py:221: error: Function is missing a return type annotation  [no-untyped-def]
src\fastapi_easy\core\async_utils.py:226: error: Function is missing a type annotation for one or more arguments  [no-untyped-def]
src\fastapi_easy\core\async_utils.py:239: error: Function is missing a type annotation for one or more arguments  [no-untyped-def]
src\fastapi_easy\core\async_utils.py:253: error: Missing type parameters for generic type "Queue"  [type-arg]
src\fastapi_easy\core\async_utils.py:327: error: Function is missing a return type annotation  [no-untyped-def]
src\fastapi_easy\core\async_utils.py:370: error: Need type annotation for "task"  [var-annotated]
src\fastapi_easy\core\async_utils.py:377: error: Need type annotation for "all_results" (hint: "all_results: list[<type>] = ...")  [var-annotated]
src\fastapi_easy\core\async_utils.py:381: error: Argument 2 has incompatible type "None"; expected "T"  [arg-type]
src\fastapi_easy\core\async_utils.py:384: error: Argument 1 to "extend" of "list" has incompatible type "Union[list[Any], BaseException]"; expected "Iterable[Any]"  [arg-type]
src\fastapi_easy\core\async_utils.py:392: error: Incompatible return value type (got "Union[list[R@__init__], Any]", expected "list[R@_process_batch_with_semaphore]")  [return-value]
src\fastapi_easy\core\async_utils.py:392: error: "None" not callable  [misc]
src\fastapi_easy\core\async_utils.py:392: error: Argument 1 has incompatible type "list[T@_process_batch_with_semaphore]"; expected "list[T@__init__]"  [arg-type]
src\fastapi_easy\core\async_utils.py:397: error: Argument 2 has incompatible type "T@_process_batch_with_semaphore"; expected "T@__init__"  [arg-type]
src\fastapi_easy\core\async_utils.py:469: error: Incompatible types in "yield" (actual type "Task[R]", expected type "R")  [misc]
src\fastapi_easy\core\async_utils.py:469: note: Maybe you forgot to use "await"?
src\fastapi_easy\core\async_utils.py:483: error: Need type annotation for "queues"  [var-annotated]
src\fastapi_easy\core\async_utils.py:485: error: Function is missing a return type annotation  [no-untyped-def]
src\fastapi_easy\core\async_utils.py:485: error: Missing type parameters for generic type "Queue"  [type-arg]
src\fastapi_easy\core\async_utils.py:522: error: Function is missing a return type annotation  [no-untyped-def]
src\fastapi_easy\core\async_utils.py:522: note: Use "-> None" if function does not return a value
src\fastapi_easy\core\async_utils.py:537: error: Cannot infer type of lambda  [misc]
src\fastapi_easy\core\async_utils.py:557: error: Function is missing a return type annotation  [no-untyped-def]
src\fastapi_easy\core\async_utils.py:566: error: Call to untyped function "AsyncResourceManager" in typed context  [no-untyped-call]
src\fastapi_easy\core\async_utils.py:602: error: Function is missing a return type annotation  [no-untyped-def]
src\fastapi_easy\core\async_utils.py:611: error: Function is missing a type annotation for one or more arguments  [no-untyped-def]
src\fastapi_easy\core\async_utils.py:643: error: Function is missing a type annotation for one or more arguments  [no-untyped-def]
src\fastapi_easy\core\async_utils.py:656: error: Function is missing a return type annotation  [no-untyped-def]
src\fastapi_easy\core\async_utils.py:659: error: Module has no attribute "timeout"  [attr-defined]
src\fastapi_easy\core\async_utils.py:677: error: Missing type parameters for generic type "Queue"  [type-arg]
src\fastapi_easy\core\async_utils.py:679: error: Missing type parameters for generic type "Task"  [type-arg]
src\fastapi_easy\core\async_optimizer.py:82: error: Missing type parameters for generic type "Future"  [type-arg]
src\fastapi_easy\core\async_optimizer.py:88: error: Function is missing a return type annotation  [no-untyped-def]
src\fastapi_easy\core\async_optimizer.py:91: error: Need type annotation for "future"  [var-annotated]
src\fastapi_easy\core\async_optimizer.py:171: error: Function is missing a return type annotation  [no-untyped-def]
src\fastapi_easy\core\async_optimizer.py:171: note: Use "-> None" if function does not return a value
src\fastapi_easy\core\async_optimizer.py:206: error: Function is missing a return type annotation  [no-untyped-def]
src\fastapi_easy\core\async_optimizer.py:206: note: Use "-> None" if function does not return a value
src\fastapi_easy\core\async_optimizer.py:232: error: Function is missing a return type annotation  [no-untyped-def]
src\fastapi_easy\core\async_optimizer.py:234: error: Call to untyped function "acquire" in typed context  [no-untyped-call]
src\fastapi_easy\core\async_optimizer.py:253: error: Missing type parameters for generic type "Future"  [type-arg]
src\fastapi_easy\core\async_optimizer.py:256: error: Missing type parameters for generic type "Task"  [type-arg]
src\fastapi_easy\core\async_optimizer.py:271: error: Need type annotation for "future"  [var-annotated]
src\fastapi_easy\core\async_optimizer.py:278: error: Call to untyped function "_process_loop" in typed context  [no-untyped-call]
src\fastapi_easy\core\async_optimizer.py:289: error: Call to untyped function "_process_immediate" in typed context  [no-untyped-call]
src\fastapi_easy\core\async_optimizer.py:291: error: Returning Any from function declared to return "R"  [no-any-return]
src\fastapi_easy\core\async_optimizer.py:293: error: Function is missing a return type annotation  [no-untyped-def]
src\fastapi_easy\core\async_optimizer.py:293: note: Use "-> None" if function does not return a value
src\fastapi_easy\core\async_optimizer.py:322: error: Function is missing a return type annotation  [no-untyped-def]
src\fastapi_easy\core\async_optimizer.py:322: note: Use "-> None" if function does not return a value
src\fastapi_easy\core\async_optimizer.py:331: error: Function is missing a return type annotation  [no-untyped-def]
src\fastapi_easy\core\async_optimizer.py:331: error: Missing type parameters for generic type "Future"  [type-arg]
src\fastapi_easy\core\async_optimizer.py:364: error: Function is missing a return type annotation  [no-untyped-def]
src\fastapi_easy\core\async_optimizer.py:409: error: Missing type parameters for generic type "Task"  [type-arg]
src\fastapi_easy\core\async_optimizer.py:420: error: Function is missing a return type annotation  [no-untyped-def]
src\fastapi_easy\core\async_optimizer.py:420: note: Use "-> None" if function does not return a value
src\fastapi_easy\core\async_optimizer.py:432: error: Call to untyped function "_health_check_loop" in typed context  [no-untyped-call]
src\fastapi_easy\core\async_optimizer.py:435: error: Function is missing a return type annotation  [no-untyped-def]
src\fastapi_easy\core\async_optimizer.py:479: error: Returning Any from function declared to return "bool"  [no-any-return]
src\fastapi_easy\core\async_optimizer.py:488: error: Function is missing a return type annotation  [no-untyped-def]
src\fastapi_easy\core\async_optimizer.py:499: error: Function is missing a return type annotation  [no-untyped-def]
src\fastapi_easy\core\async_optimizer.py:499: note: Use "-> None" if function does not return a value
src\fastapi_easy\core\async_optimizer.py:504: error: Call to untyped function "_perform_health_checks" in typed context  [no-untyped-call]
src\fastapi_easy\core\async_optimizer.py:510: error: Function is missing a return type annotation  [no-untyped-def]
src\fastapi_easy\core\async_optimizer.py:510: note: Use "-> None" if function does not return a value
src\fastapi_easy\core\async_optimizer.py:513: error: Need type annotation for "healthy_connections"  [var-annotated]
src\fastapi_easy\core\async_optimizer.py:527: error: Function is missing a return type annotation  [no-untyped-def]
src\fastapi_easy\core\async_optimizer.py:527: note: Use "-> None" if function does not return a value
src\fastapi_easy\core\async_optimizer.py:564: error: Function is missing a return type annotation  [no-untyped-def]
src\fastapi_easy\core\async_optimizer.py:577: error: Function is missing a type annotation for one or more arguments  [no-untyped-def]
src\fastapi_easy\core\async_optimizer.py:583: error: Unsupported operand types for - ("float" and "None")  [operator]
src\fastapi_easy\core\async_optimizer.py:599: error: Exception type must be derived from BaseException (or be a tuple of exception classes)  [misc]
src\fastapi_easy\core\async_optimizer.py:612: error: "_Wrapped[[VarArg(Any), KwArg(Any)], Awaitable[T], [VarArg(Any), KwArg(Any)], Coroutine[Any, Any, T]]" has no attribute "_circuit_breaker_state"  [attr-defined]
src\fastapi_easy\core\async_optimizer.py:618: error: Function is missing a return type annotation  [no-untyped-def]
src\fastapi_easy\core\async_optimizer.py:628: error: Function is missing a type annotation for one or more arguments  [no-untyped-def]
src\fastapi_easy\core\async_optimizer.py:635: error: Exception type must be derived from BaseException (or be a tuple of exception classes)  [misc]
src\fastapi_easy\core\async_optimizer.py:644: error: Exception must be derived from BaseException  [misc]
src\fastapi_easy\core\async_optimizer.py:664: error: Function is missing a return type annotation  [no-untyped-def]
src\fastapi_easy\core\async_optimizer.py:733: error: Function is missing a return type annotation  [no-untyped-def]
src\fastapi_easy\core\async_optimizer.py:739: error: Function is missing a type annotation for one or more arguments  [no-untyped-def]
src\fastapi_easy\core\async_optimizer.py:749: error: Function is missing a return type annotation  [no-untyped-def]
src\fastapi_easy\core\async_batch.py:44: error: Function is missing a type annotation  [no-untyped-def]
src\fastapi_easy\core\async_batch.py:63: error: Call to untyped function "bounded_processor" in typed context  [no-untyped-call]
src\fastapi_easy\core\async_batch.py:93: error: Function is missing a type annotation  [no-untyped-def]
src\fastapi_easy\core\async_batch.py:112: error: Call to untyped function "bounded_processor" in typed context  [no-untyped-call]
src\fastapi_easy\core\async_batch.py:116: error: Need type annotation for "results" (hint: "results: list[<type>] = ...")  [var-annotated]
src\fastapi_easy\core\async_batch.py:119: error: Argument 1 to "extend" of "list" has incompatible type "Union[Any, BaseException]"; expected "Iterable[Any]"  [arg-type]
src\fastapi_easy\core\async_batch.py:119: error: Argument 1 to "extend" of "list" has incompatible type "Union[Any, BaseException]"; expected "Iterable[Exception]"  [arg-type]
src\fastapi_easy\core\async_batch.py:129: error: Function is missing a return type annotation  [no-untyped-def]
src\fastapi_easy\core\async_batch.py:129: note: Use "-> None" if function does not return a value
src\fastapi_easy\core\async_batch.py:131: error: Missing type parameters for generic type "Callable"  [type-arg]
src\fastapi_easy\core\async_batch.py:133: error: Missing type parameters for generic type "Callable"  [type-arg]
src\fastapi_easy\core\async_batch.py:178: error: Call to untyped function "AsyncPipeline" in typed context  [no-untyped-call]
src\fastapi_easy\migrations\type_comparator.py:18: error: Missing type parameters for generic type "TypeEngine"  [type-arg]
src\fastapi_easy\migrations\type_comparator.py:32: error: Missing type parameters for generic type "TypeEngine"  [type-arg]
src\fastapi_easy\migrations\type_comparator.py:50: error: Missing type parameters for generic type "TypeEngine"  [type-arg]
src\fastapi_easy\migrations\type_comparator.py:57: error: Missing type parameters for generic type "TypeEngine"  [type-arg]
src\fastapi_easy\migrations\type_comparator.py:66: error: Missing type parameters for generic type "TypeEngine"  [type-arg]
src\fastapi_easy\migrations\type_comparator.py:71: error: Missing type parameters for generic type "TypeEngine"  [type-arg]
src\fastapi_easy\migrations\type_comparator.py:80: error: Missing type parameters for generic type "TypeEngine"  [type-arg]
src\fastapi_easy\migrations\type_comparator.py:91: error: Missing type parameters for generic type "TypeEngine"  [type-arg]
src\fastapi_easy\migrations\type_comparator.py:100: error: Missing type parameters for generic type "TypeEngine"  [type-arg]
src\fastapi_easy\migrations\type_comparator.py:117: error: Missing type parameters for generic type "TypeEngine"  [type-arg]
src\fastapi_easy\migrations\type_comparator.py:136: error: Missing type parameters for generic type "TypeEngine"  [type-arg]
src\fastapi_easy\migrations\type_comparator.py:148: error: Missing type parameters for generic type "TypeEngine"  [type-arg]
src\fastapi_easy\migrations\type_comparator.py:161: error: Function is missing a return type annotation  [no-untyped-def]
src\fastapi_easy\migrations\type_comparator.py:161: note: Use "-> None" if function does not return a value
src\fastapi_easy\migrations\type_comparator.py:181: error: Missing type parameters for generic type "TypeEngine"  [type-arg]
src\fastapi_easy\migrations\type_comparator.py:197: error: Missing type parameters for generic type "TypeEngine"  [type-arg]
src\fastapi_easy\migrations\type_comparator.py:217: error: Call to untyped function "TypeComparatorRegistry" in typed context  [no-untyped-call]
src\fastapi_easy\migrations\type_comparator.py:225: error: Missing type parameters for generic type "TypeEngine"  [type-arg]
src\fastapi_easy\migrations\type_comparator.py:231: error: Missing type parameters for generic type "TypeEngine"  [type-arg]
src\fastapi_easy\migrations\sqlite_fk_handler.py:46: error: Missing type parameters for generic type "list"  [type-arg]
src\fastapi_easy\migrations\sqlite_fk_handler.py:59: error: Incompatible return value type (got "Sequence[Row[Any]]", expected "list[Any]")  [return-value]
src\fastapi_easy\migrations\distributed_lock_optimized.py:101: error: Name "LockConfig" is not defined  [name-defined]
src\fastapi_easy\migrations\distributed_lock_optimized.py:105: error: Need type annotation for "_connection_pool"  [var-annotated]
src\fastapi_easy\migrations\distributed_lock_optimized.py:112: error: Function is missing a return type annotation  [no-untyped-def]
src\fastapi_easy\migrations\distributed_lock_optimized.py:131: error: "_GeneratorContextManager[Connection, None, None]" has no attribute "__aenter__"  [attr-defined]
src\fastapi_easy\migrations\distributed_lock_optimized.py:131: error: "_GeneratorContextManager[Connection, None, None]" has no attribute "__aexit__"; maybe "__exit__"?  [attr-defined]
src\fastapi_easy\migrations\distributed_lock_optimized.py:137: error: Incompatible types in "await" (actual type "Union[CursorResult[Any], Any]", expected type "Awaitable[Any]")  [misc]
src\fastapi_easy\migrations\distributed_lock_optimized.py:165: error: Function is missing a return type annotation  [no-untyped-def]
src\fastapi_easy\migrations\distributed_lock_optimized.py:165: note: Use "-> None" if function does not return a value
src\fastapi_easy\migrations\distributed_lock_optimized.py:186: error: Name "LockConfig" is not defined  [name-defined]
src\fastapi_easy\migrations\distributed_lock_optimized.py:189: error: Name "LockConfig" is not defined  [name-defined]
src\fastapi_easy\migrations\distributed_lock_optimized.py:245: error: Function is missing a return type annotation  [no-untyped-def]
src\fastapi_easy\migrations\distributed_lock_optimized.py:272: error: Name "LockConfig" is not defined  [name-defined]
src\fastapi_easy\migrations\distributed_lock_optimized.py:274: error: Name "LockConfig" is not defined  [name-defined]
src\fastapi_easy\migrations\distributed_lock_optimized.py:294: error: Module has no attribute "flock"  [attr-defined]
src\fastapi_easy\migrations\distributed_lock_optimized.py:294: error: Module has no attribute "LOCK_EX"  [attr-defined]
src\fastapi_easy\migrations\distributed_lock_optimized.py:294: error: Module has no attribute "LOCK_NB"  [attr-defined]
src\fastapi_easy\migrations\distributed_lock_optimized.py:295: error: Incompatible types in assignment (expression has type "int", variable has type "None")  [assignment]
src\fastapi_easy\migrations\distributed_lock_optimized.py:328: error: Incompatible types in assignment (expression has type "int", variable has type "None")  [assignment]
src\fastapi_easy\migrations\distributed_lock_optimized.py:358: error: Returning Any from function declared to return "bool"  [no-any-return]
src\fastapi_easy\migrations\distributed_lock_optimized.py:369: error: Statement is unreachable  [unreachable]
src\fastapi_easy\migrations\distributed_lock.py:56: error: Function is missing a return type annotation  [no-untyped-def]
src\fastapi_easy\migrations\distributed_lock.py:65: error: Incompatible types in assignment (expression has type "Connection", variable has type "None")  [assignment]
src\fastapi_easy\migrations\distributed_lock.py:66: error: Incompatible types in assignment (expression has type "float", variable has type "None")  [assignment]
src\fastapi_easy\migrations\distributed_lock.py:93: error: Statement is unreachable  [unreachable]
src\fastapi_easy\migrations\distributed_lock.py:102: error: Statement is unreachable  [unreachable]
src\fastapi_easy\migrations\distributed_lock.py:116: error: Function is missing a return type annotation  [no-untyped-def]
src\fastapi_easy\migrations\distributed_lock.py:116: note: Use "-> None" if function does not return a value
src\fastapi_easy\migrations\distributed_lock.py:147: error: Missing type parameters for generic type "dict"  [type-arg]
src\fastapi_easy\migrations\distributed_lock.py:235: error: Incompatible types in assignment (expression has type "Connection", variable has type "None")  [assignment]
src\fastapi_easy\migrations\distributed_lock.py:236: error: Incompatible types in assignment (expression has type "float", variable has type "None")  [assignment]
src\fastapi_easy\migrations\distributed_lock.py:263: error: Statement is unreachable  [unreachable]
src\fastapi_easy\migrations\distributed_lock.py:328: error: Incompatible types in assignment (expression has type "Connection", variable has type "None")  [assignment]
src\fastapi_easy\migrations\distributed_lock.py:353: error: Statement is unreachable  [unreachable]
src\fastapi_easy\migrations\distributed_lock.py:393: error: Call to untyped function "_cleanup_stale_test_locks" in typed context  [no-untyped-call]
src\fastapi_easy\migrations\distributed_lock.py:395: error: Function is missing a return type annotation  [no-untyped-def]
src\fastapi_easy\migrations\distributed_lock.py:395: note: Use "-> None" if function does not return a value
src\fastapi_easy\migrations\distributed_lock.py:444: error: Incompatible types in assignment (expression has type "int", variable has type "None")  [assignment]
src\fastapi_easy\migrations\distributed_lock.py:562: error: Function is missing a return type annotation  [no-untyped-def]
src\fastapi_easy\migrations\distributed_lock.py:562: note: Use "-> None" if function does not return a value
src\fastapi_easy\migrations\disk_space_checker.py:80: error: Incompatible default for argument "required_space" (default has type "None", argument has type "int")  [assignment]
src\fastapi_easy\migrations\disk_space_checker.py:80: note: PEP 484 prohibits implicit Optional. Accordingly, mypy has changed its default to no_implicit_optional=True
src\fastapi_easy\migrations\disk_space_checker.py:80: note: Use https://github.com/hauntsaninja/no_implicit_optional to automatically upgrade your codebase
src\fastapi_easy\migrations\disk_space_checker.py:84: error: Statement is unreachable  [unreachable]
src\fastapi_easy\migrations\disk_space_checker.py:108: error: Missing type parameters for generic type "dict"  [type-arg]
src\fastapi_easy\core\soft_delete.py:24: error: Incompatible types in assignment (expression has type "bool", variable has type "Column[bool]")  [assignment]
src\fastapi_easy\core\soft_delete.py:25: error: Incompatible types in assignment (expression has type "datetime", variable has type "Column[datetime]")  [assignment]
src\fastapi_easy\core\soft_delete.py:29: error: Incompatible types in assignment (expression has type "bool", variable has type "Column[bool]")  [assignment]
src\fastapi_easy\core\soft_delete.py:30: error: Incompatible types in assignment (expression has type "None", variable has type "Column[datetime]")  [assignment]
src\fastapi_easy\core\soft_delete.py:34: error: Incompatible return value type (got "Column[bool]", expected "bool")  [return-value]
src\fastapi_easy\core\performance_benchmarker.py:150: error: Function is missing a return type annotation  [no-untyped-def]
src\fastapi_easy\core\performance_benchmarker.py:150: error: Function is missing a type annotation for one or more arguments  [no-untyped-def]
src\fastapi_easy\core\performance_benchmarker.py:259: error: "Result[Any]" has no attribute "returns_rows"  [attr-defined]
src\fastapi_easy\core\performance_benchmarker.py:263: error: "Result[Any]" has no attribute "rowcount"  [attr-defined]
src\fastapi_easy\core\performance_benchmarker.py:279: error: Incompatible types in assignment (expression has type "QueryAnalysisResult", variable has type "Result[Any]")  [assignment]
src\fastapi_easy\core\performance_benchmarker.py:299: error: "Result[Any]" has no attribute "query_hash"  [attr-defined]
src\fastapi_easy\core\performance_benchmarker.py:299: error: Incompatible types in assignment (expression has type "Result[Any]", target has type "QueryAnalysisResult")  [assignment]
src\fastapi_easy\core\performance_benchmarker.py:304: error: "Result[Any]" has no attribute "avg_duration"  [attr-defined]
src\fastapi_easy\core\performance_benchmarker.py:306: error: "Result[Any]" has no attribute "query_hash"  [attr-defined]
src\fastapi_easy\core\performance_benchmarker.py:307: error: "Result[Any]" has no attribute "query_template"  [attr-defined]
src\fastapi_easy\core\performance_benchmarker.py:310: error: Incompatible return value type (got "Result[Any]", expected "QueryAnalysisResult")  [return-value]
src\fastapi_easy\core\performance_benchmarker.py:314: error: Missing type parameters for generic type "Callable"  [type-arg]
src\fastapi_easy\core\performance_benchmarker.py:347: error: Function is missing a return type annotation  [no-untyped-def]
src\fastapi_easy\core\performance_benchmarker.py:370: error: Need type annotation for "all_results" (hint: "all_results: list[<type>] = ...")  [var-annotated]
src\fastapi_easy\core\performance_benchmarker.py:375: error: Argument 1 to "extend" of "list" has incompatible type "Union[Any, BaseException]"; expected "Iterable[Any]"  [arg-type]
src\fastapi_easy\core\performance_benchmarker.py:412: error: Returning Any from function declared to return "BenchmarkResult"  [no-any-return]
src\fastapi_easy\core\performance_benchmarker.py:416: error: Missing type parameters for generic type "Callable"  [type-arg]
src\fastapi_easy\core\performance_benchmarker.py:482: error: Value of type "object" is not indexable  [index]
src\fastapi_easy\core\performance_benchmarker.py:483: error: Value of type "object" is not indexable  [index]
src\fastapi_easy\core\performance_benchmarker.py:484: error: Value of type "object" is not indexable  [index]
src\fastapi_easy\core\performance_benchmarker.py:485: error: Value of type "object" is not indexable  [index]
src\fastapi_easy\core\performance_benchmarker.py:511: error: Returning Any from function declared to return "BenchmarkResult"  [no-any-return]
src\fastapi_easy\core\performance_benchmarker.py:513: error: Function is missing a return type annotation  [no-untyped-def]
src\fastapi_easy\core\performance_benchmarker.py:513: error: Function is missing a type annotation for one or more arguments  [no-untyped-def]
src\fastapi_easy\core\performance_benchmarker.py:556: error: Incompatible types in assignment (expression has type "float", variable has type "int")  [assignment]
src\fastapi_easy\core\performance_benchmarker.py:557: error: Incompatible types in assignment (expression has type "float", variable has type "int")  [assignment]
src\fastapi_easy\core\performance_benchmarker.py:567: error: Function is missing a return type annotation  [no-untyped-def]
src\fastapi_easy\core\performance_benchmarker.py:719: error: Function is missing a return type annotation  [no-untyped-def]
src\fastapi_easy\core\performance_benchmarker.py:719: note: Use "-> None" if function does not return a value
src\fastapi_easy\core\performance_benchmarker.py:747: error: Function is missing a type annotation for one or more arguments  [no-untyped-def]
src\fastapi_easy\core\optimized_database.py:153: error: Argument "key" to "min" has incompatible type overloaded function; expected "Callable[[str], Union[SupportsDunderLT[Any], SupportsDunderGT[Any]]]"  [arg-type]
src\fastapi_easy\core\optimized_database.py:207: error: Type variable "fastapi_easy.core.optimized_database.T" is unbound  [valid-type]
src\fastapi_easy\core\optimized_database.py:207: note: (Hint: Use "Generic[T]" or "Protocol[T]" base class to bind "T" inside a class)
src\fastapi_easy\core\optimized_database.py:207: note: (Hint: Use "T" in function signature to bind "T" inside a function)
src\fastapi_easy\core\optimized_database.py:242: error: Function is missing a return type annotation  [no-untyped-def]
src\fastapi_easy\core\optimized_database.py:245: error: Missing type parameters for generic type "Callable"  [type-arg]
src\fastapi_easy\core\optimized_database.py:247: error: Function is missing a type annotation  [no-untyped-def]
src\fastapi_easy\core\optimized_database.py:377: error: Function is missing a type annotation  [no-untyped-def]
src\fastapi_easy\core\optimized_database.py:381: error: Function is missing a type annotation  [no-untyped-def]
src\fastapi_easy\core\optimized_database.py:385: error: Function is missing a type annotation  [no-untyped-def]
src\fastapi_easy\core\optimized_database.py:411: error: Argument 1 to "monitor_performance" has incompatible type "Callable[[OptimizedDatabaseManager, Any, Optional[AsyncSession], Optional[str], Optional[int]], Coroutine[Any, Any, Any]]"; expected "PerformanceMetrics"  [arg-type]
src\fastapi_easy\core\optimized_database.py:542: error: Function is missing a type annotation for one or more arguments  [no-untyped-def]
src\fastapi_easy\backends\sqlalchemy.py:31: error: Missing type parameters for generic type "Callable"  [type-arg]
src\fastapi_easy\backends\sqlalchemy.py:44: error: Function is missing a return type annotation  [no-untyped-def]
src\fastapi_easy\backends\sqlalchemy.py:44: error: Function is missing a type annotation for one or more arguments  [no-untyped-def]
src\fastapi_easy\backends\sqlalchemy.py:160: error: Returning Any from function declared to return "list[Any]"  [no-any-return]
src\fastapi_easy\backends\sqlalchemy.py:320: error: Returning Any from function declared to return "list[Any]"  [no-any-return]
src\fastapi_easy\backends\sqlalchemy.py:346: error: Returning Any from function declared to return "int"  [no-any-return]
src\fastapi_easy\core\multilayer_cache.py:51: error: Call to untyped function "ReentrantAsyncLock" in typed context  [no-untyped-call]
src\fastapi_easy\core\multilayer_cache.py:152: error: Missing type parameters for generic type "list"  [type-arg]
src\fastapi_easy\core\multilayer_cache.py:178: error: Missing type parameters for generic type "dict"  [type-arg]
src\fastapi_easy\backends\sqlalchemy_optimized.py:72: error: Dict entry 0 has incompatible type "str": "int"; expected "str": "bool"  [dict-item]
src\fastapi_easy\backends\sqlalchemy_optimized.py:73: error: Dict entry 1 has incompatible type "str": "int"; expected "str": "bool"  [dict-item]
src\fastapi_easy\backends\sqlalchemy_optimized.py:74: error: Dict entry 2 has incompatible type "str": "int"; expected "str": "bool"  [dict-item]
src\fastapi_easy\backends\sqlalchemy_optimized.py:75: error: Dict entry 3 has incompatible type "str": "int"; expected "str": "bool"  [dict-item]
src\fastapi_easy\backends\sqlalchemy_optimized.py:78: error: Incompatible types in assignment (expression has type "type[NullPool]", target has type "bool")  [assignment]
src\fastapi_easy\backends\sqlalchemy_optimized.py:90: error: Dict entry 0 has incompatible type "str": "int"; expected "str": "bool"  [dict-item]
src\fastapi_easy\backends\sqlalchemy_optimized.py:91: error: Dict entry 1 has incompatible type "str": "dict[str, str]"; expected "str": "bool"  [dict-item]
src\fastapi_easy\backends\sqlalchemy_optimized.py:97: error: Incompatible types in assignment (expression has type "dict[str, bool]", target has type "bool")  [assignment]
src\fastapi_easy\backends\sqlalchemy_optimized.py:127: error: Function is missing a return type annotation  [no-untyped-def]
src\fastapi_easy\backends\sqlalchemy_optimized.py:153: error: Function is missing a type annotation for one or more arguments  [no-untyped-def]
src\fastapi_easy\backends\sqlalchemy_optimized.py:212: error: Incompatible types in assignment (expression has type "Optional[Any]", variable has type "list[str]")  [assignment]
src\fastapi_easy\backends\sqlalchemy_optimized.py:248: error: Returning Any from function declared to return "list[Any]"  [no-any-return]
src\fastapi_easy\backends\sqlalchemy_optimized.py:287: error: Returning Any from function declared to return "list[Any]"  [no-any-return]
src\fastapi_easy\backends\sqlalchemy_optimized.py:511: error: Incompatible default for argument "filters" (default has type "None", argument has type "dict[str, Any]")  [assignment]
src\fastapi_easy\backends\sqlalchemy_optimized.py:511: note: PEP 484 prohibits implicit Optional. Accordingly, mypy has changed its default to no_implicit_optional=True
src\fastapi_easy\backends\sqlalchemy_optimized.py:511: note: Use https://github.com/hauntsaninja/no_implicit_optional to automatically upgrade your codebase
src\fastapi_easy\backends\sqlalchemy_optimized.py:522: error: Returning Any from function declared to return "int"  [no-any-return]
src\fastapi_easy\backends\sqlalchemy_optimized.py:528: error: Argument 1 to "count" has incompatible type "type[DeclarativeBase]"; expected "Union[Union[ColumnElement[Any], _HasClauseElement[Any], SQLCoreOperations[Any], ExpressionElementRole[Any], TypedColumnsClauseRole[Any], Callable[[], ColumnElement[Any]], LambdaElement], Literal['*', 1], None]"  [arg-type]
src\fastapi_easy\backends\sqlalchemy_optimized.py:544: error: Returning Any from function declared to return "int"  [no-any-return]
src\fastapi_easy\backends\sqlalchemy_optimized.py:551: error: Function is missing a return type annotation  [no-untyped-def]
src\fastapi_easy\backends\sqlalchemy_optimized.py:560: error: Function is missing a return type annotation  [no-untyped-def]
src\fastapi_easy\backends\sqlalchemy_optimized.py:560: note: Use "-> None" if function does not return a value
src\fastapi_easy\backends\sqlalchemy_optimized.py:581: error: Missing return statement  [return]
src\fastapi_easy\backends\sqlalchemy_optimized.py:591: error: Function is missing a return type annotation  [no-untyped-def]
src\fastapi_easy\backends\sqlalchemy_optimized.py:591: note: Use "-> None" if function does not return a value
src\fastapi_easy\core\optimized_adapter.py:28: error: Function is missing a type annotation for one or more arguments  [no-untyped-def]
src\fastapi_easy\core\optimized_adapter.py:70: error: Incompatible types in assignment (expression has type "None", variable has type "MultiLayerCache")  [assignment]
src\fastapi_easy\core\optimized_adapter.py:79: error: Incompatible types in assignment (expression has type "None", variable has type "AsyncBatchProcessor")  [assignment]
src\fastapi_easy\core\optimized_adapter.py:87: error: Function is missing a type annotation for one or more arguments  [no-untyped-def]
src\fastapi_easy\core\optimized_adapter.py:106: error: Function is missing a type annotation for one or more arguments  [no-untyped-def]
src\fastapi_easy\core\optimized_adapter.py:146: error: Returning Any from function declared to return "list[Any]"  [no-any-return]
src\fastapi_easy\core\optimized_adapter.py:162: error: Returning Any from function declared to return "list[Any]"  [no-any-return]
src\fastapi_easy\core\optimized_adapter.py:164: error: Missing return statement  [return]
src\fastapi_easy\core\optimized_adapter.py:303: error: Returning Any from function declared to return "bool"  [no-any-return]
src\fastapi_easy\core\optimized_adapter.py:318: error: Returning Any from function declared to return "int"  [no-any-return]
src\fastapi_easy\core\optimized_adapter.py:334: error: Returning Any from function declared to return "int"  [no-any-return]
src\fastapi_easy\core\optimized_adapter.py:343: error: Returning Any from function declared to return "int"  [no-any-return]
src\fastapi_easy\core\optimized_adapter.py:363: error: Missing return statement  [return]
src\fastapi_easy\core\optimized_adapter.py:376: error: Statement is unreachable  [unreachable]
src\fastapi_easy\core\optimized_adapter.py:498: error: Function is missing a type annotation  [no-untyped-def]
src\fastapi_easy\core\optimized_adapter.py:516: error: Call to untyped function "cache_item" in typed context  [no-untyped-call]
src\fastapi_easy\core\optimized_adapter.py:551: error: Function is missing a type annotation for one or more arguments  [no-untyped-def]
src\fastapi_easy\security\core\jwt_auth.py:19: error: Skipping analyzing "fastapi_easy.security.core.exceptions": module is installed, but missing library stubs or py.typed marker  [import-untyped]
src\fastapi_easy\security\core\jwt_auth.py:23: error: Skipping analyzing "fastapi_easy.security.core.models": module is installed, but missing library stubs or py.typed marker  [import-untyped]
src\fastapi_easy\security\core\jwt_auth.py:170: error: Missing type parameters for generic type "Dict"  [type-arg]
src\fastapi_easy\security\core\jwt_auth.py:184: error: Returning Any from function declared to return "dict[Any, Any]"  [no-any-return]
src\fastapi_easy\security\field_encryption.py:71: error: Missing type parameters for generic type "Dict"  [type-arg]
src\fastapi_easy\security\field_encryption.py:71: error: Missing type parameters for generic type "List"  [type-arg]
src\fastapi_easy\security\field_encryption.py:113: error: Missing type parameters for generic type "Dict"  [type-arg]
src\fastapi_easy\security\field_encryption.py:113: error: Missing type parameters for generic type "List"  [type-arg]
src\fastapi_easy\security\field_encryption.py:142: error: Returning Any from function declared to return "Union[str, dict[Any, Any], list[Any], int, float]"  [no-any-return]
src\fastapi_easy\security\field_encryption.py:322: error: Returning Any from function declared to return "bytes"  [no-any-return]
src\fastapi_easy\security\field_encryption.py:322: error: Name "hashlib" is not defined  [name-defined]
src\fastapi_easy\security\field_encryption.py:392: error: "EncryptedModelWrapper" has no attribute "field_encryption"  [attr-defined]
src\fastapi_easy\security\field_encryption.py:395: error: Incompatible return value type (got "None", expected "dict[str, Any]")  [return-value]
src\fastapi_easy\security\field_encryption.py:442: error: Function is missing a return type annotation  [no-untyped-def]
src\fastapi_easy\security\field_encryption.py:455: error: Missing type parameters for generic type "TypeDecorator"  [type-arg]
src\fastapi_easy\security\field_encryption.py:461: error: Function is missing a type annotation  [no-untyped-def]
src\fastapi_easy\security\field_encryption.py:467: error: Function is missing a type annotation  [no-untyped-def]
src\fastapi_easy\testing\test_cache.py:64: error: Call to untyped function "from_url" in typed context  [no-untyped-call]
src\fastapi_easy\testing\test_cache.py:79: error: Missing type parameters for generic type "Callable"  [type-arg]
src\fastapi_easy\testing\test_cache.py:79: error: Missing type parameters for generic type "tuple"  [type-arg]
src\fastapi_easy\testing\test_cache.py:93: error: Statement is unreachable  [unreachable]
src\fastapi_easy\testing\test_cache.py:111: error: Missing type parameters for generic type "Callable"  [type-arg]
src\fastapi_easy\testing\test_cache.py:111: error: Missing type parameters for generic type "tuple"  [type-arg]
src\fastapi_easy\testing\test_cache.py:123: error: Returning Any from function declared to return "Optional[T]"  [no-any-return]
src\fastapi_easy\testing\test_cache.py:145: error: Returning Any from function declared to return "Optional[T]"  [no-any-return]
src\fastapi_easy\testing\test_cache.py:162: error: Returning Any from function declared to return "Optional[T]"  [no-any-return]
src\fastapi_easy\testing\test_cache.py:174: error: Missing type parameters for generic type "Callable"  [type-arg]
src\fastapi_easy\testing\test_cache.py:174: error: Missing type parameters for generic type "tuple"  [type-arg]
src\fastapi_easy\testing\test_cache.py:211: error: Missing type parameters for generic type "Callable"  [type-arg]
src\fastapi_easy\testing\test_cache.py:211: error: Missing type parameters for generic type "tuple"  [type-arg]
src\fastapi_easy\testing\test_cache.py:323: error: Missing type parameters for generic type "Callable"  [type-arg]
src\fastapi_easy\testing\test_cache.py:323: error: Missing type parameters for generic type "tuple"  [type-arg]
src\fastapi_easy\testing\test_cache.py:329: error: Need type annotation for "test_cache"  [var-annotated]
src\fastapi_easy\testing\test_cache.py:332: error: Function is missing a return type annotation  [no-untyped-def]
src\fastapi_easy\testing\test_cache.py:332: error: Missing type parameters for generic type "Callable"  [type-arg]
src\fastapi_easy\testing\test_cache.py:333: error: Missing type parameters for generic type "TestCache"  [type-arg]
src\fastapi_easy\testing\test_cache.py:335: error: Missing type parameters for generic type "Callable"  [type-arg]
src\fastapi_easy\testing\test_cache.py:337: error: Function is missing a type annotation  [no-untyped-def]
src\fastapi_easy\testing\test_cache.py:357: error: Function is missing a type annotation  [no-untyped-def]
src\fastapi_easy\testing\test_cache.py:376: error: Name "asyncio" is not defined  [name-defined]
src\fastapi_easy\testing\test_cache.py:383: error: Missing type parameters for generic type "TestCache"  [type-arg]
src\fastapi_easy\testing\test_cache.py:385: error: Need type annotation for "_setup_fixtures" (hint: "_setup_fixtures: dict[<type>, <type>] = ...")  [var-annotated]
src\fastapi_easy\testing\test_cache.py:387: error: Function is missing a return type annotation  [no-untyped-def]
src\fastapi_easy\testing\test_cache.py:387: error: Missing type parameters for generic type "Callable"  [type-arg]
src\fastapi_easy\testing\test_cache.py:390: error: Function is missing a return type annotation  [no-untyped-def]
src\fastapi_easy\testing\test_cache.py:396: error: Function is missing a return type annotation  [no-untyped-def]
src\fastapi_easy\testing\test_cache.py:400: error: Function is missing a return type annotation  [no-untyped-def]
src\fastapi_easy\testing\test_cache.py:400: error: Missing type parameters for generic type "tuple"  [type-arg]
src\fastapi_easy\testing\test_cache.py:406: error: Missing type parameters for generic type "tuple"  [type-arg]
src\fastapi_easy\testing\test_cache.py:417: error: Function is missing a return type annotation  [no-untyped-def]
src\fastapi_easy\testing\test_cache.py:419: error: Need type annotation for "temp_cache"  [var-annotated]
src\fastapi_easy\testing\test_cache.py:428: error: Missing type parameters for generic type "Callable"  [type-arg]
src\fastapi_easy\testing\test_cache.py:429: error: Missing type parameters for generic type "Callable"  [type-arg]
src\fastapi_easy\testing\test_cache.py:432: error: Function is missing a return type annotation  [no-untyped-def]
src\fastapi_easy\testing\test_cache.py:434: error: Returning Any from function declared to return "Callable[..., Any]"  [no-any-return]
src\fastapi_easy\testing\test_cache.py:437: error: Missing type parameters for generic type "Callable"  [type-arg]
src\fastapi_easy\testing\test_cache.py:438: error: Missing type parameters for generic type "Callable"  [type-arg]
src\fastapi_easy\testing\test_cache.py:441: error: Function is missing a type annotation  [no-untyped-def]
src\fastapi_easy\testing\test_cache.py:443: error: Returning Any from function declared to return "Callable[..., Any]"  [no-any-return]
src\fastapi_easy\migrations\schema_cache.py:69: error: Returning Any from function declared to return "Optional[dict[str, Any]]"  [no-any-return]
src\fastapi_easy\migrations\schema_cache.py:148: error: Call to untyped function "_initialize" in typed context  [no-untyped-call]
src\fastapi_easy\migrations\schema_cache.py:150: error: Function is missing a return type annotation  [no-untyped-def]
src\fastapi_easy\migrations\schema_cache.py:150: note: Use "-> None" if function does not return a value
src\fastapi_easy\migrations\schema_cache.py:155: error: Call to untyped function "from_url" in typed context  [no-untyped-call]
src\fastapi_easy\migrations\schema_cache.py:156: error: "None" has no attribute "ping"  [attr-defined]
src\fastapi_easy\migrations\schema_cache.py:168: error: Statement is unreachable  [unreachable]
src\fastapi_easy\migrations\schema_cache.py:191: error: Statement is unreachable  [unreachable]
src\fastapi_easy\migrations\schema_cache.py:210: error: Statement is unreachable  [unreachable]
src\fastapi_easy\migrations\schema_cache.py:226: error: Statement is unreachable  [unreachable]
src\fastapi_easy\migrations\schema_cache.py:338: error: Dict entry 2 has incompatible type "str": "str"; expected "str": "int"  [dict-item]
src\fastapi_easy\core\advanced_cache.py:33: error: Incompatible types in assignment (expression has type "None", variable has type Module)  [assignment]
src\fastapi_easy\core\advanced_cache.py:70: error: Function is missing a return type annotation  [no-untyped-def]
src\fastapi_easy\core\advanced_cache.py:70: note: Use "-> None" if function does not return a value
src\fastapi_easy\core\advanced_cache.py:222: error: Incompatible default for argument "eviction_policy" (default has type "None", argument has type "EvictionPolicy")  [assignment]
src\fastapi_easy\core\advanced_cache.py:222: note: PEP 484 prohibits implicit Optional. Accordingly, mypy has changed its default to no_implicit_optional=True
src\fastapi_easy\core\advanced_cache.py:222: note: Use https://github.com/hauntsaninja/no_implicit_optional to automatically upgrade your codebase
src\fastapi_easy\core\advanced_cache.py:256: error: Missing type parameters for generic type "Task"  [type-arg]
src\fastapi_easy\core\advanced_cache.py:257: error: Missing type parameters for generic type "Task"  [type-arg]
src\fastapi_easy\core\advanced_cache.py:260: error: Call to untyped function "_start_background_tasks" in typed context  [no-untyped-call]
src\fastapi_easy\core\advanced_cache.py:262: error: Function is missing a return type annotation  [no-untyped-def]
src\fastapi_easy\core\advanced_cache.py:262: note: Use "-> None" if function does not return a value
src\fastapi_easy\core\advanced_cache.py:264: error: Call to untyped function "_cleanup_expired" in typed context  [no-untyped-call]
src\fastapi_easy\core\advanced_cache.py:265: error: Call to untyped function "_update_stats" in typed context  [no-untyped-call]
src\fastapi_easy\core\advanced_cache.py:267: error: Function is missing a type annotation for one or more arguments  [no-untyped-def]
src\fastapi_easy\core\advanced_cache.py:320: error: Call to untyped function "touch" in typed context  [no-untyped-call]
src\fastapi_easy\core\advanced_cache.py:425: error: Function is missing a return type annotation  [no-untyped-def]
src\fastapi_easy\core\advanced_cache.py:446: error: Function is missing a return type annotation  [no-untyped-def]
src\fastapi_easy\core\advanced_cache.py:446: note: Use "-> None" if function does not return a value
src\fastapi_easy\core\advanced_cache.py:465: error: Function is missing a return type annotation  [no-untyped-def]
src\fastapi_easy\core\advanced_cache.py:465: note: Use "-> None" if function does not return a value
src\fastapi_easy\core\advanced_cache.py:502: error: Function is missing a return type annotation  [no-untyped-def]
src\fastapi_easy\core\advanced_cache.py:502: note: Use "-> None" if function does not return a value
src\fastapi_easy\core\advanced_cache.py:560: error: Function is missing a return type annotation  [no-untyped-def]
src\fastapi_easy\core\advanced_cache.py:560: note: Use "-> None" if function does not return a value
src\fastapi_easy\core\advanced_cache.py:567: error: Incompatible types in "await" (actual type "Union[Awaitable[bool], bool]", expected type "Awaitable[Any]")  [misc]
src\fastapi_easy\core\advanced_cache.py:570: error: Function is missing a return type annotation  [no-untyped-def]
src\fastapi_easy\core\advanced_cache.py:570: note: Use "-> None" if function does not return a value
src\fastapi_easy\core\advanced_cache.py:587: error: Call to untyped function "connect" in typed context  [no-untyped-call]
src\fastapi_easy\core\advanced_cache.py:593: error: Item "None" of "Optional[Redis]" has no attribute "get"  [union-attr]
src\fastapi_easy\core\advanced_cache.py:611: error: "L2RedisCache" has no attribute "metrics"  [attr-defined]
src\fastapi_easy\core\advanced_cache.py:623: error: Call to untyped function "connect" in typed context  [no-untyped-call]
src\fastapi_easy\core\advanced_cache.py:638: error: Item "None" of "Optional[Redis]" has no attribute "setex"  [union-attr]
src\fastapi_easy\core\advanced_cache.py:648: error: "L2RedisCache" has no attribute "metrics"  [attr-defined]
src\fastapi_easy\core\advanced_cache.py:653: error: Call to untyped function "connect" in typed context  [no-untyped-call]
src\fastapi_easy\core\advanced_cache.py:659: error: Item "None" of "Optional[Redis]" has no attribute "delete"  [union-attr]
src\fastapi_easy\core\advanced_cache.py:661: error: Returning Any from function declared to return "bool"  [no-any-return]
src\fastapi_easy\core\advanced_cache.py:669: error: "L2RedisCache" has no attribute "metrics"  [attr-defined]
src\fastapi_easy\core\advanced_cache.py:704: error: Missing type parameters for generic type "Callable"  [type-arg]
src\fastapi_easy\core\advanced_cache.py:705: error: Missing type parameters for generic type "Callable"  [type-arg]
src\fastapi_easy\core\advanced_cache.py:759: error: Function is missing a return type annotation  [no-untyped-def]
src\fastapi_easy\core\advanced_cache.py:765: error: Function is missing a return type annotation  [no-untyped-def]
src\fastapi_easy\core\advanced_cache.py:765: error: Missing type parameters for generic type "Callable"  [type-arg]
src\fastapi_easy\core\advanced_cache.py:785: error: Function is missing a return type annotation  [no-untyped-def]
src\fastapi_easy\core\advanced_cache.py:785: note: Use "-> None" if function does not return a value
src\fastapi_easy\core\advanced_cache.py:787: error: Call to untyped function "close" in typed context  [no-untyped-call]
src\fastapi_easy\core\advanced_cache.py:789: error: Call to untyped function "disconnect" in typed context  [no-untyped-call]
src\fastapi_easy\core\advanced_cache.py:804: error: Function is missing a type annotation for one or more arguments  [no-untyped-def]
src\fastapi_easy\testing\database_utils.py:124: error: No overload variant of "sessionmaker" matches argument types "AsyncEngine", "type[AsyncSession]", "bool", "bool"  [call-overload]
src\fastapi_easy\testing\database_utils.py:124: note: Possible overload variants:
src\fastapi_easy\testing\database_utils.py:124: note:     def [_S: Session] __init__(self, bind: Union[Engine, Connection, None] = ..., *, class_: type[_S], autoflush: bool = ..., expire_on_commit: bool = ..., info: Optional[dict[Any, Any]] = ..., **kw: Any) -> sessionmaker[_S]
src\fastapi_easy\testing\database_utils.py:124: note:     def [_S: Session] __init__(self, bind: Union[Engine, Connection, None] = ..., *, autoflush: bool = ..., expire_on_commit: bool = ..., info: Optional[dict[Any, Any]] = ..., **kw: Any) -> sessionmaker[Session]
src\fastapi_easy\testing\database_utils.py:185: error: Argument 1 to "bulk_insert_mappings" of "Session" has incompatible type "type"; expected "Mapper[Any]"  [arg-type]
src\fastapi_easy\testing\database_utils.py:203: error: Argument 1 to "bulk_insert_mappings" of "Session" has incompatible type "type"; expected "Mapper[Any]"  [arg-type]
src\fastapi_easy\testing\database_utils.py:251: error: Missing positional argument "fn" in call to "listen"  [call-arg]
src\fastapi_easy\testing\database_utils.py:251: error: "listen" does not return a value (it only ever returns None)  [func-returns-value]
src\fastapi_easy\testing\database_utils.py:252: error: Function is missing a type annotation  [no-untyped-def]
src\fastapi_easy\testing\database_utils.py:311: error: Missing type parameters for generic type "Callable"  [type-arg]
src\fastapi_easy\testing\database_utils.py:313: error: Function is missing a return type annotation  [no-untyped-def]
src\fastapi_easy\testing\database_utils.py:313: error: Missing type parameters for generic type "Callable"  [type-arg]
src\fastapi_easy\testing\database_utils.py:317: error: Untyped decorator makes function "get_test_data" untyped  [untyped-decorator]
src\fastapi_easy\testing\database_utils.py:366: error: Function is missing a return type annotation  [no-untyped-def]
src\fastapi_easy\testing\database_utils.py:368: error: Function is missing a return type annotation  [no-untyped-def]
src\fastapi_easy\testing\database_utils.py:368: error: Missing type parameters for generic type "Callable"  [type-arg]
src\fastapi_easy\testing\database_utils.py:370: error: Function is missing a type annotation  [no-untyped-def]
src\fastapi_easy\testing\database_utils.py:384: error: Function is missing a type annotation  [no-untyped-def]
src\fastapi_easy\testing\database_utils.py:391: error: Argument 1 to "OptimizedTransactionManager" has incompatible type "None"; expected "Engine"  [arg-type]
src\fastapi_easy\testing\database_utils.py:401: error: Function is missing a return type annotation  [no-untyped-def]
src\fastapi_easy\testing\database_utils.py:403: error: Function is missing a return type annotation  [no-untyped-def]
src\fastapi_easy\testing\database_utils.py:403: error: Missing type parameters for generic type "Callable"  [type-arg]
src\fastapi_easy\testing\database_utils.py:405: error: Function is missing a type annotation  [no-untyped-def]
src\fastapi_easy\testing\database_utils.py:421: error: Function is missing a type annotation  [no-untyped-def]
src\fastapi_easy\core\performance_dashboard.py:271: error: Function is missing a return type annotation  [no-untyped-def]
src\fastapi_easy\core\performance_dashboard.py:394: error: Call to untyped function "_update_loop" in typed context  [no-untyped-call]
src\fastapi_easy\core\performance_dashboard.py:398: error: Call to untyped function "start_monitoring" in typed context  [no-untyped-call]
src\fastapi_easy\core\performance_dashboard.py:402: error: Function is missing a return type annotation  [no-untyped-def]
src\fastapi_easy\core\performance_dashboard.py:402: note: Use "-> None" if function does not return a value
src\fastapi_easy\core\performance_dashboard.py:417: error: Call to untyped function "stop_monitoring" in typed context  [no-untyped-call]
src\fastapi_easy\core\performance_dashboard.py:421: error: Function is missing a return type annotation  [no-untyped-def]
src\fastapi_easy\core\performance_dashboard.py:421: note: Use "-> None" if function does not return a value
src\fastapi_easy\core\performance_dashboard.py:425: error: Call to untyped function "_collect_metrics" in typed context  [no-untyped-call]
src\fastapi_easy\core\performance_dashboard.py:435: error: Function is missing a return type annotation  [no-untyped-def]
src\fastapi_easy\core\performance_dashboard.py:435: note: Use "-> None" if function does not return a value
src\fastapi_easy\core\performance_dashboard.py:471: error: Library stubs not installed for "psutil"  [import-untyped]
src\fastapi_easy\core\performance_dashboard.py:471: note: Hint: "python3 -m pip install types-psutil"
src\fastapi_easy\core\performance_dashboard.py:471: note: (or run "mypy --install-types" to install all missing stub packages)
src\fastapi_easy\core\performance_dashboard.py:471: note: See https://mypy.readthedocs.io/en/stable/running_mypy.html#missing-imports
src\fastapi_easy\core\performance_dashboard.py:480: error: Function is missing a return type annotation  [no-untyped-def]
src\fastapi_easy\core\performance_dashboard.py:673: error: Function is missing a return type annotation  [no-untyped-def]
src\fastapi_easy\core\performance_dashboard.py:680: error: Function is missing a return type annotation  [no-untyped-def]
src\fastapi_easy\core\performance_dashboard.py:717: error: Function is missing a type annotation for one or more arguments  [no-untyped-def]
src\fastapi_easy\testing\test_reporter.py:18: error: Library stubs not installed for "pandas"  [import-untyped]
src\fastapi_easy\testing\test_reporter.py:18: note: Hint: "python3 -m pip install pandas-stubs"
src\fastapi_easy\testing\test_reporter.py:78: error: Returning Any from function declared to return "list[dict[str, Any]]"  [no-any-return]
src\fastapi_easy\testing\test_reporter.py:83: error: Function is missing a return type annotation  [no-untyped-def]
src\fastapi_easy\testing\test_reporter.py:83: note: Use "-> None" if function does not return a value
src\fastapi_easy\testing\test_reporter.py:112: error: Function is missing a return type annotation  [no-untyped-def]
src\fastapi_easy\testing\test_reporter.py:112: note: Use "-> None" if function does not return a value
src\fastapi_easy\testing\test_reporter.py:115: error: Incompatible types in assignment (expression has type "datetime", variable has type "None")  [assignment]
src\fastapi_easy\testing\test_reporter.py:119: error: Function is missing a return type annotation  [no-untyped-def]
src\fastapi_easy\testing\test_reporter.py:119: note: Use "-> None" if function does not return a value
src\fastapi_easy\testing\test_reporter.py:122: error: Incompatible types in assignment (expression has type "datetime", variable has type "None")  [assignment]
src\fastapi_easy\testing\test_reporter.py:123: error: Call to untyped function "_save_historical_data" in typed context  [no-untyped-call]
src\fastapi_easy\testing\test_reporter.py:125: error: Function is missing a return type annotation  [no-untyped-def]
src\fastapi_easy\testing\test_reporter.py:197: error: Incompatible types in assignment (expression has type "dict[str, dict[str, float]]", target has type "Union[float, int]")  [assignment]
src\fastapi_easy\testing\test_reporter.py:210: error: Argument "session_start" to "TestSuiteReport" has incompatible type "None"; expected "datetime"  [arg-type]
src\fastapi_easy\testing\test_reporter.py:231: error: Returning Any from function declared to return "float"  [no-any-return]
src\fastapi_easy\testing\test_reporter.py:246: error: Function is missing a type annotation  [no-untyped-def]
src\fastapi_easy\testing\test_reporter.py:264: error: Call to untyped function "linear_trend" in typed context  [no-untyped-call]
src\fastapi_easy\testing\test_reporter.py:265: error: Call to untyped function "linear_trend" in typed context  [no-untyped-call]
src\fastapi_easy\testing\test_reporter.py:266: error: Call to untyped function "linear_trend" in typed context  [no-untyped-call]
src\fastapi_easy\testing\test_reporter.py:315: error: Function is missing a return type annotation  [no-untyped-def]
src\fastapi_easy\testing\test_reporter.py:384: error: Function is missing a return type annotation  [no-untyped-def]
src\fastapi_easy\testing\test_reporter.py:471: error: Function is missing a type annotation  [no-untyped-def]
src\fastapi_easy\testing\test_reporter.py:474: error: Call to untyped function "start_session" in typed context  [no-untyped-call]
src\fastapi_easy\testing\test_reporter.py:477: error: Function is missing a type annotation  [no-untyped-def]
src\fastapi_easy\testing\test_reporter.py:483: error: Function is missing a type annotation  [no-untyped-def]
src\fastapi_easy\testing\test_reporter.py:507: error: Function is missing a type annotation  [no-untyped-def]
src\fastapi_easy\testing\test_reporter.py:509: error: Call to untyped function "end_session" in typed context  [no-untyped-call]
src\fastapi_easy\testing\__init__.py:95: error: Function is missing a return type annotation  [no-untyped-def]
src\fastapi_easy\testing\__init__.py:114: error: Function is missing a return type annotation  [no-untyped-def]
src\fastapi_easy\testing\__init__.py:133: error: Call to untyped function "setup_optimized_testing" in typed context  [no-untyped-call]
src\fastapi_easy\security\validators.py:20: error: Function is missing a type annotation  [no-untyped-def]
src\fastapi_easy\security\validators.py:44: error: Function is missing a type annotation  [no-untyped-def]
src\fastapi_easy\security\validators.py:66: error: Function is missing a type annotation  [no-untyped-def]
src\fastapi_easy\security\validators.py:100: error: Function is missing a type annotation  [no-untyped-def]
src\fastapi_easy\security\validators.py:114: error: Function is missing a type annotation  [no-untyped-def]
src\fastapi_easy\security\validators.py:131: error: Missing type parameters for generic type "list"  [type-arg]
src\fastapi_easy\security\validators.py:135: error: Function is missing a type annotation  [no-untyped-def]
src\fastapi_easy\security\validators.py:149: error: Function is missing a type annotation  [no-untyped-def]
src\fastapi_easy\security\validation\validators.py:19: error: Function is missing a type annotation  [no-untyped-def]
src\fastapi_easy\security\validation\validators.py:42: error: Function is missing a type annotation  [no-untyped-def]
src\fastapi_easy\security\validation\validators.py:63: error: Function is missing a type annotation  [no-untyped-def]
src\fastapi_easy\security\validation\validators.py:96: error: Function is missing a type annotation  [no-untyped-def]
src\fastapi_easy\security\validation\validators.py:109: error: Function is missing a type annotation  [no-untyped-def]
src\fastapi_easy\security\validation\validators.py:126: error: Missing type parameters for generic type "list"  [type-arg]
src\fastapi_easy\security\validation\validators.py:129: error: Function is missing a type annotation  [no-untyped-def]
src\fastapi_easy\security\validation\validators.py:142: error: Function is missing a type annotation  [no-untyped-def]
src\fastapi_easy\core\common_mixins.py:53: error: Argument 1 to "declared_attr" has incompatible type "Callable[[TimestampMixin], str]"; expected "Callable[..., Union[Mapped[Never], ORMDescriptor[Never], SQLCoreOperations[Never]]]"  [arg-type]
src\fastapi_easy\core\common_mixins.py:56: error: Returning Any from function declared to return "str"  [no-any-return]
src\fastapi_easy\core\common_mixins.py:56: error: "TimestampMixin" has no attribute "__name__"; maybe "__tablename__"?  [attr-defined]
src\fastapi_easy\core\common_mixins.py:71: error: Incompatible types in assignment (expression has type "bool", variable has type "Column[bool]")  [assignment]
src\fastapi_easy\core\common_mixins.py:72: error: Incompatible types in assignment (expression has type "datetime", variable has type "Column[datetime]")  [assignment]
src\fastapi_easy\core\common_mixins.py:76: error: Incompatible types in assignment (expression has type "bool", variable has type "Column[bool]")  [assignment]
src\fastapi_easy\core\common_mixins.py:77: error: Incompatible types in assignment (expression has type "None", variable has type "Column[datetime]")  [assignment]
src\fastapi_easy\core\common_mixins.py:91: error: Incompatible types in assignment (expression has type "ColumnElement[int]", variable has type "Column[int]")  [assignment]
src\fastapi_easy\core\common_mixins.py:102: error: Statement is unreachable  [unreachable]
src\fastapi_easy\core\common_mixins.py:108: error: Statement is unreachable  [unreachable]
src\fastapi_easy\core\common_mixins.py:114: error: Statement is unreachable  [unreachable]
src\fastapi_easy\core\common_mixins.py:122: error: Missing type parameters for generic type "Column"  [type-arg]
src\fastapi_easy\core\common_mixins.py:126: error: Name "uuid" is not defined  [name-defined]
src\fastapi_easy\core\common_mixins.py:160: error: Incompatible types in assignment (expression has type "str", variable has type "Column[str]")  [assignment]
src\fastapi_easy\core\common_mixins.py:175: error: Function is missing a type annotation  [no-untyped-def]
src\fastapi_easy\core\common_mixins.py:185: error: "type[ValidationMixin]" has no attribute "model_fields"  [attr-defined]
src\fastapi_easy\core\common_mixins.py:221: error: Function is missing a return type annotation  [no-untyped-def]
src\fastapi_easy\core\common_mixins.py:262: error: Missing type parameters for generic type "tuple"  [type-arg]
src\fastapi_easy\core\common_mixins.py:271: error: Function is missing a return type annotation  [no-untyped-def]
src\fastapi_easy\core\common_mixins.py:271: error: Missing type parameters for generic type "tuple"  [type-arg]
src\fastapi_easy\core\common_mixins.py:341: error: Function is missing a type annotation for one or more arguments  [no-untyped-def]
src\fastapi_easy\core\common_mixins.py:372: error: Need type annotation for "errors" (hint: "errors: list[<type>] = ...")  [var-annotated]
src\fastapi_easy\core\common_mixins.py:381: error: "BatchOperationMixin" has no attribute "create"  [attr-defined]
src\fastapi_easy\core\common_mixins.py:407: error: Need type annotation for "errors" (hint: "errors: list[<type>] = ...")  [var-annotated]
src\fastapi_easy\core\common_mixins.py:420: error: "BatchOperationMixin" has no attribute "update"  [attr-defined]
src\fastapi_easy\core\common_mixins.py:444: error: Function is missing a return type annotation  [no-untyped-def]
src\fastapi_easy\core\common_mixins.py:447: error: Function is missing a type annotation  [no-untyped-def]
src\fastapi_easy\core\common_mixins.py:449: error: Function is missing a type annotation  [no-untyped-def]
src\fastapi_easy\core\common_mixins.py:456: error: "_Wrapped[[VarArg(Any), KwArg(Any)], Any, [VarArg(Any), KwArg(Any)], Any]" has no attribute "_get_cache"  [attr-defined]
src\fastapi_easy\core\common_mixins.py:464: error: "_Wrapped[[VarArg(Any), KwArg(Any)], Any, [VarArg(Any), KwArg(Any)], Any]" has no attribute "_set_cache"  [attr-defined]
src\fastapi_easy\core\common_mixins.py:469: error: "_Wrapped[[VarArg(Any), KwArg(Any)], Any, [VarArg(Any), KwArg(Any)], Any]" has no attribute "_get_cache"  [attr-defined]
src\fastapi_easy\core\common_mixins.py:470: error: "_Wrapped[[VarArg(Any), KwArg(Any)], Any, [VarArg(Any), KwArg(Any)], Any]" has no attribute "_set_cache"  [attr-defined]
src\fastapi_easy\core\common_mixins.py:477: error: Function is missing a return type annotation  [no-untyped-def]
src\fastapi_easy\core\common_mixins.py:480: error: Function is missing a type annotation  [no-untyped-def]
src\fastapi_easy\core\common_mixins.py:482: error: Function is missing a type annotation  [no-untyped-def]
src\fastapi_easy\core\common_mixins.py:495: error: Exception must be derived from BaseException  [misc]
src\fastapi_easy\core\common_mixins.py:502: error: Function is missing a return type annotation  [no-untyped-def]
src\fastapi_easy\core\common_mixins.py:505: error: Function is missing a type annotation  [no-untyped-def]
src\fastapi_easy\core\common_mixins.py:507: error: Function is missing a type annotation  [no-untyped-def]
src\fastapi_easy\core\common_mixins.py:536: error: Function is missing a return type annotation  [no-untyped-def]
src\fastapi_easy\core\common_mixins.py:539: error: Function is missing a type annotation  [no-untyped-def]
src\fastapi_easy\core\common_mixins.py:541: error: Function is missing a type annotation  [no-untyped-def]
src\fastapi_easy\core\common_mixins.py:635: error: Item "None" of "Optional[Any]" has no attribute "columns"  [union-attr]
src\fastapi_easy\core\common_mixins.py:654: error: Item "None" of "Optional[Any]" has no attribute "relationships"  [union-attr]
src\fastapi_easy\backends\tortoise.py:26: error: Missing type parameters for generic type "Callable"  [type-arg]
src\fastapi_easy\backends\tortoise.py:39: error: Function is missing a type annotation for one or more arguments  [no-untyped-def]
src\fastapi_easy\backends\tortoise.py:136: error: Returning Any from function declared to return "list[Any]"  [no-any-return]
src\fastapi_easy\backends\tortoise.py:261: error: Returning Any from function declared to return "list[Any]"  [no-any-return]
src\fastapi_easy\backends\tortoise.py:284: error: Returning Any from function declared to return "int"  [no-any-return]
src\fastapi_easy\security\jwt_auth.py:182: error: Missing type parameters for generic type "Dict"  [type-arg]
src\fastapi_easy\security\jwt_auth.py:196: error: Returning Any from function declared to return "dict[Any, Any]"  [no-any-return]
src\fastapi_easy\security\enhanced_jwt.py:22: error: Function is missing a type annotation  [no-untyped-def]
src\fastapi_easy\security\enhanced_jwt.py:87: error: Returning Any from function declared to return "bool"  [no-any-return]
src\fastapi_easy\security\enhanced_jwt.py:129: error: Returning Any from function declared to return "int"  [no-any-return]
src\fastapi_easy\security\enhanced_jwt.py:148: error: Returning Any from function declared to return "int"  [no-any-return]
src\fastapi_easy\security\enhanced_jwt.py:188: error: Dict entry 0 has incompatible type "str": "str"; expected "str": "datetime"  [dict-item]
src\fastapi_easy\security\enhanced_jwt.py:190: error: Dict entry 2 has incompatible type "str": "bool"; expected "str": "datetime"  [dict-item]
src\fastapi_easy\security\enhanced_jwt.py:197: error: Incompatible return value type (got "datetime", expected "str")  [return-value]
src\fastapi_easy\security\enhanced_jwt.py:202: error: Incompatible return value type (got "Optional[datetime]", expected "Optional[str]")  [return-value]
src\fastapi_easy\security\enhanced_jwt.py:302: error: Call to untyped function "TokenBlacklist" in typed context  [no-untyped-call]
src\fastapi_easy\security\enhanced_jwt.py:310: error: Name "Any" is not defined  [name-defined]
src\fastapi_easy\security\enhanced_jwt.py:310: note: Did you forget to import it from "typing"? (Suggestion: "from typing import Any")
src\fastapi_easy\security\enhanced_jwt.py:593: error: Name "Any" is not defined  [name-defined]
src\fastapi_easy\security\enhanced_jwt.py:593: note: Did you forget to import it from "typing"? (Suggestion: "from typing import Any")
src\fastapi_easy\migrations\storage.py:39: error: Function is missing a return type annotation  [no-untyped-def]
src\fastapi_easy\migrations\storage.py:123: error: Missing type parameters for generic type "dict"  [type-arg]
src\fastapi_easy\migrations\risk_engine.py:36: error: Function "builtins.callable" is not valid as a type  [valid-type]
src\fastapi_easy\migrations\risk_engine.py:36: note: Perhaps you meant "typing.Callable" instead of "callable"?
src\fastapi_easy\migrations\risk_engine.py:100: error: Call to untyped function "_initialize_default_rules" in typed context  [no-untyped-call]
src\fastapi_easy\migrations\risk_engine.py:102: error: Function is missing a return type annotation  [no-untyped-def]
src\fastapi_easy\migrations\risk_engine.py:146: error: Function is missing a return type annotation  [no-untyped-def]
src\fastapi_easy\migrations\risk_engine.py:156: error: callable? not callable  [misc]
src\fastapi_easy\migrations\risk_engine.py:217: error: Argument 1 to "check_compatibility" of "TypeCompatibilityChecker" has incompatible type "Optional[str]"; expected "str"  [arg-type]
src\fastapi_easy\migrations\risk_engine.py:217: error: Argument 2 to "check_compatibility" of "TypeCompatibilityChecker" has incompatible type "Optional[str]"; expected "str"  [arg-type]
src\fastapi_easy\migrations\risk_engine.py:226: error: Missing type parameters for generic type "Dict"  [type-arg]
src\fastapi_easy\migrations\risk_engine.py:238: error: Unsupported operand types for + ("object" and "int")  [operator]
src\fastapi_easy\migrations\risk_engine.py:239: error: "object" has no attribute "append"  [attr-defined]
src\fastapi_easy\migrations\generator.py:72: error: Argument 1 to "CreateTable" has incompatible type "Optional[Any]"; expected "Table"  [arg-type]
src\fastapi_easy\migrations\generator.py:105: error: Call to untyped function "CreateColumn" in typed context  [no-untyped-call]
src\fastapi_easy\migrations\cli_helpers.py:72: error: Missing type parameters for generic type "dict"  [type-arg]
src\fastapi_easy\backends\sqlmodel.py:34: error: Argument 1 to "__init__" of "SQLAlchemyAdapter" has incompatible type "type[SQLModel]"; expected "type[DeclarativeBase]"  [arg-type]
src\fastapi_easy\migrations\detector.py:18: error: Function is missing a type annotation for one or more arguments  [no-untyped-def]
src\fastapi_easy\migrations\detector.py:87: error: Argument 3 to "_detect_column_changes" of "SchemaDetector" has incompatible type "ReflectedColumn"; expected "dict[str, Any]"  [arg-type]
src\fastapi_easy\migrations\detector.py:118: error: Missing type parameters for generic type "Column"  [type-arg]
src\fastapi_easy\migrations\detector.py:153: error: Missing type parameters for generic type "Column"  [type-arg]
src\fastapi_easy\migrations\engine.py:22: error: Function is missing a type annotation for one or more arguments  [no-untyped-def]
src\fastapi_easy\migrations\engine.py:140: error: Function is missing a return type annotation  [no-untyped-def]
src\fastapi_easy\backends\mongo.py:33: error: Missing type parameters for generic type "AsyncIOMotorCollection"  [type-arg]
src\fastapi_easy\backends\mongo.py:34: error: Missing type parameters for generic type "AsyncIOMotorDatabase"  [type-arg]
src\fastapi_easy\migrations\cli.py:65: error: Function is missing a return type annotation  [no-untyped-def]
src\fastapi_easy\migrations\cli.py:65: note: Use "-> None" if function does not return a value
src\fastapi_easy\migrations\cli.py:81: error: Function is missing a return type annotation  [no-untyped-def]
src\fastapi_easy\migrations\cli.py:131: error: Function is missing a return type annotation  [no-untyped-def]
src\fastapi_easy\migrations\cli.py:220: error: Function is missing a return type annotation  [no-untyped-def]
src\fastapi_easy\migrations\cli.py:272: error: Function is missing a return type annotation  [no-untyped-def]
src\fastapi_easy\migrations\cli.py:299: error: Function is missing a return type annotation  [no-untyped-def]
src\fastapi_easy\migrations\cli.py:308: error: Unexpected keyword argument "limit" for "get_history" of "MigrationEngine"  [call-arg]
src\fastapi_easy\migrations\engine.py:140: note: "get_history" of "MigrationEngine" defined here
src\fastapi_easy\migrations\cli.py:334: error: Function is missing a return type annotation  [no-untyped-def]
src\fastapi_easy\migrations\cli.py:361: error: Function is missing a return type annotation  [no-untyped-def]
src\fastapi_easy\migrations\cli.py:361: note: Use "-> None" if function does not return a value
src\fastapi_easy\migrations\cli.py:367: error: Call to untyped function "main" in typed context  [no-untyped-call]
src\fastapi_easy\app.py:49: error: Function is missing a type annotation for one or more arguments  [no-untyped-def]
src\fastapi_easy\app.py:52: error: Missing type parameters for generic type "Type"  [type-arg]
src\fastapi_easy\app.py:83: error: Call to untyped function "_create_lifespan" in typed context  [no-untyped-call]
src\fastapi_easy\app.py:102: error: Function is missing a type annotation  [no-untyped-def]
src\fastapi_easy\app.py:106: error: Function is missing a type annotation  [no-untyped-def]
src\fastapi_easy\app.py:109: error: Call to untyped function "_startup" in typed context  [no-untyped-call]
src\fastapi_easy\app.py:124: error: Call to untyped function "_shutdown" in typed context  [no-untyped-call]
src\fastapi_easy\app.py:131: error: Function is missing a return type annotation  [no-untyped-def]
src\fastapi_easy\app.py:131: note: Use "-> None" if function does not return a value
src\fastapi_easy\app.py:161: error: Argument "mode" to "MigrationEngine" has incompatible type "str"; expected "ExecutionMode"  [arg-type]
src\fastapi_easy\app.py:176: error: Call to untyped function "_run_auto_migration" in typed context  [no-untyped-call]
src\fastapi_easy\app.py:185: error: Function is missing a return type annotation  [no-untyped-def]
src\fastapi_easy\app.py:185: note: Use "-> None" if function does not return a value
src\fastapi_easy\app.py:198: error: Function is missing a return type annotation  [no-untyped-def]
src\fastapi_easy\app.py:198: note: Use "-> None" if function does not return a value
src\fastapi_easy\app.py:232: error: Missing type parameters for generic type "dict"  [type-arg]
src\fastapi_easy\app.py:271: error: Incompatible types in assignment (expression has type "str", variable has type "ExecutionMode")  [assignment]
src\fastapi_easy\utils\static_files.py:10: error: Library stubs not installed for "aiofiles"  [import-untyped]
src\fastapi_easy\utils\static_files.py:10: note: Hint: "python3 -m pip install types-aiofiles"
src\fastapi_easy\utils\static_files.py:29: error: Missing type parameters for generic type "list"  [type-arg]
src\fastapi_easy\utils\static_files.py:42: error: Call to untyped function "_init_mime_types" in typed context  [no-untyped-call]
src\fastapi_easy\utils\static_files.py:44: error: Function is missing a return type annotation  [no-untyped-def]
src\fastapi_easy\utils\static_files.py:44: note: Use "-> None" if function does not return a value
src\fastapi_easy\utils\static_files.py:87: error: Signature of "get_response" incompatible with supertype "starlette.staticfiles.StaticFiles"  [override]
src\fastapi_easy\utils\static_files.py:87: note:      Superclass:
src\fastapi_easy\utils\static_files.py:87: note:          def get_response(self, path: str, scope: MutableMapping[str, Any]) -> Coroutine[Any, Any, Response]
src\fastapi_easy\utils\static_files.py:87: note:      Subclass:
src\fastapi_easy\utils\static_files.py:87: note:          def get_response(self, path: str, scope: dict[Any, Any], request: Request) -> Coroutine[Any, Any, Response]
src\fastapi_easy\utils\static_files.py:87: error: Missing type parameters for generic type "Dict"  [type-arg]
src\fastapi_easy\utils\static_files.py:92: error: "EnhancedStaticFiles" has no attribute "get_full_path"  [attr-defined]
src\fastapi_easy\utils\static_files.py:132: error: Function is missing a return type annotation  [no-untyped-def]
src\fastapi_easy\utils\static_files.py:137: error: Call to untyped function "file_generator" in typed context  [no-untyped-call]
src\fastapi_easy\utils\static_files.py:140: error: Function is missing a type annotation for one or more arguments  [no-untyped-def]
src\fastapi_easy\utils\query_params_optimized.py:32: error: Missing type parameters for generic type "tuple"  [type-arg]
src\fastapi_easy\utils\query_params_optimized.py:35: error: Missing type parameters for generic type "Type"  [type-arg]
src\fastapi_easy\utils\query_params_optimized.py:39: error: Missing type parameters for generic type "Type"  [type-arg]
src\fastapi_easy\utils\query_params_optimized.py:39: error: Name "Optional" is not defined  [name-defined]
src\fastapi_easy\utils\query_params_optimized.py:39: note: Did you forget to import it from "typing"? (Suggestion: "from typing import Optional")
src\fastapi_easy\utils\query_params_optimized.py:58: error: Function is missing a return type annotation  [no-untyped-def]
src\fastapi_easy\utils\query_params_optimized.py:58: error: Missing type parameters for generic type "Type"  [type-arg]
src\fastapi_easy\utils\query_params_optimized.py:85: error: Function is missing a return type annotation  [no-untyped-def]
src\fastapi_easy\utils\query_params_optimized.py:98: error: Function is missing a type annotation  [no-untyped-def]
src\fastapi_easy\utils\query_params_optimized.py:138: error: Call to untyped function "get_parser" in typed context  [no-untyped-call]
src\fastapi_easy\utils\query_params_optimized.py:140: error: Call to untyped function "return_parser" in typed context  [no-untyped-call]
src\fastapi_easy\utils\query_params_optimized.py:148: error: Missing type parameters for generic type "Type"  [type-arg]
src\fastapi_easy\utils\query_params_optimized.py:157: error: Missing type parameters for generic type "Type"  [type-arg]
src\fastapi_easy\utils\query_params_optimized.py:176: error: Incompatible default for argument "config" (default has type "None", argument has type "QueryParamConfig")  [assignment]
src\fastapi_easy\utils\query_params_optimized.py:176: note: PEP 484 prohibits implicit Optional. Accordingly, mypy has changed its default to no_implicit_optional=True
src\fastapi_easy\utils\query_params_optimized.py:176: note: Use https://github.com/hauntsaninja/no_implicit_optional to automatically upgrade your codebase
src\fastapi_easy\utils\query_params_optimized.py:194: error: Returning Any from function declared to return "dict[str, Any]"  [no-any-return]
src\fastapi_easy\utils\query_params_optimized.py:212: error: Argument "default_factory" to "Query" has incompatible type "Union[Callable[[], Any], Callable[[dict[str, Any]], Any], None]"; expected "Optional[Callable[[], Any]]"  [arg-type]
src\fastapi_easy\utils\query_params_optimized.py:301: error: Missing type parameters for generic type "Callable"  [type-arg]
src\fastapi_easy\utils\query_params_optimized.py:323: error: "def dependency(**query_params: Any) -> Coroutine[Any, Any, BaseModel]" has no attribute "_schema_info"  [attr-defined]
src\fastapi_easy\utils\query_params_optimized.py:328: error: Missing type parameters for generic type "Callable"  [type-arg]
src\fastapi_easy\utils\query_params_optimized.py:363: error: "def query_dependency(**kwargs: Any) -> Coroutine[Any, Any, BaseModel]" has no attribute "_schema_info"  [attr-defined]
src\fastapi_easy\utils\query_params_optimized.py:373: error: Function is missing a return type annotation  [no-untyped-def]
src\fastapi_easy\utils\query_params_optimized.py:373: note: Use "-> None" if function does not return a value
src\fastapi_easy\utils\query_params_optimized.py:393: error: Incompatible types in assignment (expression has type "None", variable has type "int")  [assignment]
src\fastapi_easy\utils\query_params_optimized.py:394: error: Missing type parameters for generic type "list"  [type-arg]
src\fastapi_easy\utils\query_params_optimized.py:395: error: Missing type parameters for generic type "dict"  [type-arg]
src\fastapi_easy\utils\query_params_optimized.py:409: error: Function is missing a return type annotation  [no-untyped-def]
src\fastapi_easy\utils\query_params_optimized.py:414: error: Function is missing a return type annotation  [no-untyped-def]
src\fastapi_easy\security\enhanced_middleware.py:54: error: Missing type parameters for generic type "Callable"  [type-arg]
src\fastapi_easy\security\enhanced_middleware.py:96: error: Returning Any from function declared to return "Response"  [no-any-return]
src\fastapi_easy\security\enhanced_middleware.py:148: error: Missing type parameters for generic type "Callable"  [type-arg]
src\fastapi_easy\security\enhanced_middleware.py:152: error: Returning Any from function declared to return "Response"  [no-any-return]
src\fastapi_easy\security\enhanced_middleware.py:181: error: Argument 1 to "_validate_query_params" of "InputSanitizationMiddleware" has incompatible type "QueryParams"; expected "dict[str, str]"  [arg-type]
src\fastapi_easy\security\enhanced_middleware.py:184: error: Argument 1 to "_validate_headers" of "InputSanitizationMiddleware" has incompatible type "Headers"; expected "dict[str, str]"  [arg-type]
src\fastapi_easy\security\enhanced_middleware.py:187: error: Returning Any from function declared to return "Response"  [no-any-return]
src\fastapi_easy\security\enhanced_middleware.py:260: error: Missing type parameters for generic type "Callable"  [type-arg]
src\fastapi_easy\security\enhanced_middleware.py:266: error: Returning Any from function declared to return "Response"  [no-any-return]
src\fastapi_easy\security\enhanced_middleware.py:270: error: Returning Any from function declared to return "Response"  [no-any-return]
src\fastapi_easy\security\enhanced_middleware.py:305: error: "timezone" has no attribute "timedelta"  [attr-defined]
src\fastapi_easy\security\enhanced_middleware.py:318: error: "timezone" has no attribute "timedelta"  [attr-defined]
src\fastapi_easy\security\enhanced_middleware.py:321: error: Returning Any from function declared to return "Response"  [no-any-return]
src\fastapi_easy\security\enhanced_middleware.py:381: error: Missing type parameters for generic type "Callable"  [type-arg]
src\fastapi_easy\security\enhanced_middleware.py:396: error: Returning Any from function declared to return "Response"  [no-any-return]
src\fastapi_easy\security\enhanced_middleware.py:412: error: Unsupported operand types for + ("object" and "int")  [operator]
src\fastapi_easy\security\enhanced_middleware.py:416: error: Unsupported operand types for + ("object" and "int")  [operator]
src\fastapi_easy\security\enhanced_middleware.py:421: error: Unsupported operand types for + ("object" and "int")  [operator]
src\fastapi_easy\security\enhanced_middleware.py:457: error: No overload variant of "__sub__" of "datetime" matches argument type "object"  [operator]
src\fastapi_easy\security\enhanced_middleware.py:457: note: Possible overload variants:
src\fastapi_easy\security\enhanced_middleware.py:457: note:     def __sub__(self, datetime, /) -> timedelta
src\fastapi_easy\security\enhanced_middleware.py:457: note:     def __sub__(self, timedelta, /) -> datetime
src\fastapi_easy\security\decorators.py:67: error: Missing type parameters for generic type "dict"  [type-arg]
src\fastapi_easy\security\decorators.py:114: error: Missing type parameters for generic type "dict"  [type-arg]
src\fastapi_easy\security\decorators.py:132: error: Function is missing a return type annotation  [no-untyped-def]
src\fastapi_easy\security\decorators.py:142: error: Missing type parameters for generic type "dict"  [type-arg]
src\fastapi_easy\security\decorators.py:165: error: Function is missing a return type annotation  [no-untyped-def]
src\fastapi_easy\security\decorators.py:176: error: Missing type parameters for generic type "dict"  [type-arg]
src\fastapi_easy\security\decorators.py:177: error: Missing type parameters for generic type "dict"  [type-arg]
src\fastapi_easy\security\decorators.py:200: error: Function is missing a return type annotation  [no-untyped-def]
src\fastapi_easy\security\decorators.py:211: error: Missing type parameters for generic type "dict"  [type-arg]
src\fastapi_easy\security\decorators.py:212: error: Missing type parameters for generic type "dict"  [type-arg]
src\fastapi_easy\security\decorators.py:235: error: Function is missing a return type annotation  [no-untyped-def]
src\fastapi_easy\security\decorators.py:246: error: Missing type parameters for generic type "dict"  [type-arg]
src\fastapi_easy\security\decorators.py:247: error: Missing type parameters for generic type "dict"  [type-arg]
src\fastapi_easy\security\middleware\security_middleware.py:30: error: Function is missing a type annotation for one or more arguments  [no-untyped-def]
src\fastapi_easy\security\middleware\security_middleware.py:85: error: Function is missing a type annotation for one or more arguments  [no-untyped-def]
src\fastapi_easy\security\middleware\security_middleware.py:134: error: Function is missing a type annotation for one or more arguments  [no-untyped-def]
src\fastapi_easy\security\middleware\security_middleware.py:151: error: Returning Any from function declared to return "Response"  [no-any-return]
src\fastapi_easy\security\middleware\security_middleware.py:249: error: Unexpected keyword argument "client_identifier" for "verify_token" of "JWTAuth"  [call-arg]
src\fastapi_easy\security\core\jwt_auth.py:130: note: "verify_token" of "JWTAuth" defined here
src\fastapi_easy\security\middleware\security_middleware.py:298: error: Function is missing a type annotation  [no-untyped-def]
src\fastapi_easy\security\audit\security_logger.py:77: error: Missing type parameters for generic type "list"  [type-arg]
src\fastapi_easy\security\audit\security_logger.py:145: error: Function is missing a type annotation  [no-untyped-def]
src\fastapi_easy\security\audit\security_logger.py:179: error: Statement is unreachable  [unreachable]
src\fastapi_easy\security\audit\security_logger.py:187: error: Incompatible types in assignment (expression has type "dict[str, Any]", target has type "str")  [assignment]
src\fastapi_easy\security\audit\security_logger.py:189: error: Incompatible types in assignment (expression has type "list[Union[dict[str, Any], Any]]", target has type "str")  [assignment]
src\fastapi_easy\security\audit\security_logger.py:246: error: Incompatible types in assignment (expression has type "dict[str, Any]", target has type "Union[str, int, None]")  [assignment]
src\fastapi_easy\security\audit\security_logger.py:282: error: Incompatible types in assignment (expression has type "str", target has type "bool")  [assignment]
src\fastapi_easy\security\audit\security_logger.py:366: error: Incompatible types in assignment (expression has type "dict[str, Any]", target has type "str")  [assignment]
src\fastapi_easy\security\audit\security_logger.py:482: error: Incompatible types in assignment (expression has type "int", target has type "Union[bool, str, None]")  [assignment]
src\fastapi_easy\security\audit\security_logger.py:521: error: "object" has no attribute "append"  [attr-defined]
src\fastapi_easy\security\audit\security_logger.py:522: error: Unsupported target for indexed assignment ("object")  [index]
src\fastapi_easy\security\audit\security_logger.py:529: error: "object" has no attribute "append"  [attr-defined]
src\fastapi_easy\security\audit\security_logger.py:530: error: Unsupported target for indexed assignment ("object")  [index]
src\fastapi_easy\security\audit\security_logger.py:542: error: "object" has no attribute "append"  [attr-defined]
src\fastapi_easy\security\audit\security_logger.py:543: error: Unsupported target for indexed assignment ("object")  [index]
src\fastapi_easy\security\audit\security_logger.py:549: error: "object" has no attribute "append"  [attr-defined]
src\fastapi_easy\security\audit\security_logger.py:550: error: Unsupported target for indexed assignment ("object")  [index]
src\fastapi_easy\security\audit\security_logger.py:663: error: Function is missing a type annotation for one or more arguments  [no-untyped-def]
src\fastapi_easy\security\audit\security_logger.py:668: error: Function is missing a type annotation for one or more arguments  [no-untyped-def]
src\fastapi_easy\security\audit\security_logger.py:673: error: Function is missing a type annotation for one or more arguments  [no-untyped-def]
src\fastapi_easy\middleware\exception_handler.py:21: error: Module "fastapi_easy.core.exceptions" has no attribute "BaseException"; maybe "DatabaseException"?  [attr-defined]
src\fastapi_easy\middleware\exception_handler.py:21: error: Module "fastapi_easy.core.exceptions" has no attribute "exception_registry"  [attr-defined]
src\fastapi_easy\middleware\exception_handler.py:64: error: Missing type parameters for generic type "Callable"  [type-arg]
src\fastapi_easy\middleware\exception_handler.py:82: error: Returning Any from function declared to return "Response"  [no-any-return]
src\fastapi_easy\middleware\exception_handler.py:213: error: Function is missing a return type annotation  [no-untyped-def]
src\fastapi_easy\middleware\exception_handler.py:286: error: Missing type parameters for generic type "Callable"  [type-arg]
src\fastapi_easy\middleware\exception_handler.py:308: error: Call to untyped function "_reset" in typed context  [no-untyped-call]
src\fastapi_easy\middleware\exception_handler.py:310: error: Returning Any from function declared to return "Response"  [no-any-return]
src\fastapi_easy\middleware\exception_handler.py:312: error: Exception type must be derived from BaseException (or be a tuple of exception classes)  [misc]
src\fastapi_easy\middleware\exception_handler.py:313: error: Call to untyped function "_record_failure" in typed context  [no-untyped-call]
src\fastapi_easy\middleware\exception_handler.py:321: error: Statement is unreachable  [unreachable]
src\fastapi_easy\middleware\exception_handler.py:323: error: Function is missing a return type annotation  [no-untyped-def]
src\fastapi_easy\middleware\exception_handler.py:323: note: Use "-> None" if function does not return a value
src\fastapi_easy\middleware\exception_handler.py:326: error: Incompatible types in assignment (expression has type "float", variable has type "None")  [assignment]
src\fastapi_easy\middleware\exception_handler.py:331: error: Function is missing a return type annotation  [no-untyped-def]
src\fastapi_easy\middleware\exception_handler.py:331: note: Use "-> None" if function does not return a value
src\fastapi_easy\middleware\csrf.py:53: error: Function is missing a return type annotation  [no-untyped-def]
src\fastapi_easy\middleware\csrf.py:53: error: Function is missing a type annotation for one or more arguments  [no-untyped-def]
src\fastapi_easy\middleware\csrf.py:69: error: Function is missing a return type annotation  [no-untyped-def]
src\fastapi_easy\middleware\csrf.py:80: error: Argument "samesite" to "set_cookie" of "Response" has incompatible type "str"; expected "Optional[Literal['lax', 'strict', 'none']]"  [arg-type]
src\fastapi_easy\middleware\csrf.py:84: error: Function is missing a return type annotation  [no-untyped-def]
src\fastapi_easy\integrations\fastapi_optimization.py:55: error: Need type annotation for "monitors" (hint: "monitors: dict[<type>, <type>] = ...")  [var-annotated]
src\fastapi_easy\integrations\fastapi_optimization.py:65: error: Function is missing a type annotation  [no-untyped-def]
src\fastapi_easy\integrations\fastapi_optimization.py:86: error: Function is missing a return type annotation  [no-untyped-def]
src\fastapi_easy\integrations\fastapi_optimization.py:96: error: Unsupported target for indexed assignment ("Collection[str]")  [index]
src\fastapi_easy\core\optimized_errors.py:136: error: Incompatible types in assignment (expression has type "dict[str, Any]", target has type "str")  [assignment]
src\fastapi_easy\core\optimized_errors.py:150: error: Name "ValidationError" already defined (possibly by an import)  [no-redef]
src\fastapi_easy\core\optimized_errors.py:153: error: Function is missing a type annotation for one or more arguments  [no-untyped-def]
src\fastapi_easy\core\optimized_errors.py:169: error: Function is missing a type annotation for one or more arguments  [no-untyped-def]
src\fastapi_easy\core\optimized_errors.py:195: error: Function is missing a type annotation for one or more arguments  [no-untyped-def]
src\fastapi_easy\core\optimized_errors.py:211: error: Function is missing a type annotation for one or more arguments  [no-untyped-def]
src\fastapi_easy\core\optimized_errors.py:230: error: Function is missing a type annotation for one or more arguments  [no-untyped-def]
src\fastapi_easy\core\optimized_errors.py:253: error: Function is missing a type annotation for one or more arguments  [no-untyped-def]
src\fastapi_easy\core\optimized_errors.py:282: error: Function is missing a type annotation for one or more arguments  [no-untyped-def]
src\fastapi_easy\core\optimized_errors.py:308: error: Function is missing a type annotation for one or more arguments  [no-untyped-def]
src\fastapi_easy\core\optimized_errors.py:390: error: Missing type parameters for generic type "Callable"  [type-arg]
src\fastapi_easy\core\optimized_errors.py:397: error: Missing type parameters for generic type "Callable"  [type-arg]
src\fastapi_easy\core\optimized_errors.py:405: error: Returning Any from function declared to return "Response"  [no-any-return]
src\fastapi_easy\core\optimized_errors.py:419: error: Unexpected keyword argument "message" for "ValidationError"  [call-arg]
src\fastapi_easy\core\optimized_errors.py:487: error: Missing type parameters for generic type "Callable"  [type-arg]
src\fastapi_easy\core\optimized_errors.py:563: error: Missing type parameters for generic type "Callable"  [type-arg]
C:\Users\13397\AppData\Roaming\Python\Python313\site-packages\mypy\typeshed\stdlib\builtins.pyi: note: "ValidationError" defined here
src\fastapi_easy\core\optimized_errors.py:419: error: Unexpected keyword argument "details" for "ValidationError"  [call-arg]
src\fastapi_easy\core\optimized_errors.py:422: error: "ValidationError" has no attribute "context"  [attr-defined]
src\fastapi_easy\core\optimized_errors.py:423: error: Argument 1 to "report_error" of "ErrorReporter" has incompatible type "ValidationError"; expected "BaseError"  [arg-type]
src\fastapi_easy\core\optimized_errors.py:424: error: Argument 1 to "_create_error_response" of "ErrorHandlerMiddleware" has incompatible type "ValidationError"; expected "BaseError"  [arg-type]
src\fastapi_easy\core\optimized_errors.py:428: error: Incompatible types in assignment (expression has type "BaseError", variable has type "ValidationError")  [assignment]
src\fastapi_easy\core\optimized_errors.py:435: error: "ValidationError" has no attribute "context"  [attr-defined]
src\fastapi_easy\core\optimized_errors.py:436: error: "ValidationError" has no attribute "context"  [attr-defined]
src\fastapi_easy\core\optimized_errors.py:437: error: Argument 1 to "report_error" of "ErrorReporter" has incompatible type "ValidationError"; expected "BaseError"  [arg-type]
src\fastapi_easy\core\optimized_errors.py:438: error: Argument 1 to "_create_error_response" of "ErrorHandlerMiddleware" has incompatible type "ValidationError"; expected "BaseError"  [arg-type]
src\fastapi_easy\core\optimized_errors.py:463: error: "ErrorContext" has no attribute "update_from_request"  [attr-defined]
src\fastapi_easy\core\optimized_errors.py:490: error: Function is missing a type annotation for one or more arguments  [no-untyped-def]
src\fastapi_easy\core\optimized_errors.py:536: error: Unexpected keyword argument "message" for "ValidationError"  [call-arg]
src\fastapi_easy\core\optimized_errors.py:536: error: Unexpected keyword argument "details" for "ValidationError"  [call-arg]
src\fastapi_easy\core\optimized_errors.py:562: error: Function is missing a type annotation for one or more arguments  [no-untyped-def]
src\fastapi_easy\core\optimized_errors.py:579: error: Function is missing a return type annotation  [no-untyped-def]
src\fastapi_easy\core\optimized_errors.py:596: error: Function is missing a type annotation for one or more arguments  [no-untyped-def]
src\fastapi_easy\core\optimized_errors.py:606: error: "type[ErrorContext]" has no attribute "update_from_request"  [attr-defined]
src\fastapi_easy\core\optimized_crud_router.py:105: error: Missing type parameters for generic type "Type"  [type-arg]
src\fastapi_easy\core\optimized_crud_router.py:157: error: Argument "tags" to "__init__" of "APIRouter" has incompatible type "list[str]"; expected "Optional[list[Union[str, Enum]]]"  [arg-type]
src\fastapi_easy\core\optimized_crud_router.py:157: note: "list" is invariant -- see https://mypy.readthedocs.io/en/stable/common_issues.html#variance
src\fastapi_easy\core\optimized_crud_router.py:157: note: Consider using "Sequence" instead, which is covariant
src\fastapi_easy\core\optimized_crud_router.py:164: error: Returning Any from function declared to return "type[BaseModel]"  [no-any-return]
src\fastapi_easy\core\optimized_crud_router.py:164: error: No overload variant of "create_model" matches argument types "str", "dict[str, tuple[Optional[type[Any]], None]]"  [call-overload]
src\fastapi_easy\core\optimized_crud_router.py:164: note: Possible overload variants:
src\fastapi_easy\core\optimized_crud_router.py:164: note:     def create_model(str, /, *, __config__: Optional[ConfigDict] = ..., __doc__: Optional[str] = ..., __base__: None = ..., __module__: str = ..., __validators__: Optional[dict[str, Callable[..., Any]]] = ..., __cls_kwargs__: Optional[dict[str, Any]] = ..., **field_definitions: Union[Any, tuple[str, Any]]) -> type[BaseModel]
src\fastapi_easy\core\optimized_crud_router.py:164: note:     def [ModelT: BaseModel] create_model(str, /, *, __config__: Optional[ConfigDict] = ..., __doc__: Optional[str] = ..., __base__: Union[type[ModelT], tuple[type[ModelT], ...]], __module__: str = ..., __validators__: Optional[dict[str, Callable[..., Any]]] = ..., __cls_kwargs__: Optional[dict[str, Any]] = ..., **field_definitions: Union[Any, tuple[str, Any]]) -> type[ModelT]
src\fastapi_easy\core\optimized_crud_router.py:167: error: "FieldInfo" has no attribute "kwargs"  [attr-defined]
src\fastapi_easy\core\optimized_crud_router.py:201: error: Argument 1 to "monitor_performance" has incompatible type "Callable[[OptimizedCRUDRouter, QueryParams, AsyncSession, int, Optional[int]], Coroutine[Any, Any, tuple[list[T], int]]]"; expected "PerformanceMetrics"  [arg-type]
src\fastapi_easy\core\optimized_crud_router.py:218: error: Need type annotation for "base_query"  [var-annotated]
src\fastapi_easy\core\optimized_crud_router.py:232: error: Argument 2 to "_apply_sorting" of "OptimizedCRUDRouter" has incompatible type "dict[str, Literal['asc', 'desc']]"; expected "dict[str, str]"  [arg-type]
src\fastapi_easy\core\optimized_crud_router.py:232: note: "dict" is invariant -- see https://mypy.readthedocs.io/en/stable/common_issues.html#variance
src\fastapi_easy\core\optimized_crud_router.py:232: note: Consider using "Mapping" instead, which is covariant in the value type
src\fastapi_easy\core\optimized_crud_router.py:235: error: Need type annotation for "count_query"  [var-annotated]
src\fastapi_easy\core\optimized_crud_router.py:245: error: Missing type parameters for generic type "Select"  [type-arg]
src\fastapi_easy\core\optimized_crud_router.py:285: error: Missing type parameters for generic type "Select"  [type-arg]
src\fastapi_easy\core\optimized_crud_router.py:298: error: Missing type parameters for generic type "Select"  [type-arg]
src\fastapi_easy\core\optimized_crud_router.py:317: error: Function is missing a return type annotation  [no-untyped-def]
src\fastapi_easy\core\optimized_crud_router.py:341: error: Value expression in dictionary comprehension has incompatible type "str"; expected type "Literal['asc', 'desc']"  [misc]
src\fastapi_easy\core\optimized_crud_router.py:400: error: Function is missing a return type annotation  [no-untyped-def]
src\fastapi_easy\core\optimized_crud_router.py:402: error: Name "self.id_type" is not defined  [name-defined]
src\fastapi_easy\core\optimized_crud_router.py:415: error: Need type annotation for "query"  [var-annotated]
src\fastapi_easy\core\optimized_crud_router.py:449: error: Function is missing a return type annotation  [no-untyped-def]
src\fastapi_easy\core\optimized_crud_router.py:451: error: Name "self.create_schema" is not defined  [name-defined]
src\fastapi_easy\core\optimized_crud_router.py:465: error: "QueryCache" has no attribute "invalidate_pattern"  [attr-defined]
src\fastapi_easy\core\optimized_crud_router.py:494: error: Function is missing a return type annotation  [no-untyped-def]
src\fastapi_easy\core\optimized_crud_router.py:496: error: Name "self.id_type" is not defined  [name-defined]
src\fastapi_easy\core\optimized_crud_router.py:497: error: Name "self.update_schema" is not defined  [name-defined]
src\fastapi_easy\core\optimized_crud_router.py:504: error: Need type annotation for "query"  [var-annotated]
src\fastapi_easy\core\optimized_crud_router.py:529: error: "QueryCache" has no attribute "invalidate_pattern"  [attr-defined]
src\fastapi_easy\core\optimized_crud_router.py:530: error: "QueryCache" has no attribute "invalidate_pattern"  [attr-defined]
src\fastapi_easy\core\optimized_crud_router.py:554: error: Function is missing a return type annotation  [no-untyped-def]
src\fastapi_easy\core\optimized_crud_router.py:556: error: Name "self.id_type" is not defined  [name-defined]
src\fastapi_easy\core\optimized_crud_router.py:564: error: Need type annotation for "query"  [var-annotated]
src\fastapi_easy\core\optimized_crud_router.py:591: error: "QueryCache" has no attribute "invalidate_pattern"  [attr-defined]
src\fastapi_easy\core\optimized_crud_router.py:592: error: "QueryCache" has no attribute "invalidate_pattern"  [attr-defined]
src\fastapi_easy\core\optimized_crud_router.py:617: error: Name "self.create_schema" is not defined  [name-defined]
src\fastapi_easy\core\optimized_crud_router.py:623: error: Name "self.id_type" is not defined  [name-defined]
src\fastapi_easy\core\optimized_crud_router.py:626: error: Function is missing a return type annotation  [no-untyped-def]
src\fastapi_easy\core\optimized_crud_router.py:655: error: "QueryCache" has no attribute "invalidate_pattern"  [attr-defined]
src\fastapi_easy\core\optimized_crud_router.py:664: error: Incompatible types in assignment (expression has type "list[dict[str, object]]", target has type "list[BaseModel]")  [assignment]
src\fastapi_easy\core\optimized_crud_router.py:673: error: Function is missing a return type annotation  [no-untyped-def]
src\fastapi_easy\core\optimized_crud_router.py:692: error: Need type annotation for "query"  [var-annotated]
src\fastapi_easy\core\optimized_crud_router.py:726: error: "QueryCache" has no attribute "invalidate_pattern"  [attr-defined]
src\fastapi_easy\core\optimized_crud_router.py:735: error: Incompatible types in assignment (expression has type "list[dict[str, object]]", target has type "list[BaseModel]")  [assignment]
src\fastapi_easy\core\optimized_crud_router.py:744: error: Function is missing a return type annotation  [no-untyped-def]
src\fastapi_easy\core\optimized_crud_router.py:757: error: Need type annotation for "query"  [var-annotated]
src\fastapi_easy\core\optimized_crud_router.py:792: error: "QueryCache" has no attribute "invalidate_pattern"  [attr-defined]
src\fastapi_easy\core\optimized_crud_router.py:837: error: Function is missing a return type annotation  [no-untyped-def]
src\fastapi_easy\core\optimized_crud_router.py:857: error: Need type annotation for "base_query"  [var-annotated]
src\fastapi_easy\core\optimized_crud_router.py:887: error: Need type annotation for "count_query"  [var-annotated]
src\fastapi_easy\core\optimized_crud_router.py:891: error: Incompatible types in assignment (expression has type "Select[Any]", variable has type "str")  [assignment]
src\fastapi_easy\core\optimized_crud_router.py:892: error: No overload variant of "execute" of "AsyncSession" matches argument type "str"  [call-overload]
src\fastapi_easy\core\optimized_crud_router.py:892: note: Possible overload variants:
src\fastapi_easy\core\optimized_crud_router.py:892: note:     def [_T: Any] execute(self, statement: TypedReturnsRows[_T], params: Union[Sequence[Mapping[str, Any]], Mapping[str, Any], None] = ..., *, execution_options: Union[_OrmKnownExecutionOptions, Mapping[str, Any]] = ..., bind_arguments: Optional[dict[str, Any]] = ..., _parent_execute_state: Optional[Any] = ..., _add_event: Optional[Any] = ...) -> Coroutine[Any, Any, Result[_T]]
src\fastapi_easy\core\optimized_crud_router.py:892: note:     def execute(self, statement: UpdateBase, params: Optional[Union[Sequence[Mapping[str, Any]], Mapping[str, Any]]] = ..., *, execution_options: Union[_OrmKnownExecutionOptions, Mapping[str, Any]] = ..., bind_arguments: Optional[dict[str, Any]] = ..., _parent_execute_state: Optional[Any] = ..., _add_event: Optional[Any] = ...) -> Coroutine[Any, Any, CursorResult[Any]]
src\fastapi_easy\core\optimized_crud_router.py:892: note:     def execute(self, statement: Executable, params: Optional[Union[Sequence[Mapping[str, Any]], Mapping[str, Any]]] = ..., *, execution_options: Union[_OrmKnownExecutionOptions, Mapping[str, Any]] = ..., bind_arguments: Optional[dict[str, Any]] = ..., _parent_execute_state: Optional[Any] = ..., _add_event: Optional[Any] = ...) -> Coroutine[Any, Any, Result[Any]]
src\fastapi_easy\core\optimized_crud_router.py:923: error: Function is missing a return type annotation  [no-untyped-def]
src\fastapi_easy\core\optimized_crud_router.py:962: error: Need type annotation for "base_query"  [var-annotated]
src\fastapi_easy\core\optimized_crud_router.py:977: error: Incompatible types in assignment (expression has type "sum[Any]", variable has type "count")  [assignment]
src\fastapi_easy\core\optimized_crud_router.py:982: error: Incompatible types in assignment (expression has type "Function[Any]", variable has type "count")  [assignment]
src\fastapi_easy\core\optimized_crud_router.py:987: error: Incompatible types in assignment (expression has type "min[Any]", variable has type "count")  [assignment]
src\fastapi_easy\core\optimized_crud_router.py:992: error: Incompatible types in assignment (expression has type "max[Any]", variable has type "count")  [assignment]
src\fastapi_easy\core\optimized_crud_router.py:994: error: Need type annotation for "query"  [var-annotated]
src\fastapi_easy\core\optimized_crud_router.py:994: error: Argument 1 to "select_from" of "Select" has incompatible type "Select[Any]"; expected "Union[FromClauseRole, type[Any], Inspectable[_HasClauseElement[Any]], _HasClauseElement[Any]]"  [arg-type]
src\fastapi_easy\core\optimized_crud_router.py:1024: error: Function is missing a return type annotation  [no-untyped-def]
src\fastapi_easy\core\optimized_crud_router.py:1041: error: Need type annotation for "base_query"  [var-annotated]
src\fastapi_easy\core\optimized_crud_router.py:1049: error: Need type annotation for "count_query"  [var-annotated]
src\fastapi_easy\core\crud_router.py:39: error: Missing type parameters for generic type "Type"  [type-arg]
src\fastapi_easy\core\crud_router.py:78: error: Call to untyped function "HookRegistry" in typed context  [no-untyped-call]
src\fastapi_easy\core\crud_router.py:89: error: Argument "tags" to "__init__" of "APIRouter" has incompatible type "list[str]"; expected "Optional[list[Union[str, Enum]]]"  [arg-type]
src\fastapi_easy\core\crud_router.py:89: note: "list" is invariant -- see https://mypy.readthedocs.io/en/stable/common_issues.html#variance
src\fastapi_easy\core\crud_router.py:89: note: Consider using "Sequence" instead, which is covariant
src\fastapi_easy\core\crud_router.py:103: error: Incompatible default for argument "operation" (default has type "None", argument has type "str")  [assignment]
src\fastapi_easy\core\crud_router.py:103: note: PEP 484 prohibits implicit Optional. Accordingly, mypy has changed its default to no_implicit_optional=True
src\fastapi_easy\core\crud_router.py:103: note: Use https://github.com/hauntsaninja/no_implicit_optional to automatically upgrade your codebase
src\fastapi_easy\core\crud_router.py:127: error: Unexpected keyword argument "details_field" for "FastAPIEasyException"  [call-arg]
src\fastapi_easy\core\exceptions\base.py: note: "FastAPIEasyException" defined here
src\fastapi_easy\core\crud_router.py:127: error: Unexpected keyword argument "value" for "FastAPIEasyException"  [call-arg]
src\fastapi_easy\core\crud_router.py:174: error: Statement is unreachable  [unreachable]
src\fastapi_easy\core\crud_router.py:176: error: Statement is unreachable  [unreachable]
src\fastapi_easy\core\crud_router.py:257: error: Unexpected keyword argument "resource" for "FastAPIEasyException"  [call-arg]
src\fastapi_easy\core\crud_router.py:257: error: Unexpected keyword argument "identifier" for "FastAPIEasyException"  [call-arg]
src\fastapi_easy\core\crud_router.py:548: error: Statement is unreachable  [unreachable]
src\fastapi_easy\core\crud_router.py:550: error: Statement is unreachable  [unreachable]
src\fastapi_easy\core\exceptions\formatters.py:109: error: Statement is unreachable  [unreachable]
src\fastapi_easy\core\exceptions\formatters.py:193: error: Incompatible types in assignment (expression has type "dict[str, str]", target has type "str")  [assignment]
src\fastapi_easy\core\exceptions\formatters.py:278: error: Argument "headers" to "JSONResponse" has incompatible type "dict[str, Optional[str]]"; expected "Optional[Mapping[str, str]]"  [arg-type]
src\fastapi_easy\core\exceptions\formatters.py:295: error: Returning Any from function declared to return "str"  [no-any-return]
src\fastapi_easy\core\exceptions\formatters.py:295: error: No overload variant of "get" of "dict" matches argument types "str", "str"  [call-overload]
src\fastapi_easy\core\exceptions\formatters.py:295: note: Possible overload variants:
src\fastapi_easy\core\exceptions\formatters.py:295: note:     def get(self, ErrorCode, None = ..., /) -> Optional[str]
src\fastapi_easy\core\exceptions\formatters.py:295: note:     def get(self, ErrorCode, str, /) -> str
src\fastapi_easy\core\exceptions\formatters.py:295: note:     def [_T] get(self, ErrorCode, _T, /) -> Union[str, _T]
src\fastapi_easy\core\exceptions\formatters.py:337: error: Returning Any from function declared to return "str"  [no-any-return]
src\fastapi_easy\core\exceptions\formatters.py:337: error: No overload variant of "get" of "dict" matches argument types "str", "str"  [call-overload]
src\fastapi_easy\core\exceptions\formatters.py:337: note: Possible overload variants:
src\fastapi_easy\core\exceptions\formatters.py:337: note:     def get(self, ErrorCode, None = ..., /) -> Optional[str]
src\fastapi_easy\core\exceptions\formatters.py:337: note:     def get(self, ErrorCode, str, /) -> str
src\fastapi_easy\core\exceptions\formatters.py:337: note:     def [_T] get(self, ErrorCode, _T, /) -> Union[str, _T]
src\fastapi_easy\core\exceptions\formatters.py:378: error: Statement is unreachable  [unreachable]
src\fastapi_easy\security\crud_integration.py:25: error: Missing type parameters for generic type "dict"  [type-arg]
src\fastapi_easy\security\crud_integration.py:44: error: Function is missing a type annotation for one or more arguments  [no-untyped-def]
src\fastapi_easy\security\crud_integration.py:138: error: Returning Any from function declared to return "list[Any]"  [no-any-return]
src\fastapi_easy\security\crud_integration.py:141: error: Function is missing a type annotation for one or more arguments  [no-untyped-def]
src\fastapi_easy\crud_router_optimization.py:21: error: Function is missing a type annotation for one or more arguments  [no-untyped-def]
src\fastapi_easy\crud_router_optimization.py:23: error: Missing type parameters for generic type "Type"  [type-arg]
src\fastapi_easy\crud_router_optimization.py:64: error: Returning Any from function declared to return "Optional[dict[str, Any]]"  [no-any-return]
src\fastapi_easy\crud_router_optimization.py:77: error: Returning Any from function declared to return "int"  [no-any-return]
src\fastapi_easy\crud_router_optimization.py:89: error: Function is missing a type annotation for one or more arguments  [no-untyped-def]
src\fastapi_easy\crud_router_optimization.py:90: error: Missing type parameters for generic type "Type"  [type-arg]
src\fastapi_easy\core\factory.py:21: error: Module "fastapi_easy.core.exceptions" has no attribute "BaseException"; maybe "DatabaseException"?  [attr-defined]
src\fastapi_easy\core\factory.py:43: error: Missing type parameters for generic type "Type"  [type-arg]
src\fastapi_easy\core\factory.py:44: error: Missing type parameters for generic type "Callable"  [type-arg]
src\fastapi_easy\core\factory.py:104: error: Argument 1 to "SQLAlchemyAdapter" has incompatible type "Optional[Any]"; expected "type[DeclarativeBase]"  [arg-type]
src\fastapi_easy\core\factory.py:104: error: Argument 2 to "SQLAlchemyAdapter" has incompatible type "Optional[Any]"; expected "Callable[..., Any]"  [arg-type]
src\fastapi_easy\core\factory.py:124: error: Argument "app" to "ExceptionHandlingMiddleware" has incompatible type "None"; expected "Callable[[MutableMapping[str, Any], Callable[[], Awaitable[MutableMapping[str, Any]]], Callable[[MutableMapping[str, Any]], Awaitable[None]]], Awaitable[None]]"  [arg-type]
src\fastapi_easy\core\factory.py:132: error: Argument "app" to "CircuitBreakerMiddleware" has incompatible type "None"; expected "Callable[[MutableMapping[str, Any], Callable[[], Awaitable[MutableMapping[str, Any]]], Callable[[MutableMapping[str, Any]], Awaitable[None]]], Awaitable[None]]"  [arg-type]
src\fastapi_easy\core\factory.py:152: error: Need type annotation for "dependencies" (hint: "dependencies: dict[<type>, <type>] = ...")  [var-annotated]
src\fastapi_easy\core\factory.py:154: error: Argument 1 to "resolve" of "DIContainer" has incompatible type "str"; expected "type[Never]"  [arg-type]
src\fastapi_easy\core\factory.py:164: error: Function is missing a return type annotation  [no-untyped-def]
src\fastapi_easy\core\factory.py:164: note: Use "-> None" if function does not return a value
src\fastapi_easy\core\factory.py:173: error: Function is missing a return type annotation  [no-untyped-def]
src\fastapi_easy\core\factory.py:177: error: Function is missing a return type annotation  [no-untyped-def]
src\fastapi_easy\core\factory.py:217: error: Call to untyped function "DIContainer" in typed context  [no-untyped-call]
src\fastapi_easy\core\factory.py:218: error: Call to untyped function "ComponentRegistry" in typed context  [no-untyped-call]
src\fastapi_easy\core\factory.py:222: error: Call to untyped function "_register_base_services" in typed context  [no-untyped-call]
src\fastapi_easy\core\factory.py:224: error: Function is missing a return type annotation  [no-untyped-def]
src\fastapi_easy\core\factory.py:224: note: Use "-> None" if function does not return a value
src\fastapi_easy\core\factory.py:232: error: Function is missing a type annotation for one or more arguments  [no-untyped-def]
src\fastapi_easy\core\factory.py:264: error: Function is missing a return type annotation  [no-untyped-def]
src\fastapi_easy\core\factory.py:270: error: Function is missing a return type annotation  [no-untyped-def]
src\fastapi_easy\core\factory.py:279: error: Function is missing a return type annotation  [no-untyped-def]
src\fastapi_easy\core\factory.py:283: error: Function is missing a return type annotation  [no-untyped-def]
src\fastapi_easy\core\factory.py:283: error: Function is missing a type annotation for one or more arguments  [no-untyped-def]
src\fastapi_easy\core\factory.py:288: error: Function is missing a type annotation for one or more arguments  [no-untyped-def]
src\fastapi_easy\core\factory.py:309: error: Function is missing a type annotation for one or more arguments  [no-untyped-def]
src\fastapi_easy\core\factory.py:312: error: Missing type parameters for generic type "Type"  [type-arg]
src\fastapi_easy\core\factory.py:313: error: Missing type parameters for generic type "Callable"  [type-arg]
src\fastapi_easy\core\factory.py:332: error: Function is missing a type annotation for one or more arguments  [no-untyped-def]
src\fastapi_easy\core\factory.py:343: error: Function is missing a return type annotation  [no-untyped-def]
src\fastapi_easy\core\factory.py:368: error: Function is missing a type annotation for one or more arguments  [no-untyped-def]
src\fastapi_easy\__init__.py:20: error: Module "fastapi_easy.backends" does not explicitly export attribute "SQLAlchemyAdapter"  [attr-defined]
src\fastapi_easy\__init__.py:30: error: Module "fastapi_easy.backends" does not explicitly export attribute "TortoiseAdapter"  [attr-defined]
src\fastapi_easy\__init__.py:38: error: Module "fastapi_easy.backends" does not explicitly export attribute "SQLModelAdapter"  [attr-defined]
src\fastapi_easy\__init__.py:46: error: Module "fastapi_easy.backends" does not explicitly export attribute "MongoAdapter"  [attr-defined]
src\fastapi_easy\core\exceptions\handlers.py:65: error: Missing type parameters for generic type "Callable"  [type-arg]
src\fastapi_easy\core\exceptions\handlers.py:66: error: Missing type parameters for generic type "tuple"  [type-arg]
src\fastapi_easy\core\exceptions\handlers.py:67: error: Missing type parameters for generic type "dict"  [type-arg]
src\fastapi_easy\core\exceptions\handlers.py:114: error: Missing type parameters for generic type "Callable"  [type-arg]
src\fastapi_easy\core\exceptions\handlers.py:120: error: Function is missing a return type annotation  [no-untyped-def]
src\fastapi_easy\core\exceptions\handlers.py:128: error: Function is missing a return type annotation  [no-untyped-def]
src\fastapi_easy\core\exceptions\handlers.py:136: error: Function is missing a return type annotation  [no-untyped-def]
src\fastapi_easy\core\exceptions\handlers.py:387: error: Function is missing a return type annotation  [no-untyped-def]
src\fastapi_easy\core\exceptions\handlers.py:403: error: Function is missing a return type annotation  [no-untyped-def]
src\fastapi_easy\core\exceptions\handlers.py:417: error: Function is missing a return type annotation  [no-untyped-def]
src\fastapi_easy\core\exceptions\handlers.py:447: error: Function is missing a return type annotation  [no-untyped-def]
src\fastapi_easy\core\exceptions\handlers.py:447: note: Use "-> None" if function does not return a value
src\fastapi_easy\core\exceptions\handlers.py:454: error: Function is missing a return type annotation  [no-untyped-def]
src\fastapi_easy\core\exceptions\handlers.py:472: error: Function is missing a type annotation for one or more arguments  [no-untyped-def]
src\fastapi_easy\core\exceptions\handlers.py:482: error: Returning Any from function declared to return "T"  [no-any-return]
src\fastapi_easy\core\exceptions\handlers.py:484: error: Returning Any from function declared to return "T"  [no-any-return]
src\fastapi_easy\core\exceptions\handlers.py:491: error: Function is missing a return type annotation  [no-untyped-def]
src\fastapi_easy\core\exceptions\handlers.py:509: error: Function is missing a type annotation for one or more arguments  [no-untyped-def]
src\fastapi_easy\core\exceptions\handlers.py:519: error: Returning Any from function declared to return "T"  [no-any-return]
src\fastapi_easy\core\exceptions\handlers.py:521: error: Returning Any from function declared to return "T"  [no-any-return]
src\fastapi_easy\core\exceptions\handlers.py:529: error: Function is missing a return type annotation  [no-untyped-def]
src\fastapi_easy\core\exceptions\middleware.py:32: error: Function is missing a type annotation for one or more arguments  [no-untyped-def]
src\fastapi_easy\core\exceptions\middleware.py:43: error: Missing type parameters for generic type "Callable"  [type-arg]
src\fastapi_easy\core\exceptions\middleware.py:74: error: Missing type parameters for generic type "Callable"  [type-arg]
src\fastapi_easy\core\exceptions\middleware.py:87: error: Returning Any from function declared to return "Response"  [no-any-return]
src\fastapi_easy\core\exceptions\middleware.py:94: error: Returning Any from function declared to return "Response"  [no-any-return]
src\fastapi_easy\core\exceptions\middleware.py:196: error: Function is missing a return type annotation  [no-untyped-def]
src\fastapi_easy\core\exceptions\middleware.py:229: error: Name "asyncio" is not defined  [name-defined]
src\fastapi_easy\core\exceptions\middleware.py:273: error: Function is missing a type annotation for one or more arguments  [no-untyped-def]
src\fastapi_easy\core\exceptions\middleware.py:328: error: Function is missing a return type annotation  [no-untyped-def]
src\fastapi_easy\core\exceptions\middleware.py:353: error: Function is missing a type annotation for one or more arguments  [no-untyped-def]
src\fastapi_easy\core\exceptions\middleware.py:357: error: Missing type parameters for generic type "Callable"  [type-arg]
src\fastapi_easy\core\exceptions\middleware.py:379: error: Missing type parameters for generic type "Callable"  [type-arg]
src\fastapi_easy\core\exceptions\middleware.py:386: error: Call to untyped function "_record_error" in typed context  [no-untyped-call]
src\fastapi_easy\core\exceptions\middleware.py:389: error: Call to untyped function "_check_alert_threshold" in typed context  [no-untyped-call]
src\fastapi_easy\core\exceptions\middleware.py:394: error: Call to untyped function "_record_error" in typed context  [no-untyped-call]
src\fastapi_easy\core\exceptions\middleware.py:395: error: Call to untyped function "_check_alert_threshold" in typed context  [no-untyped-call]
src\fastapi_easy\core\exceptions\middleware.py:398: error: Function is missing a return type annotation  [no-untyped-def]
src\fastapi_easy\core\exceptions\middleware.py:398: note: Use "-> None" if function does not return a value
src\fastapi_easy\core\exceptions\middleware.py:409: error: Function is missing a return type annotation  [no-untyped-def]
src\fastapi_easy\core\exceptions\middleware.py:409: note: Use "-> None" if function does not return a value
src\fastapi_easy\core\exceptions\middleware.py:412: error: Call to untyped function "_trigger_alert" in typed context  [no-untyped-call]
src\fastapi_easy\core\exceptions\middleware.py:414: error: Function is missing a return type annotation  [no-untyped-def]
src\fastapi_easy\core\exceptions\middleware.py:414: note: Use "-> None" if function does not return a value
src\fastapi_easy\core\exceptions\middleware.py:441: error: Function is missing a type annotation for one or more arguments  [no-untyped-def]
src\fastapi_easy\core\exceptions\middleware.py:466: error: Incompatible types in assignment (expression has type "type[SecurityErrorMiddleware]", variable has type "type[MonitoringErrorMiddleware]")  [assignment]
src\fastapi_easy\core\exceptions\middleware.py:468: error: Incompatible types in assignment (expression has type "type[ErrorMiddleware]", variable has type "type[MonitoringErrorMiddleware]")  [assignment]
src\fastapi_easy\core\interfaces.py:178: error: Too many arguments for property  [misc]
src\fastapi_easy\core\interfaces.py:188: error: Name "Optional" is not defined  [name-defined]
src\fastapi_easy\core\interfaces.py:188: note: Did you forget to import it from "typing"? (Suggestion: "from typing import Optional")
src\fastapi_easy\core\interfaces.py:189: error: Name "Optional" is not defined  [name-defined]
src\fastapi_easy\core\interfaces.py:189: note: Did you forget to import it from "typing"? (Suggestion: "from typing import Optional")
src\fastapi_easy\core\interfaces.py:190: error: Name "Optional" is not defined  [name-defined]
src\fastapi_easy\core\interfaces.py:190: note: Did you forget to import it from "typing"? (Suggestion: "from typing import Optional")
src\fastapi_easy\core\interfaces.py:191: error: Name "Optional" is not defined  [name-defined]
src\fastapi_easy\core\interfaces.py:191: note: Did you forget to import it from "typing"? (Suggestion: "from typing import Optional")
src\fastapi_easy\core\interfaces.py:205: error: Name "List" is not defined  [name-defined]
src\fastapi_easy\core\interfaces.py:205: note: Did you forget to import it from "typing"? (Suggestion: "from typing import List")
src\fastapi_easy\core\interfaces.py:206: error: Name "Optional" is not defined  [name-defined]
src\fastapi_easy\core\interfaces.py:206: note: Did you forget to import it from "typing"? (Suggestion: "from typing import Optional")
src\fastapi_easy\core\interfaces.py:208: error: Name "Optional" is not defined  [name-defined]
src\fastapi_easy\core\interfaces.py:208: note: Did you forget to import it from "typing"? (Suggestion: "from typing import Optional")
src\fastapi_easy\core\interfaces.py:209: error: Name "Optional" is not defined  [name-defined]
src\fastapi_easy\core\interfaces.py:209: note: Did you forget to import it from "typing"? (Suggestion: "from typing import Optional")
src\fastapi_easy\core\interfaces.py:225: error: Name "Optional" is not defined  [name-defined]
src\fastapi_easy\core\interfaces.py:225: note: Did you forget to import it from "typing"? (Suggestion: "from typing import Optional")
src\fastapi_easy\core\interfaces.py:230: error: Name "Optional" is not defined  [name-defined]
src\fastapi_easy\core\interfaces.py:230: note: Did you forget to import it from "typing"? (Suggestion: "from typing import Optional")
src\fastapi_easy\core\interfaces.py:245: error: Name "List" is not defined  [name-defined]
src\fastapi_easy\core\interfaces.py:245: note: Did you forget to import it from "typing"? (Suggestion: "from typing import List")
src\fastapi_easy\core\interfaces.py:250: error: Name "Dict" is not defined  [name-defined]
src\fastapi_easy\core\interfaces.py:250: note: Did you forget to import it from "typing"? (Suggestion: "from typing import Dict")
src\fastapi_easy\core\interfaces.py:250: error: Name "Optional" is not defined  [name-defined]
src\fastapi_easy\core\interfaces.py:250: note: Did you forget to import it from "typing"? (Suggestion: "from typing import Optional")
src\fastapi_easy\core\interfaces.py:256: error: Name "Dict" is not defined  [name-defined]
src\fastapi_easy\core\interfaces.py:256: note: Did you forget to import it from "typing"? (Suggestion: "from typing import Dict")
src\fastapi_easy\core\interfaces.py:256: error: Name "Optional" is not defined  [name-defined]
src\fastapi_easy\core\interfaces.py:256: note: Did you forget to import it from "typing"? (Suggestion: "from typing import Optional")
src\fastapi_easy\core\interfaces.py:286: error: Name "Optional" is not defined  [name-defined]
src\fastapi_easy\core\interfaces.py:286: note: Did you forget to import it from "typing"? (Suggestion: "from typing import Optional")
src\fastapi_easy\core\interfaces.py:291: error: Name "Optional" is not defined  [name-defined]
src\fastapi_easy\core\interfaces.py:291: note: Did you forget to import it from "typing"? (Suggestion: "from typing import Optional")
src\fastapi_easy\core\interfaces.py:301: error: Name "Optional" is not defined  [name-defined]
src\fastapi_easy\core\interfaces.py:301: note: Did you forget to import it from "typing"? (Suggestion: "from typing import Optional")
src\fastapi_easy\core\interfaces.py:315: error: Function is missing a type annotation for one or more arguments  [no-untyped-def]
src\fastapi_easy\core\interfaces.py:320: error: Function is missing a type annotation for one or more arguments  [no-untyped-def]
src\fastapi_easy\core\interfaces.py:363: error: Name "Dict" is not defined  [name-defined]
src\fastapi_easy\core\interfaces.py:363: note: Did you forget to import it from "typing"? (Suggestion: "from typing import Dict")
src\fastapi_easy\core\interfaces.py:368: error: Name "List" is not defined  [name-defined]
src\fastapi_easy\core\interfaces.py:368: note: Did you forget to import it from "typing"? (Suggestion: "from typing import List")
src\fastapi_easy\core\interfaces.py:377: error: Name "Type" is not defined  [name-defined]
src\fastapi_easy\core\interfaces.py:377: error: A function returning TypeVar should receive at least one argument containing the same TypeVar  [type-var]
src\fastapi_easy\core\interfaces.py:382: error: Name "List" is not defined  [name-defined]
src\fastapi_easy\core\interfaces.py:382: note: Did you forget to import it from "typing"? (Suggestion: "from typing import List")
src\fastapi_easy\core\interfaces.py:382: error: Name "Type" is not defined  [name-defined]
src\fastapi_easy\core\interfaces.py:391: error: Name "Dict" is not defined  [name-defined]
src\fastapi_easy\core\interfaces.py:391: note: Did you forget to import it from "typing"? (Suggestion: "from typing import Dict")
src\fastapi_easy\core\interfaces.py:391: error: Name "Optional" is not defined  [name-defined]
src\fastapi_easy\core\interfaces.py:391: note: Did you forget to import it from "typing"? (Suggestion: "from typing import Optional")
src\fastapi_easy\core\interfaces.py:396: error: Name "Dict" is not defined  [name-defined]
src\fastapi_easy\core\interfaces.py:396: note: Did you forget to import it from "typing"? (Suggestion: "from typing import Dict")
src\fastapi_easy\core\interfaces.py:401: error: Name "Dict" is not defined  [name-defined]
src\fastapi_easy\core\interfaces.py:401: note: Did you forget to import it from "typing"? (Suggestion: "from typing import Dict")
src\fastapi_easy\core\interfaces.py:401: error: Name "Optional" is not defined  [name-defined]
src\fastapi_easy\core\interfaces.py:401: note: Did you forget to import it from "typing"? (Suggestion: "from typing import Optional")
src\fastapi_easy\core\interfaces.py:420: error: Name "Dict" is not defined  [name-defined]
src\fastapi_easy\core\interfaces.py:420: note: Did you forget to import it from "typing"? (Suggestion: "from typing import Dict")
src\fastapi_easy\core\interfaces.py:449: error: Name "Type" is not defined  [name-defined]
src\fastapi_easy\core\interfaces.py:515: error: Name "Dict" is not defined  [name-defined]
src\fastapi_easy\core\interfaces.py:515: note: Did you forget to import it from "typing"? (Suggestion: "from typing import Dict")
src\fastapi_easy\core\interfaces.py:525: error: Name "List" is not defined  [name-defined]
src\fastapi_easy\core\interfaces.py:525: note: Did you forget to import it from "typing"? (Suggestion: "from typing import List")
src\fastapi_easy\core\interfaces.py:544: error: Name "List" is not defined  [name-defined]
src\fastapi_easy\core\interfaces.py:544: note: Did you forget to import it from "typing"? (Suggestion: "from typing import List")
src\fastapi_easy\core\interfaces.py:549: error: Name "Optional" is not defined  [name-defined]
src\fastapi_easy\core\interfaces.py:549: note: Did you forget to import it from "typing"? (Suggestion: "from typing import Optional")
src\fastapi_easy\utils\hot_reload_state.py:22: error: Incompatible types in assignment (expression has type "None", variable has type Module)  [assignment]
src\fastapi_easy\utils\hot_reload_state.py:23: error: Incompatible types in assignment (expression has type "None", variable has type Module)  [assignment]
src\fastapi_easy\utils\hot_reload_state.py:67: error: Module has no attribute "flock"  [attr-defined]
src\fastapi_easy\utils\hot_reload_state.py:67: error: Module has no attribute "LOCK_EX"  [attr-defined]
src\fastapi_easy\utils\hot_reload_state.py:83: error: Module has no attribute "flock"  [attr-defined]
src\fastapi_easy\utils\hot_reload_state.py:83: error: Module has no attribute "LOCK_UN"  [attr-defined]
src\fastapi_easy\utils\hot_reload_state.py:101: error: Function is missing a type annotation  [no-untyped-def]
src\fastapi_easy\utils\hot_reload_state.py:312: error: Function is missing a return type annotation  [no-untyped-def]
src\fastapi_easy\utils\hot_reload_state.py:435: error: Function is missing a return type annotation  [no-untyped-def]
src\fastapi_easy\utils\query_params.py:12: error: Missing type parameters for generic type "Type"  [type-arg]
src\fastapi_easy\utils\query_params.py:48: error: Missing type parameters for generic type "Callable"  [type-arg]
src\fastapi_easy\utils\query_params.py:120: error: Argument "default_factory" to "Query" has incompatible type "Union[Callable[[], Any], Callable[[dict[str, Any]], Any]]"; expected "Optional[Callable[[], Any]]"  [arg-type]
src\fastapi_easy\utils\query_params.py:147: error: "def dependency(**query_params: Any) -> BaseModel" has no attribute "__signature__"  [attr-defined]
src\fastapi_easy\utils\query_params.py:153: error: Missing type parameters for generic type "Callable"  [type-arg]
src\fastapi_easy\utils\query_params.py:216: error: Argument "default_factory" to "Query" has incompatible type "Union[Callable[[], Any], Callable[[dict[str, Any]], Any]]"; expected "Optional[Callable[[], Any]]"  [arg-type]
src\fastapi_easy\utils\query_params.py:243: error: "def query_dependency(**kwargs: Any) -> BaseModel" has no attribute "__signature__"  [attr-defined]
src\fastapi_easy\utils\query_params.py:258: error: Incompatible types in assignment (expression has type "None", variable has type "int")  [assignment]
src\fastapi_easy\utils\query_params.py:266: error: Function is missing a return type annotation  [no-untyped-def]
src\fastapi_easy\core\plugins.py:25: error: Module "fastapi_easy.core.interfaces" has no attribute "BaseException"  [attr-defined]
src\fastapi_easy\core\plugins.py:100: error: Class cannot subclass "BaseException" (has type "Any")  [misc]
src\fastapi_easy\core\plugins.py:103: error: Function is missing a type annotation for one or more arguments  [no-untyped-def]
src\fastapi_easy\core\plugins.py:219: error: Function is missing a return type annotation  [no-untyped-def]
src\fastapi_easy\core\plugins.py:236: error: Function is missing a return type annotation  [no-untyped-def]
src\fastapi_easy\core\plugins.py:261: error: Function is missing a type annotation for one or more arguments  [no-untyped-def]
src\fastapi_easy\core\plugins.py:272: error: Function is missing a return type annotation  [no-untyped-def]
src\fastapi_easy\core\plugins.py:301: error: Function is missing a return type annotation  [no-untyped-def]
src\fastapi_easy\core\plugins.py:362: error: Function is missing a return type annotation  [no-untyped-def]
src\fastapi_easy\core\plugins.py:407: error: Function is missing a return type annotation  [no-untyped-def]
Found 1546 errors in 110 files (checked 158 source files)
